TN:
SF:/projects/restricted/relMT/relmt/src/relMT/src/relmt/__init__.py
DA:1,1,1B2M2Y8AsgTpgAmY7PhCfg
LF:0
LH:0
end_of_record
TN:
SF:/projects/restricted/relMT/relmt/src/relMT/src/relmt/align.py
DA:26,1,IWWjrCeOtk8NNtrE95++2g
DA:27,1,8MKzAhQW+NlXf9GS4PY2Gw
DA:28,1,DfRgfRA6jZDCNmLv9fH5Qw
DA:29,1,EZEzNmL93PY96zsSuI0PfQ
DA:30,1,po+TCzLigE6XmLhpg7wK8w
DA:31,1,WQC88mkB8tvbRoBYmukDiQ
DA:33,1,kqAv4CRNj8TUJtZxnHA1ww
DA:34,1,8VoYFwUQMXV7Jz2ZjOlrNw
DA:35,1,kZ5d9KgMajUYs0CctLhhag
DA:38,1,RAiO8d4+QCiP7QOLxh0IXA
DA:39,1,bhZI7uh2OmRzJarhYjM27g
DA:42,1,qOErcr+hhVwjUCM+gL9TTQ
DA:51,1,LpLGLwNgXFgOGFlikiyINQ
DA:99,1,tnJLeOIAFhKBxbR8IiuLlQ
DA:100,1,jw8jx3kJQ76jw8cuWk0Z+g
DA:102,1,QdU0YpF23SQ7DJMsbv+iuA
DA:103,1,zlYUKsGyRF7HVkwv/rlR4A
DA:104,1,zqzgtJBCK4UeBChqOsj7YQ
DA:105,1,SmoB7H6t2cuFvRSm5Dzj9g
DA:108,1,JKcAVEAjg/uuk5Cqd8kxww
DA:113,1,rZ5KecnscitJrT5Fidf+XQ
DA:114,1,iDkXNCrv1rGXwcVVqRCX+g
DA:115,1,bRRqMsBJVOnigVIpr0dOAQ
DA:116,1,BpK7nKEeXRdrU/nEy7rz5A
DA:118,1,jrZveeOtLe+SRkUbC1aQmw
DA:120,1,h9nFFFeE8dNBQjw/35tGNQ
DA:121,1,NUgnQiLIXvn2TSNLbC4zPQ
DA:124,1,+pxlO0crSrKGqWH7WWmkMA
DA:180,1,tnJLeOIAFhKBxbR8IiuLlQ
DA:181,1,pTfzlQnfVZzBn+c8EzVpbA
DA:182,1,swKB+qMdalPGb/cNS5l60Q
DA:183,1,GRFdmj91x48jKGFRPxwTiQ
DA:185,1,QdU0YpF23SQ7DJMsbv+iuA
DA:186,1,cMP9knu1r5HjjWeEF1fhsw
DA:188,1,Ehz1g5+j1IH7CBo93EPdZQ
DA:190,1,MIYWSLsP8bth5fGtR+Uqyg
DA:192,1,zqzgtJBCK4UeBChqOsj7YQ
DA:193,1,VNpPqjFqdO4W7elDtAL4hw
DA:195,1,R9DuqKOEupRZ7yjWZKshIQ
DA:197,1,12OiY22OjYyb7SmhHBn80w
DA:200,1,Y9JooauIbl0QpASGHEAiPw
DA:201,1,zt5KU8D8hxgkyETnB3eC9g
DA:207,1,dcIoKApvKKDzaw9m5mp+Ew
DA:210,1,1yT6M0ZK5iJF9PP1hDdVrA
DA:213,1,+p9C5gRcFeIjeNU7/uIosg
DA:215,1,wUphyAYjlnhRTIFLUAmSKg
DA:216,1,nsoLDTnrPBbi3c2iZdVBJA
DA:217,1,6Kh8oiBnMc5lFpUhOzMkkA
DA:218,1,O/Fz00bopdR50AcWUCkeRw
DA:220,1,E51GvQ5okw3VKh03AmtgiQ
DA:221,1,4L1My+ev4jMzVADFkm7/pw
DA:222,1,rrLr1OBAcJZGfUbtYkoIDA
DA:229,1,1hGnuOHejYmsOn/OBm5QsA
DA:230,1,+wwPxtE9HpJi20hkZLoatw
DA:232,1,1Yrly00DiQ+gh8DcvlSpdg
DA:234,1,bVmvjtUbVbxNPDMV75movg
DA:237,1,SNoW+7sLpr1Ay54kz0Cb5Q
DA:238,1,VbbImBAWz9NLDFJnpx/jXg
DA:239,1,6kAt+THWl56bcDqMYvHuNg
DA:241,1,WtAq7kVyKzBcv3Xnlf1Rhg
DA:246,1,VZjZW3UrAtabXJrXMXc2kQ
DA:249,1,Cx44gSJOcqvah+lUUzXoDg
DA:253,1,hjdVPnLgZzAjBeTljINzQQ
DA:254,1,DbgelVBkEl2nJQsPn3MlHg
DA:259,1,161Z1CEIICg4nHbDtc1h9Q
DA:260,1,UNhjNSX8TAN69hhQkPwr3Q
DA:263,1,0RMyZCIf1vsppWEVc4tNnQ
DA:264,1,mAnl7gTlQra5dqy1oGU4eA
DA:266,1,Cf1WjRHBkR/4mbXFnoNTYg
DA:268,1,nQ0NirCdsLZn2AYzj/6maA
DA:270,1,ZMDP3jNfLo6Mtv0SD+C/OQ
DA:275,1,IpH8sOzHaqEAaNzGBb/esA
DA:280,1,UL248ZQdo6/5Hu8eJAmt7g
DA:282,1,Kks1NIBE0SEERlLtXHYKDw
DA:40,0,lOGOKoYdkJZ8TrR8Bj0iPA
DA:45,0,IW5/5V1m/hT4Gy2DcO2iMw
DA:46,0,TizicRnrNrOxvVpX+ppnTg
DA:47,0,fFCBJ8NTIkGUNIojMJO3QQ
LF:78
LH:74
end_of_record
TN:
SF:/projects/restricted/relMT/relmt/src/relMT/src/relmt/amp.py
DA:24,1,ZCcV/JoMjNTwizojnAJSTw
DA:26,1,IWWjrCeOtk8NNtrE95++2g
DA:27,1,cgJocGj9UmijlE8SK3jlAA
DA:28,1,nccOhAXk0SBAg0v3Pu3tww
DA:29,1,HnTD5fT4ryDdC+0RuuNuMw
DA:30,1,EZEzNmL93PY96zsSuI0PfQ
DA:32,1,kqAv4CRNj8TUJtZxnHA1ww
DA:33,1,8VoYFwUQMXV7Jz2ZjOlrNw
DA:34,1,kZ5d9KgMajUYs0CctLhhag
DA:37,1,mq+eD7gVRY8CbGQFEkptiw
DA:58,1,7DgcuN3AlNMTuqI2fXH8JA
DA:60,1,FWkUv5tVYG7k42Up+drw4Q
DA:62,1,ddEXLrz/RjbaX+xjeD+9uA
DA:65,1,Qw71z3Oaxkrhf0UgwlkObQ
DA:87,1,a82JdU13wvV01gcafw71Fw
DA:90,1,JYSJkOq+ndhHOcM8Z4TJDg
DA:117,1,rNZX5FQMsa1fzyQTCxIcCg
DA:119,1,wS/csyEp0XVZVU8AhVrmfA
DA:121,1,43mst3XdhLpb5JBW6Sv0JQ
DA:122,1,BEu7J41+C/7XzmsoTgfzZA
DA:123,1,4tJzazNdmC8JyS4QDacbpw
DA:124,1,goLoXEZ/DUox1H5L9x1gQQ
DA:128,1,xjcDBnSwra0OiNOAYAwoHA
DA:129,1,4vH+3/AoaVAYNF65JRcX9w
DA:134,1,zBUICho8qi5rkHxgvKZRDw
DA:137,1,UsCfTp2ijbNvdFyUgUfytA
DA:162,1,pKfW1w+sH4YGavI1P1rpjA
DA:167,1,8izZcV0z2d4z+zQjwR3Sxg
DA:182,1,PQlekgxKAtT8pyUu0H1r9A
DA:183,1,5yZoX13Sd7NqYuPBt14Z3g
DA:184,1,lz27jpBSg7NMBZcqmseH6Q
DA:187,1,G+pycCna0dAFK+FxHZgzUg
DA:188,1,wP4pU3ASkru/gmi55liDoA
DA:191,1,izE5w/2EUsOoqNqZ5nCe9g
DA:197,1,f04EXrtV0adZS0Tva7q/xA
DA:199,1,gFkOzn2UyuB8zIeSHGJPKw
DA:200,1,qwpuc305wGqL6tYVpRWoMA
DA:203,1,cMP9knu1r5HjjWeEF1fhsw
DA:204,1,ZMjRFY8P0eh4Q2ZypYHj0Q
DA:206,1,g3VuYN/E6+SNFwLsUs0Gmw
DA:215,1,VNpPqjFqdO4W7elDtAL4hw
DA:216,1,2We/F/PeIHn7p0yCKElRWQ
DA:219,1,M+waR44BekN+H6qT59RjWg
DA:221,1,WBNd4/GfP7ywwtNiLEJp0w
DA:222,1,LqQtGlbxIe4o/Ss5SI6tSA
DA:224,1,Ze7QpCZN3xhQ/PjXzyaupA
DA:228,1,ZWPffB/ABty/8VvX3GZRJA
DA:230,1,J02drZIqoOxRwHX4vvjwZg
DA:231,1,C8Xmi1qgR2sjq9+/0WaHRg
DA:232,1,M3mOb/CYYidKFCPyljLN3g
DA:233,1,r6lZecSs7h32abKzeFDXHg
DA:235,1,E9/KiGEdd3YMVDA5p6/5Sw
DA:236,1,j49Rv1CdMYm5OHrGCBpJpg
DA:237,1,0fzZ+fg4k17Mo0tsd9zK4w
DA:238,1,DUx5msLG6Z6ulGH/iuk0MQ
DA:239,1,2OIxoZC+Kk99Ew0V0n6D7g
DA:242,1,u4ZB6sQ7IRnHLIEEfAmvDg
DA:246,1,BkUwyH3Ogj85MfPWKlV4+g
DA:248,1,ZSL+A/C/M92bFkubl87TNg
DA:249,1,j49Rv1CdMYm5OHrGCBpJpg
DA:250,1,DWcMxe5sf57QC5kQLsbJEg
DA:251,1,80eF/6erf0HvndO2O0+2Dg
DA:252,1,2OIxoZC+Kk99Ew0V0n6D7g
DA:255,1,u4ZB6sQ7IRnHLIEEfAmvDg
DA:259,1,BkUwyH3Ogj85MfPWKlV4+g
DA:261,1,3FX7Ir4IJcNZXDoAJVRUzA
DA:125,0,J4RmsjC+pB0GAjm+qXYbyw
DA:126,0,yunlCvDZ+sOxuGXWqQbqsg
DA:130,0,M7XoL70LJumb0EuLOGNHdQ
DA:131,0,f3FVACduRynaHMaMq1bZWQ
DA:132,0,OB04aqT8Y27NuSquvoQvBw
DA:133,0,XSFr1fnNj1PhY1n4PfBgzw
DA:240,0,KTEUH/wOhjIgrWs/qm5aIA
DA:253,0,KTEUH/wOhjIgrWs/qm5aIA
LF:73
LH:65
end_of_record
TN:
SF:/projects/restricted/relMT/relmt/src/relMT/src/relmt/core.py
DA:24,1,sTuM0ZH55MD1Jn9pFiPIJA
DA:26,1,EZEzNmL93PY96zsSuI0PfQ
DA:27,1,TkdTY1aJYRsgoCX7IqBZHg
DA:28,1,o7XN3CMj67n397EmDP0M3w
DA:29,1,YUHXj84Dc4NbF8zAXmnlLg
DA:30,1,H/ovfGHQuL0e57jSo5zMAw
DA:31,1,qh3tTqmTMmNwc+x7U1zaBg
DA:32,1,6vWAvNsegNqafFN4IKLrhg
DA:34,1,vde7ERK8n2u7Qt5rKvREtA
DA:36,1,kqAv4CRNj8TUJtZxnHA1ww
DA:37,1,8VoYFwUQMXV7Jz2ZjOlrNw
DA:39,1,ejgSuYWiUzK5AQDeKb7yOA
DA:40,1,KG94y9tmVHYkZSF0AIgTdw
DA:41,1,8B8CNDTjOKWr0sg8jzwyWw
DA:47,1,yjVlyXSt+c5CF5Q19JjSuw
DA:51,1,QQvyqGB7wU/4ZG+uHFgXHg
DA:92,1,IlRkW/mSg51ch2S9lboPuA
DA:105,1,agxMD/4/5J1x0qulukNCdw
DA:122,1,X5FffQsFcwme3vH6A9SbxQ
DA:166,1,ZpgnPtciH+3kF0fEtoefpQ
DA:168,1,ET8X8u8HvEo2vo/WUUxGgQ
DA:169,1,OD8bMWMz4rAkojM012RGkA
DA:170,1,LERVcHGdFTf7YvwUho/aww
DA:171,1,wWqBUcPJslM2SADRWAbx2A
DA:174,1,PmVTyt/aRTEhJcPYeMAh8Q
DA:176,1,wWvyVCzDRWfTVXhFZNNl1w
DA:178,1,B14NOh4fkY9dMuaqL0qu3Q
DA:179,1,3n/9bsfJmaWWK0Ny7TSORg
DA:181,1,3xcJL6leJ8kk9vLOD9XP0w
DA:186,1,BZXzV+DGiWythkBwpx4XyA
DA:188,1,SP+fnTwtlPymX1DmCSCyJg
DA:189,1,ai6JueE2MkqNEpiRsx3RAQ
DA:191,1,dNk2iMy70nLLdoDoNvGgFg
DA:192,1,Pya+M8TAO9qOfATw3ABXag
DA:193,1,eR/PssbVBFwrcDqolhfgnw
DA:194,1,WRznbcojqv2bw48mxEKwtg
DA:195,1,ADPPtBInHwzog9D+E6LjTw
DA:197,1,PFWvj1N7bJVFdjqlEWcvzw
DA:198,1,Z+QWF3M97Nzrlhfsqw1daA
DA:200,1,4VL7/Qg6/A5yRuw/yiYNew
DA:201,1,Lze97a1Vt/JeeNo28OlhRA
DA:202,1,zijl88kzTta8mQU3sjgFtg
DA:203,1,tG6p68pY9zCMFBHSOeW5NA
DA:204,1,7DVLx9/9SYnF4cXXXdkIgw
DA:205,1,bZXAPSG+hkRen5YBm4FAjQ
DA:207,1,ifVW/MyVCdHcp4xg3tEBcQ
DA:209,1,uoV9KbZ/J9R4cQz5V+040g
DA:212,1,nRLu94Yz7neaiX2qxmMaXA
DA:215,1,bcuoVTch6y9xoMUT2mS+OA
DA:216,1,Eu7TIY4NVyKxTIJeKBsC/Q
DA:218,1,Z3+7Zf6Rw+EoFhyJ+3FkRA
DA:219,1,+E87xIr5XkoQ62wZxkZbCw
DA:220,1,Vq+dB1RywcdFnCrfNPN3GA
DA:221,1,ZdtRxaTIMgqthTcPvpyXNg
DA:223,1,FdhNqh3x0PEgSXYBKmvixA
DA:224,1,qJBUlmrQWNvvcWBAM7qY2Q
DA:225,1,KiU5ma9c3+sPmoNv8Lf+kw
DA:226,1,LGMKknxrpnhDVKuRaX1WuA
DA:228,1,7iVVgOe3NIeIbagD5YyKSw
DA:230,1,WtEYiL9AoXXe6SLZ2Yh0ew
DA:234,1,4VL7/Qg6/A5yRuw/yiYNew
DA:236,1,ETj/UiEqyhbbpfGtIxzGSw
DA:237,1,CGTHUQhAuZgicqcZS5kGPA
DA:238,1,dlV2Dr+Rq8xhQiFnBU5ieA
DA:239,1,r1pYHN8J2cUzLM9LkM6kGg
DA:240,1,pwAa2KHfTOLA6v6FLDFYSA
DA:241,1,9cKq9rhFDDFjHeGcBE9rZw
DA:243,1,tx3SuGW+0A3XsXzDGd58Rg
DA:246,1,o8lVCClkDgRgZ2ByyOJ2Gw
DA:248,1,7X1IrakdWVf0XMET3tnj4g
DA:249,1,bsZO5/XA4joTLY3IoCLv6A
DA:251,1,BIb2DpLGCPrfgbOFntz1ZQ
DA:253,1,OQiInmu4QlYBHOI88J0XKA
DA:254,1,9qzmXFW0yu6lk2vfs0nPMw
DA:258,1,Z0ZfI2+WbVmEswdHngS0zw
DA:269,1,Z0ZfI2+WbVmEswdHngS0zw
DA:273,1,Z0ZfI2+WbVmEswdHngS0zw
DA:281,1,SLqtDAPcTEvXzBdPt3C0yA
DA:283,1,oyqtQ06GnZ0/en9pYjAB8A
DA:286,1,RBfkwIz8TaTJTnO7WEkDkw
DA:288,1,NU7kabAuEK4CYDqslD+wVw
DA:289,1,VfZGsWfVI6L88QmpMy16Sg
DA:292,1,Iogny6Tex6PFDrRJeZQLEg
DA:294,1,9J+kaKfju5I9litBYyFl+A
DA:297,1,y2PGccGxv/nwJoHUj/zJkQ
DA:299,1,r6FwGAsmpUtkEP8EaXacYg
DA:300,1,xF9xJ6u7ey7MbrVej7RyyA
DA:304,1,YRfdSkL5HHK0qSP/wfxw7w
DA:306,1,rgSEuJ06tqwFUDVWAJ4GUA
DA:307,1,aET7slrexHS6+M3RvccI6g
DA:308,1,8fTuEeJd1fAp4+Lhk4ubDg
DA:311,1,g+bhM2NWSPOcdPZ/iWPURA
DA:330,1,RaJ7OKcSwC4xiZtz/kvjMQ
DA:331,1,piFvqDgQxQsE/EE8XIlWTA
DA:333,1,UcPRUQmbI3L8HoVqQ9/r+g
DA:334,1,JPNT7KlIzl5r99GQcLKFFA
DA:335,1,xvWIcpcyNr0gyGcTkdMxXw
DA:336,1,yd56Yle5u2UX+VWvqaNhLw
DA:337,1,cc+IAXH33sQwA7RMt2cF+w
DA:338,1,z0agU+j4fpLQhS93tzAl7A
DA:339,1,73DqMM/tqQHuZOmnv6mLRw
DA:340,1,HRmYgrUgQRrlHMAQ7gWdXQ
DA:343,1,eJ5PZvXAN2XNDTfth9cjbA
DA:363,1,RaJ7OKcSwC4xiZtz/kvjMQ
DA:364,1,piFvqDgQxQsE/EE8XIlWTA
DA:366,1,fubdh02jUmcgjnbZ8NLVjw
DA:367,1,dSTjm0nZYD7I0PTTpALg6A
DA:368,1,NVsXEtRlTmBTTRua0l63pQ
DA:369,1,Uk1iEqLYWHwxE4nbWtF0CQ
DA:370,1,HO3ZYbSoHfH0yoBT5KtCXQ
DA:371,1,hL61xMT2qMmByONX1zci+w
DA:372,1,2vxm9S0a6U0vSBz9B+eFAg
DA:373,1,zYWJJB/8S+nHIdv7gMmLCw
DA:374,1,eUpXCTrNchqfEWIn3GKu1g
DA:375,1,eqbXBPv2ES+sqKXPKY+Ruw
DA:377,1,GthlsuNLyqgtPooioQ5prA
DA:383,1,uu8dsvDMgbenAPrvpZy7xw
DA:384,1,LivMXsWMnDeB7tVb0gTtOg
DA:385,1,T5awME8nspZ56PzIgmq2ww
DA:386,1,EbT1YD6zzpnpWkzIr6UHAA
DA:387,1,nRKJ/fDbhCiFr95f3a4Dog
DA:388,1,O02VMDJfvJS/GV3keL74Gg
DA:393,1,t1G3EjCJqyIeGsevH18opg
DA:394,1,QO3HbuNQo+Mh74g4La0yVQ
DA:404,1,9VuXJ+tVEfeMNRj8Yf18Tw
DA:405,1,3DIPP9rC1WwSHE6Uj790YA
DA:419,1,5hyUp0g7AVtzhNq22gkplA
DA:420,1,nkVMNyV4FGZWPJrjSD0Sjg
DA:436,1,K8Z0YzjIHyGl3Yt6F9ohXg
DA:437,1,m7jqoGy7nQeZQDd+H9ztww
DA:445,1,Q9dHjV7ATrpXtjuIydzC7Q
DA:448,1,CjqBOtrGpswZAdOuAU9k+w
DA:462,1,ROsQliL7I8ePtAyMnQhv2A
DA:466,1,MpKleqSyo0FIVM5KXvosYg
DA:483,1,rJrqHV6EISbEpozeSMrDLg
DA:484,1,/ZvqiDY7XVzMiSFdpC6ZCg
DA:488,1,fnMTJ8Cs5DNhQwp7XXk+jg
DA:489,1,vBGU8dsen18m8lriMulM4Q
DA:491,1,Waj8xRjCAoZIpS3N1r1iRA
DA:492,1,bjmQvmwKodtfs8H0H9zPWQ
DA:494,1,2OhugVx67j8fdiZ17kWD+w
DA:495,1,2LNv5EmBgZf2aEZ6Z2zv8g
DA:497,1,P+YvpjcobyUQqh+hWMgjPQ
DA:498,1,T2Z7b6+5ZN8OaHF8XYFxAA
DA:501,1,woH0HvG+CIRuDQ8jPEF9cw
DA:502,1,T2Z7b6+5ZN8OaHF8XYFxAA
DA:507,1,RNwVy0IOdf/nLd7b8tqMWw
DA:510,1,VTEDAtqQNQFLN9cj7oi3Og
DA:530,1,W1vzqS5yEbTtOfddYP2dfg
DA:531,1,e8KnGjYSwJ4LGkZdXskN7w
DA:532,1,ntJFlI/DTdFKAHdSe5AcMg
DA:533,1,ViIEe0asS7RZhP2XbfEoVg
DA:534,1,8XqAW/eRON8rf5v0HgCGvw
DA:535,1,HUQ6MCoLRfLHJjMqVQhi1w
DA:538,1,8XqAW/eRON8rf5v0HgCGvw
DA:539,1,b7HfSrzi1GrIfUn9vAkbDw
DA:540,1,Q2pWQ5FZXtoE0jW7gwAJqw
DA:541,1,C1PePxVivB075CDW6Q6hbA
DA:542,1,ZWSiGgLCiYmneg4KF7gnVg
DA:543,1,8XqAW/eRON8rf5v0HgCGvw
DA:546,1,8VeifBPXGq7O8KVhEp4tEA
DA:548,1,4LgMgWBGno1n5MNJ8WRFsQ
DA:558,1,dxdwCYYr3rlbpBgtXzmwcA
DA:559,1,t4yI+gtaEn8ehuqsU45crw
DA:560,1,Bgmms7MudGwiWvdsRv5/QQ
DA:562,1,lLDvLusKeokfEukYbUDygA
DA:564,1,PuFIm5GilghgXM+GtGY/yg
DA:565,1,uLIMyIPEtSSIkirc1qdcrA
DA:568,1,syhj+++EKLi21HD+uFePVg
DA:571,1,AoQuq8tfwed+8TI6eflQjg
DA:572,1,qzalSWOrbE17b5wUC7Lg3Q
DA:573,1,MnzpXe1veqpfA7nIMRo0OA
DA:576,1,P4QLI0gvAtPvxXLl4tf0uw
DA:577,1,H2TSIbGm8uqpXtIIwx+ixg
DA:578,1,qQ/9/7/3nrozzNFwDDSdDg
DA:580,1,Uk1iEqLYWHwxE4nbWtF0CQ
DA:581,1,q8htaaBteXlXm76Qps0nAg
DA:582,1,eUpXCTrNchqfEWIn3GKu1g
DA:583,1,cR1zHIgGwCURa+J0LjvAQA
DA:584,1,FGNG283TkiYH2OFzw+gIEg
DA:585,1,KZC8ATw3SUQw7Zsr7rcRzQ
DA:587,1,K+dOV80AkMIXxBa6OFnpNg
DA:588,1,Ht4RDp6KMYY/1TIXhhXvkw
DA:590,1,14/FJ08LgnjasFiR9+VXyg
DA:592,1,VW/zcDSACU12CzKCDBNhaA
DA:593,1,dbXpBa8IEOfXb1HFv4T99w
DA:594,1,87Lu1OV8tj5X12bvJfChYw
DA:596,1,leWPu3a92U46XgI3/MVg5A
DA:597,1,zxpzVm+G+w1/NJzgAdH8DQ
DA:598,1,PiDZpwODqer0S27/NkAPwQ
DA:599,1,uhlTmwajO6BDFfBGmZfZ6w
DA:600,1,zynV8IUobBkrwLqKF6gfgQ
DA:601,1,PlvzdtsgA8oJTzl8JtlVEA
DA:603,1,j+CcxAIEiLeqjzkbiEHnZA
DA:604,1,remQJMaxpy5zzOhfxR2ZUQ
DA:605,1,VW/zcDSACU12CzKCDBNhaA
DA:607,1,KTEUH/wOhjIgrWs/qm5aIA
DA:608,1,YdRaQj14/MWQ25cYfxt9GQ
DA:609,1,qxHXx661CsFbxy+5MkxIsw
DA:612,1,S+gd9SNRI9MJDB9n/9c7Jw
DA:613,1,PlvzdtsgA8oJTzl8JtlVEA
DA:615,1,NhwiEFYxgSItKkKpG1x/GA
DA:617,1,ovBomMNUVx+vvru9+p8dkg
DA:619,1,X115G4CwmLkek13LoY9EUg
DA:621,1,oMT63ncp9Nsu8fvIBOgPmQ
DA:625,1,L5jkFRv9Mzus/VJsO809ag
DA:642,1,EKMMdQGfmg1Z2/AHsIvpPg
DA:644,1,QLiczhwV4DNJP9Fe4CBr2g
DA:645,1,9sNygbOgBYJ1lA/Q2QagPw
DA:647,1,1XLyWfEA8oIEdTh2fwvrNw
DA:648,1,6gE6ng1RknBB2+S5ag3F4w
DA:652,1,YMvuJSPj+SI50JgDu9I69g
DA:653,1,qs+/GkdL7DhQDbBcPDAnGw
DA:654,1,MX1R7sdYhXaK579NuNroSg
DA:656,1,MUPjdMJ8/4JC/0oUgnhBhg
DA:658,1,OlP+Bup6aJdbZBFBhB89QA
DA:670,1,7/jJsYegq6iuZOSFDjhLeQ
DA:671,1,vwpKqqP7pEghhPwEGbr9Dw
DA:673,1,q97EUVRGU+HlIb4eoer68Q
DA:674,1,K8hLZ3Y3etl2Ub1dvZWr3g
DA:675,1,Bgmms7MudGwiWvdsRv5/QQ
DA:676,1,w7yxzVIS/Pd4nR208nSOTA
DA:677,1,Bgmms7MudGwiWvdsRv5/QQ
DA:679,1,ackOWdJx2/IgtB/ELuvQJg
DA:681,1,6mDhpRbLzd/fnpx1UGf+QQ
DA:690,1,CWSSAzXqI7LgZ4QmxEG3ug
DA:691,1,dhrCSzh4qOAERmJEP1SiIg
DA:693,1,ZS81iDFCilpn4GRHM10GNw
DA:694,1,y4QmP9flX71iDftnCJ5fuA
DA:696,1,lwGok3WPq69cKVVOyXFajA
DA:697,1,R+8InUbBHLa2qQoc7tpflA
DA:703,1,Y4p0Z3oPE9fdmPr8ubUfZw
DA:704,1,VnDsZKGi9VAKngcx/KDtgQ
DA:706,1,08UbM+aXULJm0CVuhshq3g
DA:707,1,LddkUqHp8RPB1/wQIMqt4g
DA:708,1,sc4TTzVf++Ivwev/LgNc5w
DA:711,1,j1x+re36Vvw47NsLwK5lEQ
DA:712,1,fSqR/+jpFtTgmB63L30auA
DA:714,1,HDNk06k97/8k/raea44EfA
DA:720,1,T4lXuDuvzHe8SHiqSgNnsA
DA:722,1,cX3TM6o+dXQLUvlfgWfT1Q
DA:726,1,tzpEpRab01lcfYUxEs26Eg
DA:763,1,GniIS9p2xOFFLYSUxlzmEQ
DA:764,1,jTdiHrU7bNSUD/w5zE3/Lw
DA:765,1,ntJFlI/DTdFKAHdSe5AcMg
DA:766,1,ViIEe0asS7RZhP2XbfEoVg
DA:767,1,8XqAW/eRON8rf5v0HgCGvw
DA:768,1,HUQ6MCoLRfLHJjMqVQhi1w
DA:771,1,8XqAW/eRON8rf5v0HgCGvw
DA:772,1,b7HfSrzi1GrIfUn9vAkbDw
DA:773,1,Q2pWQ5FZXtoE0jW7gwAJqw
DA:774,1,9K52nBPzJ8/plRfXEkAkIA
DA:775,1,me1r0ZbrHUQa22D7DTWvqA
DA:776,1,8XqAW/eRON8rf5v0HgCGvw
DA:779,1,E9xXGJ6vFfVR9f/+HRoi2A
DA:781,1,4LgMgWBGno1n5MNJ8WRFsQ
DA:796,1,dxdwCYYr3rlbpBgtXzmwcA
DA:797,1,t4yI+gtaEn8ehuqsU45crw
DA:798,1,Bgmms7MudGwiWvdsRv5/QQ
DA:801,1,D33kKM/K0Yoxbsbs+/RFvg
DA:804,1,QYz8jxau82+Na01wau4qKw
DA:806,1,fE+SsGfDxIJYKhue5tIlWA
DA:808,1,llrTvyycuhq53/dfttg8MA
DA:809,1,c5SqCcLjndw/W0pkLQ/tuQ
DA:810,1,ZKdc3q+xNK9bsR2ljCPfOw
DA:813,1,Z+OJgswv6KTJqGst9Q92zA
DA:816,1,m23XYH7sHR1S1n7BNPmOiA
DA:819,1,hwBwTE16As11jOTu9PiHIw
DA:820,1,hKLBIy7r/fFgUMoBa4uyRw
DA:822,1,E+v/edJehLvPoOOXT1VnzA
DA:823,1,oXMO2SatznO17uDRylYZiA
DA:826,1,8mTjn7akTqHzA5Ep4OLCFw
DA:828,1,beJo8xzYC8ifPDa9eEGA3A
LF:271
LH:271
end_of_record
TN:
SF:/projects/restricted/relMT/relmt/src/relMT/src/relmt/extra.py
DA:24,1,IWWjrCeOtk8NNtrE95++2g
DA:25,1,EZEzNmL93PY96zsSuI0PfQ
DA:26,1,EawLf73SH9JPoLKv3n48wQ
DA:27,1,tkFr/t2sbLVs6YjblSuTYQ
DA:29,1,kqAv4CRNj8TUJtZxnHA1ww
DA:30,1,8VoYFwUQMXV7Jz2ZjOlrNw
DA:31,1,kZ5d9KgMajUYs0CctLhhag
DA:34,1,LTM6ImxeullkgMwbc+yCQQ
DA:59,1,B/Fo9U4/nMeRNS1JjGZVyQ
DA:60,1,AeB4Il0NxAFULyuEpBhUbQ
DA:67,1,9R5MOFM8sqd+hQ71a/usQA
DA:68,1,EHU8mWCSP9AL6EPIbuaqqw
DA:69,1,EKGBdKjNLiFLIMRe2U8KQQ
DA:70,1,eJtEo2CmvHDAMs97lzc8Rg
DA:71,1,Hw7J2BJDj3a19MlH8iBzew
DA:72,1,Fotv/rTmN72d+86UtayB+A
DA:74,1,gIIV60pB8nRkgFv+WO9uSg
DA:75,1,VVkvrQHm9fmOJS1HCSWP8Q
DA:77,1,CemqITn5GnJTJjA0P7UDgw
DA:85,1,B/Fo9U4/nMeRNS1JjGZVyQ
DA:86,1,TWOJp1IVUIKDxzQP0qbSdA
DA:87,1,mY0zsVxGtfVTMHZZuCo5Nw
DA:95,1,CWGEVo/NqoASAgS7QlL8TQ
DA:96,1,pmCEOZzAud+AiQY4WgSgZA
DA:100,1,aSAuf74001oyw6+wf4zt+Q
DA:101,1,su0sSuHe/u+TKFBxauKZ/g
DA:102,1,hrpmYNHsjwFQB1/mFuoSRQ
DA:104,1,hibKAcvdAwmmFwdofrvweQ
DA:105,1,NIO7i2wYGIcKMWshV0F/Gw
DA:108,1,JOnlBb62fzfvfSFUjYurRw
DA:117,1,BqDlfnFVQGLL9f6jkhJj1A
DA:118,1,mbfdUONK6eM7/a+8Mcmh2Q
DA:121,1,B4hnIX07R382ipnI/b+K/A
DA:122,1,IEClsf8u4WNlyheKEwN2yg
DA:123,1,5J2IvrRh7vIKt1ljpjzk1A
DA:126,1,uFZhGslOoj3qlUbuYxfx4w
DA:129,1,9eZMmlMFvjtEhznm6SAdCg
DA:132,1,MxswozDRAnVHGcEVJbKq2g
DA:135,1,4ArXrQp2ZgA3NG6at2xIGQ
DA:136,1,1Uj8ANUq3bE4tnUc45crLw
DA:137,1,xvWIcpcyNr0gyGcTkdMxXw
DA:138,1,J1C8m8y4NfSRK8tpEi8VNw
DA:143,1,pE8Avb7w0eJhkYdDeEIcZw
DA:144,1,aZR3b7RL1BE5sH06Gdv1Uw
DA:146,1,K47aa05nmKZCg9P5rtYfcA
DA:147,1,88XPpPOY+tP+oTeV7wHVew
DA:149,1,KGV+AFyhR10uCJpPt94o0Q
DA:151,1,ZJksoU5aWGXtP5rhuY2xtQ
DA:154,1,x/drfXcS275F77Wjmt11JQ
DA:168,1,B/Fo9U4/nMeRNS1JjGZVyQ
DA:169,1,xPL/Pc1RQ7yj1CAUcMP51Q
DA:176,1,Mpb7qLyIC+WjB4s0hfsx+g
DA:177,1,1+/JNCsaE/FXd+E1Y3lSCw
DA:178,1,70qM4dTfB7gJrSTd4M4s6w
DA:180,1,I+QSCKBpEDOQA2t5625tcA
DA:183,1,j+T2iWJawSwH+Gkijium1A
DA:207,1,B/Fo9U4/nMeRNS1JjGZVyQ
DA:208,1,gtQwhhY4VAJ2HKlEN2kC4A
DA:216,1,oZvvt2QhP2zYF2TnyWJvEw
DA:217,1,PyMorX5hTyPk7LS8De33bQ
DA:220,1,WBC9nj/MjZcwQoXF2fk3XQ
DA:222,1,ukITVxSTeXI3o9tQybYrLQ
DA:223,1,t2d94MJnLclrCRcjEy8oZg
DA:228,1,UE5uRtvJHhvvblYx50wKJA
DA:230,1,bUY0TzY0+DZlsfww8Ttf1Q
DA:233,1,iOM0qjLXiUFq4RNNxL5rJA
DA:272,1,PySV0TNlQWxa2rl2Yz7Ctw
DA:305,1,B/Fo9U4/nMeRNS1JjGZVyQ
DA:306,1,gtQwhhY4VAJ2HKlEN2kC4A
DA:313,1,vpMY0DmEOK3FIW/8HClWdw
DA:317,1,tfFUmwegNEK+9oLlw5RlfQ
DA:319,1,MJS+/OK/M4GmjE/lktNekQ
DA:322,1,XLV5tTg8vM8rRe9gwBkaDg
DA:351,1,VX9JMf7dIpyBLzTfHnye4A
DA:352,1,x2jYYL3W6IEKtSTqqD789g
DA:353,1,w5x+1ssgQXEp4lLaBBf/jA
DA:354,1,TlXXYGcOJBpOstJaAqEecQ
DA:355,1,bQ1VzT+2ZrYAsM40SVR4pA
DA:358,1,gNHpfPdF+f3OPabdAaloSA
DA:359,1,G/41nP5kIm2awFvtcUdQEg
DA:360,1,S5YVoOAau2+taJyd9cuaJw
DA:361,1,HlwEFr/GOmaaPHYIoxPFiQ
DA:362,1,G6Zy9au5kHWnTDv8vcO4tA
DA:363,1,6EYGHSAYNVZn/n7Y1ux2ag
DA:364,1,CW3m5FiopMrsJkfADD/Bhw
DA:365,1,51QSJf6fbRTAoWvLbg0irw
DA:366,1,cxKpOo4Jx04xqVp7dmwP4Q
DA:367,1,+GHip4ut2bjAo7A9e/3Edg
DA:368,1,cDd1pXuyOKbZtranNkhjbQ
DA:372,1,uuwVuRp11dj+RGqQd7NX/Q
DA:375,1,JCSkbdjvhQqJ5i6JEGw9bg
DA:411,1,qpNpFdSj0yGoYtGwuefM2g
DA:456,1,JdNL3o8L1hVdcHbYA5q9HQ
DA:457,1,ZAZFvNjlc3p9XxMjrfe7/Q
DA:61,0,Re9q7nFGr6AeAzv1SG5aWg
DA:62,0,5X97KTy0IKyJgQ9AQC/uyA
DA:63,0,xRKvrM/lkGjmdAsTnpHZ2Q
DA:64,0,17URjSvu80b9yZnLG/hQ0g
DA:65,0,dVscM4s00m4RUJNp93JG+g
DA:88,0,u+Kidw6ilwP3a6pl+H5qqA
DA:89,0,0bbs5kSNLlsPo4dmto8sUA
DA:90,0,gZwoYDPmw1wzzh4TzP2hiw
DA:91,0,mAWEwDPNiuXgFafDHkqBSA
DA:92,0,XIKxMh4jyuKgnKjlR63+fw
DA:139,0,CiJD6/OXpipGNagZnnXKoQ
DA:140,0,PZFwl9I83ZoohztwZny1LQ
DA:141,0,Fy1ojqE2dpIbcBL3hb7zIg
DA:170,0,Re9q7nFGr6AeAzv1SG5aWg
DA:171,0,5X97KTy0IKyJgQ9AQC/uyA
DA:172,0,xRKvrM/lkGjmdAsTnpHZ2Q
DA:173,0,17URjSvu80b9yZnLG/hQ0g
DA:174,0,dVscM4s00m4RUJNp93JG+g
DA:209,0,Re9q7nFGr6AeAzv1SG5aWg
DA:210,0,aNQClDP2VkTrZlbjxMdkTA
DA:211,0,xRKvrM/lkGjmdAsTnpHZ2Q
DA:212,0,HB8P4/9VN1zeZ0+Fdc7Hqw
DA:213,0,dVscM4s00m4RUJNp93JG+g
DA:255,0,B/Fo9U4/nMeRNS1JjGZVyQ
DA:256,0,gtQwhhY4VAJ2HKlEN2kC4A
DA:257,0,Re9q7nFGr6AeAzv1SG5aWg
DA:258,0,aNQClDP2VkTrZlbjxMdkTA
DA:259,0,xRKvrM/lkGjmdAsTnpHZ2Q
DA:260,0,HB8P4/9VN1zeZ0+Fdc7Hqw
DA:261,0,dVscM4s00m4RUJNp93JG+g
DA:263,0,DZ12zv76fnsiELAlHYen0Q
DA:267,0,eEe7wOHaJzhExHLgoya78A
DA:269,0,kF8di1GkZfhw6T147GtW7g
DA:307,0,Re9q7nFGr6AeAzv1SG5aWg
DA:308,0,aNQClDP2VkTrZlbjxMdkTA
DA:309,0,Ut83J0DVqXKRFVo3v4JmPQ
DA:310,0,HB8P4/9VN1zeZ0+Fdc7Hqw
DA:311,0,dVscM4s00m4RUJNp93JG+g
DA:394,0,B/Fo9U4/nMeRNS1JjGZVyQ
DA:395,0,hWF4Ex1NmBBQO/0z64tlrA
DA:396,0,Re9q7nFGr6AeAzv1SG5aWg
DA:397,0,RLmvAWkkSsDipwY2Wks9RQ
DA:398,0,u2Ha1P1pQprz74lPbheZgg
DA:399,0,cHW6hmjjRn/FZFAoUcTFvA
DA:400,0,dVscM4s00m4RUJNp93JG+g
DA:402,0,RTPOFYuOecdU7xZMglG77g
DA:403,0,TrwzL9DN5Wg84AHlnyknyQ
DA:404,0,mmKyUz46wb/JZ21WufUcbQ
DA:405,0,heaV4xgDECYYBts7GMLN7Q
DA:435,0,4sNcaJj47b1tBr/CMTO7Xg
DA:436,0,uf4WlyA5yNoCI7L4FlcKtg
DA:439,0,m8nbxdquukKl7LrOGtGEiw
DA:440,0,z5Jd9mtj7/XejwkkGyuC7A
DA:445,0,3bcs8PrwJDhB/D9Ssi3L5w
DA:446,0,rZ8q+2UQS1Qf2Y2us8d2oA
DA:448,0,4k77nwfmvqbgs29UI81Ozg
DA:449,0,mioUxwuHmiMvkXa0rohRJQ
DA:450,0,RJ8o80XfQcQ67kdzI6rEKg
DA:451,0,JK5Q4R89gUYtFyT8InSBJQ
DA:453,0,k6GVL5FhHHzSvY36UmJF0w
DA:486,0,KLw+dY5iZf2L0NlgWzWgeQ
DA:489,0,HsyOHdlmbIa59tpsiHGQ6w
DA:491,0,GUCPNY17e7T2T/mcQJs1Xw
DA:492,0,49vLKqTTH9Pu5pfQc2tUmw
DA:495,0,uf4WlyA5yNoCI7L4FlcKtg
DA:496,0,qzibajPfHF9S43Mxqk18EQ
DA:498,0,r0M5MENcJYEf+hUvWJ6zKg
DA:499,0,X99Jn094y/xkUVhImWH5LA
DA:502,0,m8nbxdquukKl7LrOGtGEiw
DA:503,0,z5Jd9mtj7/XejwkkGyuC7A
DA:510,0,rnIP6O8Dm4JF2VJyrNElJQ
DA:519,0,BDrkWkuNf+qLxqCXEfziXw
DA:520,0,KICfgf+6Msr8tLV3WB0J2g
DA:522,0,9fNvmQWsyWdV5k+Dci+eBA
DA:525,0,RS96w627bi6LPfJDsCm4mw
DA:526,0,5h4LaZpOXwficYPeQd8MJw
DA:527,0,/wMxpv2XmuRs7tBWnYNjPQ
DA:528,0,D6S9/s+FO7uEsQuDrq9h8w
DA:529,0,MFl+JvYFBKNCbg72Eh9W1Q
DA:532,0,5TXsTEd9wnoQ15f5qa8hAg
DA:534,0,GmI4kvcWlA7FXNX2xsVN+g
DA:535,0,kAOhNaXxHrJtEnVgz5oWMw
DA:537,0,F4t9xdBdBrbpFmZBFz/jYA
LF:177
LH:94
end_of_record
TN:
SF:/projects/restricted/relMT/relmt/src/relMT/src/relmt/io.py
DA:24,1,FdhjXb1Vr3SkXyIfPGj5LA
DA:26,1,IWWjrCeOtk8NNtrE95++2g
DA:27,1,EZEzNmL93PY96zsSuI0PfQ
DA:28,1,Nb/LCS6xOB8xClMcSCTEkQ
DA:29,1,kSu6PLdjlmFWwsRkVjivMw
DA:30,1,TkdTY1aJYRsgoCX7IqBZHg
DA:31,1,WpEjgxacqgxANZhpobgHYQ
DA:32,1,LvTvwLH+Yu2IZzc2ZDn8/Q
DA:33,1,6vWAvNsegNqafFN4IKLrhg
DA:35,1,kqAv4CRNj8TUJtZxnHA1ww
DA:36,1,8VoYFwUQMXV7Jz2ZjOlrNw
DA:37,1,kZ5d9KgMajUYs0CctLhhag
DA:49,1,p5UOq6Ub4dM0ISuT5uOmKA
DA:71,1,N2JS4CqruyXABNeyjKC0BQ
DA:72,1,9cOCOC6+l9HgqCZPmr5M6w
DA:73,1,ZyoJ4+XAof6aDB9bjN69+g
DA:75,1,xCbiWpuP6ja3Yg7QunfXQA
DA:76,1,0Z0wbNUiQLB0aiXQQTsgAQ
DA:78,1,bmovRXThyZuOM/nC1MRGUg
DA:79,1,qs+/GkdL7DhQDbBcPDAnGw
DA:80,1,wiBvhJI8izJyIus0ewMTYg
DA:82,1,PDqoagMuT1dZjdZcCfpqNw
DA:85,1,jDWAw3AbCBdys0Y6fjg5mw
DA:105,1,/WlU426u7ogwVAt9geFFJg
DA:106,1,kM1cuKm/6bew//4litGq8A
DA:112,1,av3ncWeNGAJZhQVGZftemA
DA:113,1,WDGeZRdBpYQ3OBul08CZRg
DA:115,1,4dfhILB8w1E6GtWzDxk6iw
DA:118,1,4MEXJMKvrf+1JbYJtsvwvw
DA:132,1,zJHrscq2H+DVBXB0f05J8g
DA:133,1,kmc+0EJSMgt6jJ8B+59bNg
DA:135,1,DXZ/YRIsBrBpAU96bpBSXg
DA:138,1,L6iM+Gx+P6Uf9aKpwDYSbg
DA:160,1,gQOPTJRfAlLNc8FhvOuWVQ
DA:161,1,VI3BC4GKNYTMC7iM4706kw
DA:162,1,kGqzW69Y8jlfV67PuGNO8w
DA:163,1,yyGQO+Nk7EAO8HY5e+SpvA
DA:165,1,m/kX6620DqQX7KGTC4lPCA
DA:167,1,LI0MTkB9qoswrrPHBN/HaA
DA:168,1,fmRh0WQDc61xElf2wnE74w
DA:170,1,bmovRXThyZuOM/nC1MRGUg
DA:171,1,FC5+z7RMX91Xxyk8NDtsxg
DA:172,1,wiBvhJI8izJyIus0ewMTYg
DA:174,1,PDqoagMuT1dZjdZcCfpqNw
DA:177,1,hC8qdA/APBQZYfJijRebTw
DA:208,1,mMZihWC459WAou+3bBgpLw
DA:209,1,qodwjtt+Iah6ZxD/9YE6Lg
DA:210,1,p4Fa2KpUprqZb5EtFE9LaA
DA:211,1,iZImBJ7N9o8kAg0e8XJ2Bw
DA:214,1,xNcORsuzxxRBAL0qJC70bg
DA:216,1,B/Fo9U4/nMeRNS1JjGZVyQ
DA:218,1,cwSvO5sKuJAb+dKHrMOX3Q
DA:221,1,s/ndlNoMXGvfqAcZqtWphQ
DA:223,1,l3vG1d7gYqWwZbitICbBrg
DA:225,1,bmovRXThyZuOM/nC1MRGUg
DA:226,1,qs+/GkdL7DhQDbBcPDAnGw
DA:227,1,wiBvhJI8izJyIus0ewMTYg
DA:229,1,PDqoagMuT1dZjdZcCfpqNw
DA:232,1,FjYrVkDX+WbQLcVW7bg7pQ
DA:280,1,vPZe3U2t8yQT0EQlyXnYdw
DA:288,1,JabAjZaQ4BN62iA9lpNKJA
DA:290,1,av3ncWeNGAJZhQVGZftemA
DA:291,1,zorYOGXdLZhSeUM7c56pqg
DA:293,1,WaZGnGbfNvF+RufWEFB3cw
DA:294,1,dQ12bGg6n1XmvYYxp263nA
DA:295,1,xD//Fkn+kpQyWk8pVb3isQ
DA:300,1,aS1eset2qArYYIOrwpWYfA
DA:301,1,dFlCIPXjM4DOXD2dg3s69g
DA:304,1,BjAsGLLATlQnaLF8aUjaEw
DA:337,1,GAlOTRYShwTiWDw5e+047A
DA:340,1,6A1+3WKk+2XNoK537cHVdw
DA:342,1,Fl64NECpHkcJBpx82MtpBA
DA:343,1,pKbNfHovuWbVIrn/1T+1uw
DA:345,1,av3ncWeNGAJZhQVGZftemA
DA:346,1,/rSi/mL872x93EXqq/qskA
DA:348,1,+DyF6Y2z+XGqn7wHJ0xZjg
DA:354,1,Z71h/gNh8e/d6hdUqrVxPw
DA:376,1,7iFWo8lAIFesqCwK+JeVRQ
DA:377,1,/HX2OXQLwOIMLbjFq25F5g
DA:378,1,JwZ/ttF1Z58a39eMniqOfw
DA:379,1,0mnOtcgOPO2ukOtshH3W5A
DA:381,1,4KKTv2DTpO1ARLOyxDU0lw
DA:383,1,YoetCEAkHRThT2vxP8+Vug
DA:384,1,UPO3zmVOBUfcPgxHOnTAxw
DA:385,1,Jo7UOOBVVdCDi9f8yhlsRw
DA:387,1,bmovRXThyZuOM/nC1MRGUg
DA:388,1,qs+/GkdL7DhQDbBcPDAnGw
DA:389,1,wiBvhJI8izJyIus0ewMTYg
DA:391,1,PDqoagMuT1dZjdZcCfpqNw
DA:394,1,kcSZMZZWZl51np2FqJZhLg
DA:418,1,h3JjYxHe6lZunkwWGWF32Q
DA:422,1,DkKkfXwM8agQ8E6BgsR6Sw
DA:424,1,av3ncWeNGAJZhQVGZftemA
DA:425,1,38n8B+RgEn+stN2+8TsHcw
DA:427,1,dDpI1xnYM7U9EkV5ygfLLg
DA:433,1,gQnULML1yvqM4Ww1LsSgiw
DA:463,1,sjeW6U6f9NziQwToaUiNQQ
DA:464,1,pYEijLSj6C0d8cGs9UBsjQ
DA:465,1,i94/lxALUYCih0gwdqUkHQ
DA:468,1,OvYOR45Sg0XgbDyiAolfvQ
DA:472,1,B/Fo9U4/nMeRNS1JjGZVyQ
DA:473,1,GqyEXXxkBxctHGC7RSAdXg
DA:474,1,zzmLFnwGUNFMH+9uDEJmbA
DA:475,1,/jHliuG9k2ZdqzlK7BSkLw
DA:476,1,Wi28c5jHsJoH4v46wYUR2Q
DA:478,1,zIM4CoG7hH68hpx87FMTKw
DA:481,1,7e3P+7bN7W09wZM6O/Eq/g
DA:495,1,kdVf1mf8NhBoGI/esyZ5Cg
DA:496,1,abnzVDfUpAW4L+lLBS3GGw
DA:498,1,Aao81MvugkMdlKCo102OQA
DA:501,1,Pej6ra4IDFlN1gz+lMA5pQ
DA:516,1,uFUNoggPAydrWkGOQX7Hkw
DA:517,1,qOtUhFqQXYL4ML+VYvAqfw
DA:518,1,Toh+tWg1JSue64DYM5r+OQ
DA:519,1,tZkxjOxi5OvQIMH91Q555w
DA:521,1,sOGeMQWvRcLYLc0J8Vs4qA
DA:523,1,/NdE6zC3h/wd1zeO8whTNQ
DA:526,1,6UectSfKJznCAESaI81wSg
DA:535,1,uaKDaAtWSk+HTrZRx9kFSg
DA:548,1,zmH6n86ymcGc2nh+vfU5+w
DA:550,1,/nBMqD8lXEZeRFRTbMX7tA
DA:551,1,7bYs47H3R9B/ccKM/hWg4A
DA:552,1,xOxGHLPzrpG1aYXvT18jFA
DA:553,1,CWl06PZvOv24g0HEZPSmVg
DA:554,1,5zWH9uwhgT9qwZcJAmk18g
DA:555,1,mTKQUTEBoE+ZrZZrdynfrg
DA:556,1,WY8ABfn5FK0zLiPpxAOZ2Q
DA:558,1,H6HSO6ZrUh2hOWFIZHk1tg
DA:559,1,fFCBJ8NTIkGUNIojMJO3QQ
DA:561,1,lGzFM+zgktdmRFC7SbqXcA
DA:563,1,zWdpHAABeMdDuqTc0oc4Vg
DA:564,1,/4rDoyKhllZBDILmVicjQA
DA:567,1,aUjssrxQYPP1OfEAslV83w
DA:595,1,otuhONpDFly9XHBVeVlpmw
DA:597,1,VbRugru6R8rpBuDhgPlIWw
DA:598,1,fCVNXM3DDV0fFn5Dt2oNQA
DA:600,1,uomfgVMMXrZSWUj2uHvhFQ
DA:601,1,nlvLSW7iO4cXy0aVj0v8Ig
DA:603,1,R+8InUbBHLa2qQoc7tpflA
DA:610,1,8r5Uksn5M+Z8aRSls4rK3g
DA:611,1,995qHYn1GsZz/uD/C5jPzA
DA:613,1,uomfgVMMXrZSWUj2uHvhFQ
DA:614,1,nlvLSW7iO4cXy0aVj0v8Ig
DA:616,1,R+8InUbBHLa2qQoc7tpflA
DA:627,1,AFGOpSedkUyYSkKcrPy1vg
DA:677,1,ne2GnAf0erJr8p9zv783hQ
DA:723,1,yEcy+U5JCCwwQ4L5e6It+w
DA:725,1,COk7SSo2uCAmPDt+3wK9uQ
DA:726,1,LIVoxSkOwf+JKaOQbQJoiQ
DA:727,1,NIJdU12GC1Pqfn70dl+smQ
DA:729,1,GBlN9OG3hrJYm4naaW0rcQ
DA:736,1,65EgSnyK/YrYzxqFsjREBg
DA:744,1,ewVWZdDPjYTMkTmMHlTClw
DA:745,1,g7/urofT+TXHpB8vnWKBPw
DA:747,1,/S74wU66Pam9VLNzMcjYhw
DA:748,1,bxwF0kOR1RzFEo+U7lKgBQ
DA:750,1,rgw2uOutPXxk/Z5ing5n6Q
DA:753,1,js/sZaYpW+eHhFrlw7yn2Q
DA:755,1,+DyF6Y2z+XGqn7wHJ0xZjg
DA:761,1,zdLGEiITqSlLlgeAXOWNaQ
DA:869,1,UHjSwl6CuaorYQYmCWNrHQ
DA:905,1,kdVf1mf8NhBoGI/esyZ5Cg
DA:906,1,oU25gQBQaYHlwu8RREyvPA
DA:908,1,H15YHn4re6Dh79iRFXWeVw
DA:909,1,Zim640DYmfI5e2YHLIZNJw
DA:910,1,AUwx+uOEMehVbJVeW5p64Q
DA:911,1,RTEHi9eqzogUATsqZCRr4Q
DA:912,1,DslgP3SSNl/ZzDTqiu0AYQ
DA:913,1,EX7v+LT6wKQE5CTIMwwUCw
DA:915,1,1mea9IuIfvmuvgVWpQtzFQ
DA:919,1,plzi/AaHqQFDCVD2uJAgSg
DA:923,1,JUwZEDeVEbLBpjiFqHeaFw
DA:926,1,gPZpIHz1MnH0k8VGNAMVVA
DA:927,1,TYWaDi9IVE9CwyAdqOWm5Q
DA:928,1,w34jANKMcAeRoz82gxHxnA
DA:929,1,8KBbY6HZoTQLPuF5YDzPRw
DA:931,1,xjcDBnSwra0OiNOAYAwoHA
DA:932,1,sgVyp5nCQ2KDpbojeWmtLg
DA:942,1,M+UFApj0yohZnodBQnQ74Q
DA:943,1,ovTVYllX8vcz2WFranzTaw
DA:944,1,75iXSNlLBewvClZTPvosZA
DA:945,1,bM/xXmiKMdw8DqoTnmkjRg
DA:947,1,CPvQBdPnyYvBOgYMvBi+8g
DA:949,1,mQogictFVqNxbUstJOYSVg
DA:950,1,4K+rbvRls5fw1IygeN60Jg
DA:954,1,CtMtvBDxAgb24OhpSwZxug
DA:955,1,inUaCuIBubsnUXglXTiYZA
DA:957,1,qUqcBA+5diTff2f1pXOKiA
DA:958,1,NzsC/ce++ic7CxopaCe62g
DA:960,1,D38o67oLoopPcw9X1mpojg
DA:529,0,B/Fo9U4/nMeRNS1JjGZVyQ
DA:530,0,mhj6BQbaVR6zbdv6LyJO3Q
DA:531,0,zXAfORIKxReF1HcBtup/aQ
DA:532,0,6hfFb1f3KT1yMlsFZpbl4A
DA:624,0,bx4gaQL71j+SCQwfexBBFQ
DA:649,0,AgzIY/P/Ou56fkdDjcsgWw
DA:652,0,rTTAFKnhl3dt0ZRevc7Kqw
DA:653,0,YFt/uiAWZNyXkY3uDbFTCA
DA:655,0,oCMDw4lP9EjetmXulH+//g
DA:656,0,nGgV5BHF/Q1tNpp1wW3GZQ
DA:658,0,a6Zf9mo4srl+62Sm1yI7fQ
DA:659,0,Z77BiyNd+ETDVBuD2TnJYQ
DA:660,0,Ko6tD282wond8OBFEIkPzw
DA:661,0,FxjPAEUQIXF7qPYR4QKNIg
DA:663,0,Q5OTG+KsnWoN0WwQ4btybw
DA:664,0,QPEvl56H4ojjBQ0HUVfnGA
DA:666,0,IZvwGeiWA1y2yH1wSZ6A+Q
DA:668,0,3sRY1Aeg6173wDYl/cVL5w
DA:670,0,DjTJkLWCyTtfMUpWIvKojQ
DA:672,0,5IgBBp7FHe9npOfg10dsNg
DA:674,0,juZM5uDjJfc//nka7MFL5g
DA:751,0,Dx0PeJa5Z7hUxt/lXmc8PQ
DA:807,0,yEcy+U5JCCwwQ4L5e6It+w
DA:809,0,COk7SSo2uCAmPDt+3wK9uQ
DA:810,0,LIVoxSkOwf+JKaOQbQJoiQ
DA:811,0,NIJdU12GC1Pqfn70dl+smQ
DA:813,0,7GIidPwKLi/i8EkIqSl/sw
DA:821,0,8J+iAgPUfmUYSsfcK35UyA
DA:830,0,ewVWZdDPjYTMkTmMHlTClw
DA:831,0,4hS0gDz5tIcxQph19TSx7Q
DA:832,0,3WiluNFZmkrlNpdEO4jqZg
DA:834,0,DVaIhSyY9yfBmHQ9s/c5fw
DA:837,0,ZI140Z7TqpvLb9JR7Y+PGg
DA:838,0,K7uTX6PCgswSWAi3iRU9ng
DA:840,0,pT/9J7EOFKLu51qVFkoBKQ
DA:843,0,cGf6LEBzbDvZuUapsGwbuw
DA:850,0,bQVRnEKi55NajltZ6hyszg
DA:855,0,7yf+t+CU1WGXWlxWM10/lQ
DA:856,0,+jvT69bhm2UUnh3PQ11sqQ
DA:857,0,OPDaxfxdttqsCq2bDGfvNA
DA:858,0,14M/M3ztYdc74zn/GsXOJg
DA:860,0,rrCebNE8wZeFyhK3w06aCg
DA:861,0,rg4jgJ/t58fo071Hz2C90Q
DA:863,0,+L+mDPM+w1aRDJ5rQg+Avg
DA:864,0,PoXccX3RL0k+2vFFYm8yXw
DA:866,0,RHsvl/9YSCLfSwwb1Gyvlg
DA:916,0,VQC+CBBthABe0kSEoDzQVQ
DA:917,0,bjeVVqahn84Fy7QCGwle1g
DA:920,0,iMghrORkpV9LtFIPqNVHmg
DA:921,0,bjeVVqahn84Fy7QCGwle1g
DA:935,0,MQAw7ryZXIqoa+XVvQuYKQ
DA:936,0,MSWyRdflRBGpcrQILdJzwA
DA:939,0,OB04aqT8Y27NuSquvoQvBw
DA:940,0,sOvtOfk75TbAtTgkgicGHg
DA:952,0,uHAAHZNIC15zLUCLLAXhXA
LF:244
LH:189
end_of_record
TN:
SF:/projects/restricted/relMT/relmt/src/relMT/src/relmt/ls.py
DA:24,1,gq1RHLSpHIxJMQ2Y7y83zQ
DA:26,1,IWWjrCeOtk8NNtrE95++2g
DA:27,1,odaHZhup/YaLjDNdDhObSA
DA:28,1,gTsxYI5SVedKsLtB4qa/nQ
DA:29,1,Iv6HJxUHYhEhIOP7wKxfRg
DA:30,1,1IarNiUSmh7k5KKhHBe+BA
DA:31,1,fhZQNG3w4+rMD7L9BJHYWg
DA:32,1,EZEzNmL93PY96zsSuI0PfQ
DA:34,1,kqAv4CRNj8TUJtZxnHA1ww
DA:35,1,8VoYFwUQMXV7Jz2ZjOlrNw
DA:36,1,kZ5d9KgMajUYs0CctLhhag
DA:39,1,PzUPojunMgYaiH5941Xe8Q
DA:55,1,4uO5nJWKYOXPw47auImjFA
DA:56,1,ezy/ThOZp8HTjyB8AHoZiA
DA:57,1,043kZJTlXOkUzntLOgzQKg
DA:60,1,ANqXjut+SdeuNKgGSpBihw
DA:75,1,lQ4KkClTjzQlam4owHgaDQ
DA:87,1,+YKhYtdYN4xpHa8FQnRDNQ
DA:102,1,lQ4KkClTjzQlam4owHgaDQ
DA:113,1,corOWuPP1VVOOuYpcx0Qiw
DA:130,1,NNOwNFHh6y3Hpg0q3GH1ew
DA:140,1,54lprK0PlTahHhwlwcUIIw
DA:150,1,2pVGwDzpWqu4n1pWFlVivQ
DA:160,1,VJRJT1/Ukih847VQuop1nQ
DA:163,1,Jw7Zz2SL2rl6aTToTZfdkA
DA:180,1,NNOwNFHh6y3Hpg0q3GH1ew
DA:189,1,54lprK0PlTahHhwlwcUIIw
DA:198,1,2pVGwDzpWqu4n1pWFlVivQ
DA:207,1,VJRJT1/Ukih847VQuop1nQ
DA:210,1,ywvSDBiuNCHqB+tOoQlgpw
DA:217,1,dUswgk6718XGr0c5NdTM/A
DA:222,1,P6ZVsduqMKYjsHplc07IsA
DA:253,1,JPPetBQQgS4ldxdPXeUa8w
DA:254,1,OdZ8IL8wL1brsYDUQ5MdHQ
DA:255,1,RotB6J6OUX0oTqge52Pz1w
DA:256,1,1B4fsJCbiVwTBzY64udVLA
DA:259,1,c4DCtmgYsRiQI+/f+6TGsw
DA:260,1,QgahqLiu4g4M+ZbOqzq3Uw
DA:261,1,vABc+PlMMMk6QoU2VvUrVQ
DA:264,1,PYbsBiP1xqWZFqst4qqPlg
DA:266,1,+rOF89ZmavXQh7PbE9uLwA
DA:267,1,FDyVVb0dYRar2Di4I4kg6g
DA:268,1,KbFSDBeWhd5CUHvv58y26Q
DA:270,1,Wt1VUJzNWCrVaxKXV16RNQ
DA:271,1,h1C3IUtxXvb/w1vJg78QaQ
DA:273,1,g4azPB4XU7S//tw9CCCMtg
DA:275,1,GjMAtcJnbSWoIYI4pdtb8Q
DA:276,1,jp7Zr7ILP0JYA1xHf+LIKA
DA:280,1,TYC07jgfeFgXl3E7L2yejg
DA:281,1,zUGH47oXct7j5DGAUjzWmw
DA:282,1,SMJB0hHDZlV0BmXojFjIWg
DA:283,1,o6TNt4Fz7zpZsz10i8N+2A
DA:284,1,4+2e+hhpdzJQuKMoObVPkw
DA:285,1,l40VPBCYKw2BP0bsOScFcQ
DA:286,1,/aRQRxYPnBBn+3A7tLdaDw
DA:290,1,YHVM0keXQB2IQ96byyfY2A
DA:291,1,aCwlQ4MHYmf9asOpXfoNfQ
DA:293,1,GhgIyckFAXmjDa9dEgP8rw
DA:296,1,0ybpNzrTCtMbavWAdhU3WA
DA:327,1,JPPetBQQgS4ldxdPXeUa8w
DA:328,1,OdZ8IL8wL1brsYDUQ5MdHQ
DA:329,1,RotB6J6OUX0oTqge52Pz1w
DA:330,1,1B4fsJCbiVwTBzY64udVLA
DA:332,1,UQ7GvHsxxOxcf6Ft4S1AFQ
DA:334,1,r7ubN7K10X8Iw5rUbuyYQw
DA:335,1,/JM0Lv9U7X6cPlOTrl4qcA
DA:337,1,8Y8I1rVb14pF+Kpz0tU08g
DA:338,1,lVMVUXEgmiVtXS1nlMc7Tg
DA:339,1,liHua6BkOldEAghHI64qrQ
DA:341,1,Wt1VUJzNWCrVaxKXV16RNQ
DA:342,1,h1C3IUtxXvb/w1vJg78QaQ
DA:343,1,QiFTYviUEgbTLR/GF25z2w
DA:345,1,FjRi3Rnjr2DD7HBe1iCgMA
DA:346,1,jp7Zr7ILP0JYA1xHf+LIKA
DA:350,1,KUwjTJd3VKK81BOcqFdjtA
DA:351,1,F2JgH7XUd7Ce5znepRbCTA
DA:352,1,9e35PynBQo8PgnZGevNzFA
DA:354,1,TYC07jgfeFgXl3E7L2yejg
DA:355,1,GNh6ZOdKNqCCZVdhhnCaqw
DA:358,1,zUGH47oXct7j5DGAUjzWmw
DA:359,1,p4JzjGSR+ysgJZ5keHubHg
DA:360,1,jO98hnaRrssnIhuYhmusQQ
DA:361,1,K8i+F0N8Q1nYsgDyrKyVug
DA:362,1,4+2e+hhpdzJQuKMoObVPkw
DA:363,1,bCeZCcYTc9ARKytWJwgqdA
DA:364,1,kJwjPtl8NYLVVz71RZm3TQ
DA:365,1,W8J7f9iJvlb46y6cIfD2Dg
DA:371,1,Ky3SK9ZclamzJWo/9aHSPQ
DA:382,1,WSrVMPhbeMjgPR0oSSVeNw
DA:383,1,i0xfo3eg9AXO8vikbOg+gw
DA:384,1,oQLRB64stPto9fRiC1DOLw
DA:385,1,dDZU4o3WA8kOd8K5/fVJmg
DA:390,1,n3AV+C4vERLpcT7tIq76Tw
DA:391,1,VCj/ajN0xWgOMb34ROCkIw
DA:392,1,MRPo0tyz4NOeP2kmuMkD1g
DA:394,1,5mNMLcwgUtVVEQ1K+sVBeg
DA:395,1,pCf/WE+V9evCeD3tZOMoKw
DA:396,1,gQLsiGOXHa5YjResJsx7UQ
DA:398,1,71XURUXqdY81f+tehcDRoA
DA:401,1,pJFakQSi5Qam4TYgsmZg5Q
DA:437,1,VbRugru6R8rpBuDhgPlIWw
DA:438,1,F5gQUe210C+ek/UMC5s6gA
DA:439,1,8r5Uksn5M+Z8aRSls4rK3g
DA:440,1,NkFUM1zpvWWfl60SwQ1VaQ
DA:442,1,bx4gaQL71j+SCQwfexBBFQ
DA:445,1,LCE3wJLaWTb/qyH3hzGjFg
DA:462,1,lQ4KkClTjzQlam4owHgaDQ
DA:467,1,C5/8ZtsGedJU4O8j6Xe+oA
DA:502,1,cBmNMF2WxlZAQtBY7CwYeQ
DA:505,1,nsY0cjJQapkpjs+1ItcM6w
DA:506,1,O7rGwK/aZZ5ezGBj4/ixUg
DA:507,1,Rf6UBfztUWEdr8k/W9DGaA
DA:509,1,l7O/ZmuASYzY4zRwxlXtLg
DA:512,1,YRx02wS0AVep+nGrcb0DUA
DA:513,1,b9HO3rHSp4noiQ21EmBkNQ
DA:516,1,CaxcjxiA8/Dq6VpW6IRouw
DA:517,1,dRbeLCuvxswY+w+ocTqlPQ
DA:520,1,jBjpfWka4v1Y93dZMKwyFA
DA:523,1,hOPnc4KH5aapGNljBz6KeA
DA:524,1,lhcbUQqAkMa3AJMxveb+Yg
DA:527,1,cb31jK2Cqf57lxaDZ28KCw
DA:529,1,e84j/FN/fC3u8LsmmiN2wQ
DA:530,1,txt1AHN+JiVCnYtZ08P51A
DA:532,1,ix0HwRyr26rLMeriJ6rFFg
DA:535,1,d9+7UlR5e3UkvkTv22sLFg
DA:538,1,2pzl1oTrWnGEcpr7vjI1tw
DA:557,1,B/Fo9U4/nMeRNS1JjGZVyQ
DA:558,1,NY6fdcYh0cYkbTQY4EuITg
DA:559,1,AWyISWGZaOWfOcXtAAE/Zg
DA:560,1,t2d94MJnLclrCRcjEy8oZg
DA:565,1,iWfAfEILn1okx0EL3VNpag
DA:568,1,oSJkgqsQiC6Gx19/IPIOmw
DA:601,1,cBmNMF2WxlZAQtBY7CwYeQ
DA:603,1,MVcQLOOnCcK594OtuFQclw
DA:604,1,FQgmDxYKvcBeub+G1ssz7g
DA:605,1,+h5f2ZhcC7+A/HHv9SMfAA
DA:606,1,zwebbiswPajiuCIrWaqvWQ
DA:608,1,jh3ckMomQUrb/sd/kdFVmA
DA:611,1,0yZXg9vTGgycdQ6sO8ZucQ
DA:616,1,DtjjWphX1qCDKwWKeN22JA
DA:619,1,K1zaKjd7kLPjlTivoQ4pow
DA:623,1,czZeFtA0bC4PgUMqPBk8xA
DA:624,1,g+nxiOyLRyAKzFlyRtOgQQ
DA:627,1,zsZ+VWpycEBZPTByUfK/HA
DA:650,1,UtQDrVjG36dLKiw8TZnEPw
DA:651,1,RzMBC7Dsbw86aKW8jmnDDg
DA:652,1,ifqdzGqoW69QMp2nL8ES6w
DA:655,1,MmSHrvLiAxARMKTdULsLOA
DA:676,1,zijf/R9g1pxz9AGEf6beEA
DA:677,1,r6mcheOpEVhsf7wVSO52mA
DA:678,1,yValD8X2y2PEvQv/eQbjgA
DA:679,1,fI+2px8DSPPSIxs5ds7hJw
DA:680,1,NCAKGrRslrSJQr8uo624aw
DA:686,1,Y2fQ71qnT4iwb7xW6rDjjQ
DA:693,1,AKeMIMc7nUgyiy5UekbNlw
DA:716,1,1oT1gL7PPP8+rgcHkeGO/g
DA:717,1,PiROu+qnGERVD5h4o2UZoA
DA:719,1,XDSB/LWDwnDnX+dvcoUBkw
DA:720,1,r8ddnYh+SgxQPy3S5HW7Ew
DA:721,1,K6i2DN9MoIoVhWta1sRwKA
DA:722,1,9uWerJZn7WjZkaC7ZfYVog
DA:726,1,x1kNcZZzYZ3tfMaGFOcLhQ
DA:729,1,XAzj5+w5LO4Tqk3mNKmbfQ
DA:732,1,xxmmfP5lvpvI6J1nHu09kA
DA:763,1,QzAExSdn8AZkgbF5rsOMYw
DA:764,1,511tiEi32jDTdJC6a9m/lw
DA:765,1,eoaZMNfLGAlKY6U0wcn14Q
DA:766,1,+KYspzkHsg39UWyUTYCEXQ
DA:767,1,fFCBJ8NTIkGUNIojMJO3QQ
DA:769,1,1oT1gL7PPP8+rgcHkeGO/g
DA:770,1,PiROu+qnGERVD5h4o2UZoA
DA:773,1,G3/z6tEGwsB8je46Udl+Sw
DA:774,1,OVUKz7aaFpLc67MmUKbL2Q
DA:777,1,EdOqvVWYUKaHVOMlhj9CfA
DA:779,1,tUqNAg39uqanPyRLdgT+Hw
DA:782,1,bjcGPKkQ7tuMCjIi9catRg
DA:784,1,9uWerJZn7WjZkaC7ZfYVog
DA:790,1,5asbQcbEFJnpafOUvglBVw
DA:792,1,qNxM9tOZK/5lkXajmTgg9Q
DA:795,1,3hCdbrkkLM0tvywq+e/VhA
DA:819,1,WBqoSvgTVr0f4AcnIcEDLA
DA:820,1,TQr3HygDn0rxh1hvTHkGYA
DA:821,1,FjJwFlmURxhWc9rmvOUmGA
DA:825,1,txK95n8ZVme6J5mF9hCAiw
DA:827,1,JNf/IYxK/zrHJWM+NLqUxQ
DA:830,1,qm7v9nwNFeQ5n9h5ERnA1Q
DA:853,1,SxVPNvhafSG2Rcq7RRGR9w
DA:855,1,ufa5+hAHVFYY4Vx5qpTayw
DA:856,1,EDt4Hq/UeiuxYeEusBWCHg
DA:857,1,QGVSYW9uQq5ug+X5RGiRVg
DA:859,1,s0B+T+409r5X03ejHc6SrQ
DA:862,1,ThVoNbrQ4EAXy+MupC1SWQ
DA:903,1,P40rkHgm7g0B0uLSlLJKJw
DA:904,1,vwbEfZ/1mbfDm+xtBqdUtg
DA:905,1,BETEw1I8KmCZJ9x66SUBbQ
DA:906,1,JEimZCLLKevs3PFWltlAzw
DA:910,1,yq/x5zZWi7QAni1+6Ozikw
DA:912,1,HFmJpLKRQwfzLvoyrSZWWQ
DA:915,1,uHWDUwtzb+gpOTmExq2xng
DA:919,1,t2eQZNM706lYlO0ggAkQdA
DA:922,1,fbvO5kgW+kRzrDGfJ8jh9Q
DA:927,1,nG+HrgfxcadM9IXO1IYIig
DA:932,1,IfIb22LoMc8g/27MjHH1Ng
DA:934,1,iAoVL2CW0rrkw+MDLKhqyA
DA:936,1,vFMOYPdz/3rnWICFdsDG0A
DA:937,1,b41/gQAcVl7mDfx7RZb+gg
DA:938,1,oJNGvttf7Z3KvzA/FCzS9A
DA:939,1,Z8JPlTcTkGjelMi8XK1wPQ
DA:943,1,xYTsZqYPUlWICqbJrgJQtg
DA:946,1,YiNoDCWh0wnAn5N7eQ1qHg
DA:982,1,PmcmTYHxNkTx7HEkFD/FTQ
DA:984,1,dE5IIzgvdI0tciq73OeW7Q
DA:985,1,7OF9L7qTKxHjiVOVIuXw8A
DA:986,1,IilPW54O3AKHhIuaUGQ75A
DA:987,1,Rv4SJpoK+Xk9pv1WrvbgDA
DA:988,1,AUxvC+x76aohgjc8iqtesw
DA:989,1,N/R+dqGanWyuctjP7B/8VA
DA:993,1,ZesKrIW/8EVLpIKT6nSX+w
DA:994,1,JrOXMUBdELgZj4OKdz/Jfg
DA:998,1,UmXcDdB2xEmMP7ylOd4iVw
DA:1012,1,UBdAu2VmByFithb89QeqqA
DA:1015,1,pn1uQMhFOdNEoReTp5BXZg
DA:1016,1,NI8HcrdQLAj54/wyXzCFMg
DA:1017,1,fZujttKxoN+hvO53RitFFg
DA:1018,1,J2CLQF4QmqZ8F/DUKs0M5Q
DA:1023,1,8wnuRaT4Ridr3+2m0pJmqg
DA:1024,1,+6moKCg0L1b38EXuTvjG8w
DA:1027,1,DvN76isFNdZwbvQ43Ry2Hw
DA:1031,1,g5+tJ20+6pg9xbLdiOFpDw
DA:1033,1,ub2gjD8+VGJ+lPSoAZVxYA
DA:277,0,VQiHTrU/njpaz8cn1Hi5ew
DA:278,0,TBVhK+cC/P3AqroAEo1oKw
DA:288,0,e7zwSBt2Yz5jur65i9AbFw
DA:347,0,VQiHTrU/njpaz8cn1Hi5ew
DA:348,0,Y9GKW9xT8104KZ3P+agnBg
DA:367,0,e7zwSBt2Yz5jur65i9AbFw
DA:681,0,QZPIL9IO1HZAMWRvVnoOeQ
DA:688,0,4MRsc3BuL7//R2uo6iAiAQ
DA:723,0,7gt2JoEHJt+X360m9OR4Rw
DA:724,0,4N5HJl1HJGV1lPW4ngaCdw
DA:785,0,QZPIL9IO1HZAMWRvVnoOeQ
DA:788,0,csM4TQ+4sLK4g6O1Nz8gOA
DA:908,0,JSvgY3xL4ycYwSB67NFE/A
DA:941,0,WOVYsKGhqPVtoKsX1rGoDw
DA:1028,0,bv1YokYhHiKAFMh3Yjm03Q
DA:1029,0,Qy3iarzTg0cOrZTUEkzSKw
LF:245
LH:229
end_of_record
TN:
SF:/projects/restricted/relMT/relmt/src/relMT/src/relmt/mt.py
DA:24,1,gq1RHLSpHIxJMQ2Y7y83zQ
DA:26,1,IWWjrCeOtk8NNtrE95++2g
DA:27,1,K6fafzNgnCuohUzCUBbkmQ
DA:28,1,EZEzNmL93PY96zsSuI0PfQ
DA:30,1,kqAv4CRNj8TUJtZxnHA1ww
DA:31,1,8VoYFwUQMXV7Jz2ZjOlrNw
DA:32,1,kZ5d9KgMajUYs0CctLhhag
DA:35,1,wS0hCsDSpDtQSdNW+NZKDg
DA:37,1,lQ4KkClTjzQlam4owHgaDQ
DA:42,1,SSeAClYBkA1LI8Y/YMIqZA
DA:44,1,jptpWDbxbBBWxWcchQ+MvA
DA:54,1,HQ9MtNXcxGgx2mRmOUJc8Q
DA:57,1,0jgTgKHcvSKwGaG1IDaOzA
DA:59,1,393LIgmts79oqi1eovZmCg
DA:60,1,SXoFG84wMuuB02Wx6mvmSQ
DA:61,1,gaqqZqgTolENKVnEo3vnOg
DA:62,1,fFCBJ8NTIkGUNIojMJO3QQ
DA:64,1,8jLUE8bvrwcf6iEeLVeXKQ
DA:65,1,D/G5uTaaHeBnJB+aUFqCyg
DA:68,1,nWXDdxE7kLkWHjGwLABMMA
DA:70,1,/xCgBNm3/4GSR3e/3OhFlA
DA:71,1,qT07rU9blw26y3/bxAVZhw
DA:73,1,N5xMTOFyi6dHo8WXaX9h7g
DA:74,1,i5fnLKCzMXzZK3BhOdlTZA
DA:83,1,+zm9w8xtc6kTcUk9R3e1wQ
DA:84,1,9bUpwUemjyQdzePLJ5Zp3Q
DA:87,1,VEsoFV7KshA759Y2vuqGwg
DA:89,1,2+z9Nw9628iUO33MBaECmg
DA:92,1,yTWdQQaStIJeGh+gptESgw
DA:94,1,Qgm98gqqmLF8PdRVBV2UUw
DA:97,1,7Jo9LbU8uoecHucA8hPKUA
DA:99,1,MIJCYd+8ivbzrMwp34qJpw
DA:102,1,mdVpv+K4JW6+V1gXfbsAqQ
DA:104,1,x5J8Jy5rlBpnp8HTPoZ/vA
DA:107,1,OTVkwpMK55JuCAQ4ouZ+HQ
DA:132,1,EWQ0KY/L/CEPeWjPW6wx8g
DA:133,1,YS25egn7MQtxzrQb/FvnFQ
DA:134,1,nk6Qlnb216MintBOqqv/iA
DA:135,1,evH/BfVs5jvd/bfFOczGvw
DA:136,1,HiyX9xt609wWsK/F++mbOA
DA:137,1,THSXtiE6JO8IhAQr7SZwnA
DA:138,1,nmg7qZHYCJM6P+B+Qk1giw
DA:145,1,aYY/RuDcIKguMaV1WSlO8Q
DA:148,1,vahJRAL4hXWS512C6HAU/Q
DA:174,1,d9MfX7Q+M0OVruFpojSjXA
DA:175,1,C5sE+rRhGS/4iCXEVEFzhQ
DA:176,1,JE62JKYwNWAac5isqLup8w
DA:177,1,aI8jocA3psbMS3so79jMlA
DA:179,1,EWQ0KY/L/CEPeWjPW6wx8g
DA:180,1,YS25egn7MQtxzrQb/FvnFQ
DA:181,1,nk6Qlnb216MintBOqqv/iA
DA:182,1,evH/BfVs5jvd/bfFOczGvw
DA:183,1,HiyX9xt609wWsK/F++mbOA
DA:184,1,THSXtiE6JO8IhAQr7SZwnA
DA:185,1,nmg7qZHYCJM6P+B+Qk1giw
DA:191,1,aYY/RuDcIKguMaV1WSlO8Q
DA:194,1,wa16KVqxsrPmy7Lj7ZUIAA
DA:202,1,uA6eIIRnjJ8nqThcgbFb3w
DA:205,1,pUCHQmv6ecb+ZdoKOr9drw
DA:213,1,N/9TNA26BLcIDZ6x9PPkkA
DA:216,1,dRMdp5wN2opvabs+ge5+ng
DA:232,1,+mlFyDLG+6mb2RvnZapwUg
DA:233,1,Rxoyxn05/9vTbVj/h6pP0w
DA:238,1,tPEueJcD7ufAP5+RVcMqDw
DA:239,1,XBHG4ilEu77CasIXLol9lw
DA:241,1,BtO5s4FFw+hr+FubFlz6ZA
DA:242,1,wSzWf4geKcRM7ofEk7jDkw
DA:244,1,iURP2+V4NNUi7M+lJKRmsQ
DA:245,1,vIwpjWgQGk4eNGFvvK/xlw
DA:247,1,1DQ1LMM7V89GwEgWjl4O3A
DA:248,1,EETRIhkYuLTjwSMIXLVV9A
DA:249,1,1lbYYocNlAxATGw4kMuhWw
DA:250,1,UUBjYR/1thJMsN/jmppp8A
DA:251,1,HMPg3GaSo7SdBQxgfMU9mg
DA:252,1,jy4Pl5jkH+9uBx8fDwINWg
DA:253,1,Y5gETB8iPiv7d4HbBpNJzA
DA:254,1,oKtdHb87buVvKaTCXCqnMA
DA:255,1,58H5Op1reMwffQqPv41Rgg
DA:256,1,F+ZN7bZVe7rVmrF07qxtcQ
DA:257,1,mOCSKhf4FUkQA4iqntC0Mw
DA:258,1,CbpBJmNMAcXpAFwGH3jiCQ
DA:259,1,x7l5msXppFloThH1bvdP2g
DA:260,1,Xz7LXf9rBpLBDsgGJwhOvw
DA:262,1,vJwTsKChYGqF2SGOv1JB3w
DA:263,1,p6K0eH5TA//l0md0PhctNQ
DA:264,1,lzSodkKuIpdzxQNyXyZJUg
DA:265,1,UUBjYR/1thJMsN/jmppp8A
DA:266,1,MrQ0L0te77Ug++9bsWz1cA
DA:268,1,NyX8KtOCZq4XMBKWDgPH0Q
DA:269,1,vUFAjqL5egcy9udqnwfs3Q
DA:277,1,W7ayiOYHJqspG+PWd7/qAA
DA:278,1,U4KY6o3IKH7wT5EnUMuHvw
DA:280,1,F9+mlvdzBovS1fP0yR0hqA
DA:286,1,clIUwSLVfeJXxxpQu/S80g
DA:292,1,sOKC6yqkK7qtyN3/S3C0zw
DA:295,1,iSS6pxoNBYjVQyiL2PvD0A
DA:302,1,5zCi0hdLeWXdrEkxZznltQ
DA:303,1,twXmtTXASN1CA3Fpznaizg
DA:305,1,sEoPhmZ+AkVep/IYLmkvlA
LF:98
LH:98
end_of_record
TN:
SF:/projects/restricted/relMT/relmt/src/relMT/src/relmt/plot.py
DA:24,1,q1RHh75LuyX3aEmwQcCN5A
DA:26,1,IWWjrCeOtk8NNtrE95++2g
DA:27,1,H6Ih3lhVTepkL/uzTHkubA
DA:28,1,Ta3mid19X3Y8Myns3vBGoA
DA:29,1,FCvNLqQKu7KvofRLV0PUMg
DA:30,1,NBk7HbOblyss52OPIowlLw
DA:31,1,yhIYRqQnfq4fsWur39Xa2w
DA:32,1,EZEzNmL93PY96zsSuI0PfQ
DA:34,1,kqAv4CRNj8TUJtZxnHA1ww
DA:35,1,8VoYFwUQMXV7Jz2ZjOlrNw
DA:36,1,kZ5d9KgMajUYs0CctLhhag
DA:38,1,POu16N+OKcTu427SUi8j9g
DA:39,1,tZEMkUEvorDy3zvTb2lzmg
DA:42,1,JdNL3o8L1hVdcHbYA5q9HQ
DA:43,1,gPXzQsu14dILxCPqfWj5pQ
DA:76,1,jAS17UyXZfH8Z5An+18HVg
DA:77,1,QnzRLJ+CPET+AGM1EyOqNg
DA:79,1,CJlUWq/dvqcvAH78CfhR2g
DA:80,1,aP4gitNVPzts22qeXyRUdQ
DA:81,1,FcIVuay2SWhPirDcXN9tcg
DA:84,1,JLemPoghizVqAxmPdwmtAg
DA:85,1,V8nxLA5MWjHxJHaN/b7Gcw
DA:86,1,SDb0ZmCSYTk9RJD67hWwbg
DA:87,1,bG3NVPCyVQgoKlasFpFsFw
DA:88,1,C90GaR7ZrD5sAkSOKz8+xw
DA:93,1,+dCkvEaBhgJhuXNN4rpsMw
DA:96,1,Ds7x456wJYLw+huD4XRzIA
DA:97,1,V8nxLA5MWjHxJHaN/b7Gcw
DA:98,1,SDb0ZmCSYTk9RJD67hWwbg
DA:99,1,bG3NVPCyVQgoKlasFpFsFw
DA:100,1,oeY7azPVo9LzDscPaZKn1Q
DA:102,1,+dCkvEaBhgJhuXNN4rpsMw
DA:106,1,V8nxLA5MWjHxJHaN/b7Gcw
DA:107,1,SDb0ZmCSYTk9RJD67hWwbg
DA:108,1,bG3NVPCyVQgoKlasFpFsFw
DA:109,1,IZSeucZf0hvSlJzVEazRsA
DA:110,1,+dCkvEaBhgJhuXNN4rpsMw
DA:113,1,9CMN1UAvCAccZ4Rci6ujsw
DA:114,1,TFnimcfTPgXiYdhHaaioDw
DA:115,1,npXjCRI16S8o1OP/87IXkA
DA:117,1,YlW8aBFjVb0ZMYCgkBxTBg
DA:118,1,wfAfBc8iCDIxWr6o3958UQ
DA:119,1,b07p67No5cqoK4C5mI6ZGQ
DA:120,1,5jy8ZNfJSsgsDDnSocuVkQ
DA:122,1,MD8f2jRMkR8KrUQd1aT01w
DA:123,1,dR/34SNgJcELekAxtYwgKg
DA:126,1,/HXQrXkqzXSGBzYoZijiIg
DA:127,1,079AcaifJhukSGbDG4AKvg
DA:130,1,wy9Jw0uxGdifPQR/mmqg6A
DA:131,1,WN5Eu4/Nc0my0Zv79CWwpg
DA:132,1,hTuycDs5Krzr1oXZ6+52AA
DA:133,1,AnAemh1QOOnqU2T+KYRRiw
DA:135,1,YsSFMHbGWHxTUve3/TfqcQ
DA:136,1,cTUIa8m84MddcbWKCpaOjg
DA:140,1,9kXSSwZ0O+tEyJjozDGm4g
DA:141,1,KTfF3MMLJeMvjzA/UZ2QuA
DA:142,1,kwE6LGbgRRuGvXnifhpdXg
DA:143,1,6tbMa38w7F9C2dVBlRfqcA
DA:144,1,dFZWL6/HIbB6N1/nBwk31Q
DA:147,1,Ka9qUjl0FdDk5kdrpOuw8Q
DA:150,1,qGUT0VZxPRVI1zUFto+bsA
DA:153,1,G2KEOHILh5DtepjsIE3EaQ
DA:154,1,Oj92ewupls2BaBkxIdvEJw
DA:157,1,rMK6PGT1i7Gdr2OH5nisOA
DA:158,1,o1YzVIbIhBKWEAQR7L0ppA
DA:159,1,yUwm2OERj2eC5zBiPxL0Cw
DA:160,1,LZ1m9Ett37768JyBKOylGQ
DA:163,1,121fHBQ1Tsm/au8rygHSXQ
DA:164,1,SXUQDDrDm7YG1lGMHbM2Dg
DA:165,1,oenUOO/yp879aku6dWwzxA
DA:166,1,Ici1LrgXcDQ8ZAyie8/Fxg
DA:167,1,q+cZgF/HSovoY1vt4mjeZg
DA:168,1,QmPP5iv7Ff0E9dX2s8+rPw
DA:170,1,PBu5G/Tx/0QwCLIXfzZZ6Q
DA:173,1,EOrTt+09LjDCQ0cWWdwHKw
DA:219,1,xLy6YYvagnhdqepau4Me6g
DA:220,1,QnzRLJ+CPET+AGM1EyOqNg
DA:222,1,5PcQ/Yop1y5x7Og9eq16qQ
DA:223,1,5KvxiFWQXaFLvgEDSjr6iw
DA:225,1,QgyfoE8HzYjDEOEL2qe0jg
DA:226,1,i7+dKqgJreBT/GlWe6MkbQ
DA:227,1,JML2qYgMVR6aNB2r4LrFjQ
DA:239,1,AVnN6LH6pW0oTRNbZSQuMg
DA:240,1,6kpS5lc3e24PaAkiniP25w
DA:242,1,YsSFMHbGWHxTUve3/TfqcQ
DA:243,1,faU++3XYTBI2cdAvj81kYA
DA:245,1,j9QgwVRXPWYhxVyMJyuM4g
DA:246,1,4cJCkXinZy2VFOayHpDEHw
DA:248,1,zyfB4N9cTBJxKir80y09jg
DA:250,1,qclp4p9PL0kcxEmXJYrovw
DA:253,1,dMGY6kGX29hI81nJt7b7MQ
DA:262,1,JfbDtlREy3rWhyEQu/eJ7Q
DA:263,1,0YeQkqSbKQtWJtI/elyK1g
DA:265,1,ZzQWI5FWe5EjJloy3csiKQ
DA:275,1,rMK6PGT1i7Gdr2OH5nisOA
DA:276,1,YhgCTsEYrR6llOGROsRT7w
DA:278,1,G2KEOHILh5DtepjsIE3EaQ
DA:279,1,QPJXMnCUoX73L3UFRV0byA
DA:281,1,PBu5G/Tx/0QwCLIXfzZZ6Q
DA:284,1,1MpmL/H9VKpsKX0b1SGiZA
DA:307,1,78C0iSS5sMuNrr5xiqDn4Q
DA:309,1,K5ehTWufZF7Gc7/nlMkMfA
DA:311,1,9CMN1UAvCAccZ4Rci6ujsw
DA:312,1,wy9Jw0uxGdifPQR/mmqg6A
DA:313,1,IP6/CsWrP9/yDLBy0HT7og
DA:314,1,WN5Eu4/Nc0my0Zv79CWwpg
DA:315,1,wU1nK/5tKes9APQ5bU+oBQ
DA:317,1,wh6UhYX31+RrB2fPH4smUQ
DA:318,1,XUpeE6BlQCtjEyK0wmM1cw
DA:320,1,D6o2Cgj/60aF8dxxjU6xAg
DA:321,1,i4gcNfqXWsGFf5ysvYzjHA
DA:322,1,YMKRA/Cg1bZclwf/AsZ87g
DA:324,1,yeNEC8T8XSAFb1Fp2fIUFw
DA:326,1,HbGgqMEevKWdjrI0TlFexA
DA:327,1,Of9NJ1ZswueEYMx9eK9PNQ
DA:328,1,FGhoqRqKCZ7YSY/tmGz/sg
DA:329,1,R103N4qMV/UxLarCqi2i7w
DA:330,1,EtMPHyQ8JuS6B2VQ8YvpUw
DA:332,1,EPpWRWE3mLvuvWd/vGGRfw
DA:335,1,PzqYTn2wbbQbze8KV+k0Xg
DA:361,1,2JThCv6kzo71G1ddWaGYcA
DA:363,1,K5ehTWufZF7Gc7/nlMkMfA
DA:365,1,9CMN1UAvCAccZ4Rci6ujsw
DA:366,1,wy9Jw0uxGdifPQR/mmqg6A
DA:367,1,IP6/CsWrP9/yDLBy0HT7og
DA:368,1,WN5Eu4/Nc0my0Zv79CWwpg
DA:370,1,nQKL+ZPLfwsnxIsfX6g0+g
DA:372,1,7hHwo0BjTnANwtFQg6NrfQ
DA:378,1,DzC68NDD56XXKk/gd6h26Q
DA:380,1,D6o2Cgj/60aF8dxxjU6xAg
DA:381,1,i4gcNfqXWsGFf5ysvYzjHA
DA:382,1,YMKRA/Cg1bZclwf/AsZ87g
DA:384,1,yeNEC8T8XSAFb1Fp2fIUFw
DA:386,1,HbGgqMEevKWdjrI0TlFexA
DA:387,1,Of9NJ1ZswueEYMx9eK9PNQ
DA:388,1,FGhoqRqKCZ7YSY/tmGz/sg
DA:389,1,R103N4qMV/UxLarCqi2i7w
DA:390,1,EtMPHyQ8JuS6B2VQ8YvpUw
DA:392,1,PBu5G/Tx/0QwCLIXfzZZ6Q
DA:124,0,o33bGRH1cuzz5xOslf+TCQ
DA:125,0,P7VaSqwzDPsEUAStriYJyg
DA:231,0,g56K2z3HsQhAKhuaAj/Tlw
DA:232,0,i7+dKqgJreBT/GlWe6MkbQ
DA:233,0,5gvKEkw78GLsYdV6xcGwoQ
DA:236,0,i7+dKqgJreBT/GlWe6MkbQ
DA:237,0,6p9NGwIx15X+7+mPtTObfA
DA:266,0,Q1AMG1ivfoiPK5EFUGL7Tw
DA:267,0,p+ISWydR1vSvEFFcJWjTGQ
DA:268,0,btuP8wLrrB2s8G7gjZsieg
DA:269,0,BXW6H5U1uR9hOJPYmzuN2w
DA:270,0,CaCmrM7qsIlhP4trml17yw
DA:271,0,si7Z6aF1xBCf/DX/f7Bnzw
DA:272,0,DxHGlza4vt99xGyyd3imsA
DA:273,0,PrhpgpG3U3EF3DLmwsp0Cw
LF:153
LH:138
end_of_record
TN:
SF:/projects/restricted/relMT/relmt/src/relMT/src/relmt/qc.py
DA:26,1,Y5zuIL7Pjp6aprfLWxMDUw
DA:28,1,IWWjrCeOtk8NNtrE95++2g
DA:29,1,EZEzNmL93PY96zsSuI0PfQ
DA:30,1,c1M3Fx/i2jB3C3BzO/zGag
DA:31,1,CRzivYE1oSesROxXam/W/g
DA:32,1,PJI8/uhfYStUhKtgJWP4eA
DA:34,1,kqAv4CRNj8TUJtZxnHA1ww
DA:35,1,8VoYFwUQMXV7Jz2ZjOlrNw
DA:36,1,kZ5d9KgMajUYs0CctLhhag
DA:39,1,ohL4O89urcZxAyFf5Y/tnQ
DA:43,1,OgHcZm5oXNIl6HAk/iJUcg
DA:44,1,wXeBDitdgXjkNCkjSvu26A
DA:45,1,CQOGqAqxjStvPdc168+JPQ
DA:46,1,6W81gzG+JfF8BH0exrdsBA
DA:47,1,P1ba8Dnp8Be+VF9f63N1Yw
DA:48,1,oVGaAafS2b9dW5tIZE2gww
DA:51,1,BIZAXjhg0kOmpVbBiumHKQ
DA:56,1,k5H8idQda5ZGMXHqoy1gHQ
DA:58,1,IolPvYbPmGMS567Hl7fnmQ
DA:59,1,WBNd4/GfP7ywwtNiLEJp0w
DA:60,1,DZTuWGiBD2o8lq8agy6mxw
DA:62,1,0VKaU9QHjOsedboCJP2qhg
DA:65,1,Vsk0oX+IdFSiZ8l3gmxflg
DA:83,1,s33PSRv2af2Yv4q2gPjIuw
DA:86,1,n8Etj5LtsdaVx3Lf4xqiRQ
DA:104,1,Kt0TmuW0NXFf1Avtth8kWg
DA:107,1,XPGtW+OjamJkhFe7IWGpUA
DA:125,1,qy6A5qclJur3n/iUyEwPXQ
DA:127,1,gFkOzn2UyuB8zIeSHGJPKw
DA:129,1,R+8InUbBHLa2qQoc7tpflA
DA:135,1,R+8InUbBHLa2qQoc7tpflA
DA:144,1,Xp5X9SdAzj5GhR8YaBppSA
DA:165,1,qy6A5qclJur3n/iUyEwPXQ
DA:166,1,gFkOzn2UyuB8zIeSHGJPKw
DA:167,1,R+8InUbBHLa2qQoc7tpflA
DA:173,1,+DyF6Y2z+XGqn7wHJ0xZjg
DA:189,1,A5fQYvRYZrJbjFVCBWvkOA
DA:209,1,rtMMlLZ/A5DaXfROf4XhRw
DA:210,1,ILtBCbcQOFUswR3j+AOCew
DA:211,1,gFkOzn2UyuB8zIeSHGJPKw
DA:212,1,o+4v1VMmODouwV2rGZRGvA
DA:215,1,+DyF6Y2z+XGqn7wHJ0xZjg
DA:236,1,XBOcE/rk0isKYMTCKHOQRw
DA:278,1,rtMMlLZ/A5DaXfROf4XhRw
DA:281,1,9R+Slk+zzKqhWps1nXTg4w
DA:290,1,gFkOzn2UyuB8zIeSHGJPKw
DA:291,1,gz5Bwi0HanEF0BBusvlLhg
DA:292,1,PjYpNtsBnekgoOAsc33+ag
DA:296,1,/3qRgAl5b2SxB3+TnuZ4GA
DA:297,1,MpVRgUHOAdpgZeEWP016CQ
DA:298,1,PjYpNtsBnekgoOAsc33+ag
DA:307,1,JTBQeDwSUtYMd9OtepafUA
DA:308,1,O7KA5a0R5CE7mv8Mwif5WA
DA:310,1,87wDnY0z/bfblPBAxtQKaA
DA:311,1,+XQYMo/B5KhPJ/wTWv2cSg
DA:313,1,mfvLYJiYOgIHrishSUF55A
DA:314,1,8e29tt1jltbg6By/ehL3sQ
DA:316,1,H185T6VXbjQH7wGwA/ntUA
DA:318,1,BPiEdvXW/BS5ASoLK/qwtw
DA:320,1,+4vWxtltQx/kkdDsCf3HrA
DA:321,1,mT4TgN/aijQ/iZIi5u0KwA
DA:323,1,0oqDX0iEzd5eapJ1bLlpPQ
DA:328,1,79/nvzGB/WlAS7WBS89Agw
DA:329,1,4CicAEIqmqaOJdfbLBMd7g
DA:332,1,TNovNOu6EwoVQApSE2azKw
DA:333,1,CSopXOLrcSZErJpEsw2WAg
DA:334,1,Iyx/wKWnS3XABckDG4O/gw
DA:337,1,yoyDCHr4XuWwvPb+zIXiOA
DA:338,1,fSgzJvpmX2tMn6SQd2RKIw
DA:339,1,eEY/jCqq0C2qylwKKi6Q9Q
DA:341,1,V15UQwejUlBTp/vDw9J5lw
DA:342,1,q/57JbY428E6wz82TBdk1Q
DA:344,1,GWmLIZqUga13LhW8vKGFbg
DA:347,1,qwi5WSQuRvT03AJAbr0/Qg
DA:366,1,Pe5aWZB9QlC0VEJAcQYg0A
DA:368,1,obs+EqSnxa9bTgEZ2SbHZw
DA:371,1,/W4p65Qhda/eHNVYLNaz8Q
DA:374,1,8kXmexzOZyjblgJ18GVcEg
DA:398,1,m4U2GB67EbS1Ie961Q1Kww
DA:399,1,/W4p65Qhda/eHNVYLNaz8Q
DA:326,0,ii8N1ak17m4QdnG0lD6psw
DA:369,0,bTFnBY6mRqe4IDh+GGzskg
LF:81
LH:79
end_of_record
TN:
SF:/projects/restricted/relMT/relmt/src/relMT/src/relmt/signal.py
DA:26,1,IWWjrCeOtk8NNtrE95++2g
DA:27,1,QNzOEHsUY1u/KnsnaOBzsA
DA:28,1,JXLQbaIXvh+mFoz34KWwng
DA:29,1,EZEzNmL93PY96zsSuI0PfQ
DA:30,1,PJI8/uhfYStUhKtgJWP4eA
DA:31,1,gHQONqGX/kL9mlg9tkWeFw
DA:33,1,kqAv4CRNj8TUJtZxnHA1ww
DA:34,1,8VoYFwUQMXV7Jz2ZjOlrNw
DA:35,1,kZ5d9KgMajUYs0CctLhhag
DA:38,1,DveEyIGLntYC8HLi0GrIoQ
DA:39,1,LSkuZt+B0ROG5moPWJQj6Q
DA:42,1,sdHQBk77qpvHeyRYP+6AhQ
DA:44,1,cz0fTvP2KJJA3G55V6C4Fg
DA:47,1,LI6nGDzy+PNo0dGiI+7BZw
DA:77,1,TrmSeTklS9Q6Zv2eMWlPug
DA:79,1,FzoenOxb91nncQCRIm4brw
DA:80,1,pLvHM94fCOcm8SvedbKMRQ
DA:81,1,SL3Sr2V0Ieew4oigOZRV6A
DA:82,1,1Em+wKXVuFvilksJKQZFvA
DA:83,1,8yDel6GCzuRs4w3kPDi2rA
DA:84,1,xoiS/4EDsceHhA8u+iMIOw
DA:86,1,TQQegkZ2MmDzbG+AqtJbiA
DA:87,1,iWfAfEILn1okx0EL3VNpag
DA:89,1,+JuXNrYv6Jjq/n5Aphk6IA
DA:92,1,MsKce8l8rsARJTq9SM17Zw
DA:110,1,h7C0QjSPg1bnny4+xPPFww
DA:113,1,JdNL3o8L1hVdcHbYA5q9HQ
DA:114,1,77jEtaV6dJAa1WCaZ9QLtA
DA:131,1,P2kSa2WqON3P86bS6Ur2zg
DA:132,1,BSm+4g+cEYJbecykhhcOtg
DA:133,1,O+YQiLjKPirUyi5xwdmabg
DA:134,1,HrSMg6vZTkJKCFO0Rmn9lQ
DA:135,1,oivHw2BC89NI66F1Ttk3BA
DA:136,1,ytaQAKfhTiS/pDAuiLL9Cw
DA:139,1,JdNL3o8L1hVdcHbYA5q9HQ
DA:140,1,ajNMOEWwf/YWcyqJ9NbyIQ
DA:156,1,P2kSa2WqON3P86bS6Ur2zg
DA:157,1,BSm+4g+cEYJbecykhhcOtg
DA:158,1,UP6egEQsAEu6N6VgLkvFag
DA:159,1,T6fKnHiZ0CAwNrilRE2xTQ
DA:160,1,ytaQAKfhTiS/pDAuiLL9Cw
DA:163,1,VDVBRvfbX0CX3+6BFJGQTQ
DA:179,1,YoSQ7lPHS+xtIi9Hf1/HuA
DA:180,1,VSjKKzNoWsZruv1injROAg
DA:182,1,Tyh9wWE3LcnQTu50CyH8Yw
DA:183,1,kF2VvZyUJTGtiqbnW5ZfVw
DA:185,1,ytaQAKfhTiS/pDAuiLL9Cw
DA:188,1,VS51Z3vRHTLIFkkQcO0IQw
DA:209,1,H3jw8mDeX180A+CRA8vL0Q
DA:211,1,l4BxeBTEv8BPBhlxLBiylA
DA:212,1,AtxV2ybHw1hEloZn8OGvzA
DA:213,1,CkHIRBNjG3R6v4thKPdokg
DA:214,1,PDqoagMuT1dZjdZcCfpqNw
DA:217,1,WMKsV3fCG34eJ2MGmvsRow
DA:235,1,2eAAj8nONXaNA5aRfMBHtQ
DA:236,1,r+0qmTK0RMe7rwuq0YiteA
DA:237,1,qu0XTj4aEx7g5l5oswlp1w
DA:246,1,bYwZT3hgzjV3RgS/gn1NOQ
DA:249,1,JdNL3o8L1hVdcHbYA5q9HQ
DA:250,1,0P6zy1eah/K95vmYwB1ecQ
DA:275,1,JBQ3L4DOFzG4aUdpqUnlOw
DA:277,1,Gv/yzPpIvgxBqdp0GYOiLg
DA:278,1,bnRhnW+KCoaLydUVbT1+rA
DA:279,1,XLf0we5+1mxFGxIhvpL3mQ
DA:280,1,AhsF1Z8XujSYIeVG8JqGZw
DA:281,1,mXHoDb2RbFCVOvyiWF4GiQ
DA:283,1,wpSooI46lcRIUYmTVSH+GA
DA:284,1,oqQtyJgZqKoVCyCzNK7qaw
DA:285,1,htbPhIQ0pT9ZTqyLuy7uSg
DA:286,1,bUFsoq4zp4x0hRv2IW7okA
DA:290,1,LC9k9Nvn7KBFRy5iFReV1w
DA:291,1,7l3j+5x9vYma2kPQX7mkhg
DA:292,1,UvqP3is2y0VN/zEaYOa4fQ
DA:293,1,8OyUMSloYVV5Xmv3SCQJ2w
DA:294,1,iZLGammgWUUmzXyxpm2MMQ
DA:295,1,v7lAjqIq+OAxQmOWQvXG+w
DA:301,1,6FgR1wt0ieYX+lZ/r0sdyQ
DA:302,1,6rsL439fxWOtROlMMz1YSA
DA:304,1,xuQRMw+otGYqVgdgotWCrg
DA:305,1,GpcEJdhIG9lAvmfak9CVwg
DA:307,1,3RQD/7R9Fj92GvK7mPD1OQ
DA:310,1,htV66PpLT0oERPjBA7QZ8Q
DA:313,1,kPipkjqF/f8ACeHvz5YjCA
DA:314,1,Q+1jwA+vDf3pBxyuycEOPw
DA:316,1,ajheuYeDNJzQyMr6EMh2ug
DA:319,1,4jMeUbUR+1dOoIhu/61DqQ
DA:323,1,GOmwxEts+cLZH7MVqSMe3Q
DA:324,1,7b02Bn5Vlw2wgRh5rqjirA
DA:325,1,lVvdEmODRWg8lB+ejTKvmg
DA:327,1,rh+lAc2Fj6SuTxAQrRaJSA
DA:330,1,+SKcrjJ+S677ZJFxJoD6Mg
DA:332,1,l11xOu4yw8SxgRqTaPEv5w
DA:333,1,Tc79oIPORefsSws3sN7qrA
DA:334,1,R4wnXmBne45uaYgOGtlJAA
DA:335,1,7YbuJ+b0M3/cFGN/Xw2EAg
DA:336,1,PECfaQ22kyzxNzgodbMLww
DA:339,1,+/f285ktpEzOdtgBvJIYaQ
DA:341,1,LbV9kKri7CQLlYQvfqUftg
DA:342,1,9PxdmdgTyLgu5AL9WfHxYQ
DA:343,1,wNEQpgQUP/11NAOPBYoSug
DA:346,1,q05GDgm1t9b1feoMdCqS/A
DA:362,1,2ci1JV3+coOXMlM0TsteSA
DA:363,1,r+0qmTK0RMe7rwuq0YiteA
DA:364,1,OXrJsAcOpLPe0uUWHC0Rgw
DA:365,1,MMJyDWZLw7RYUA8y8pJIpQ
DA:366,1,bYwZT3hgzjV3RgS/gn1NOQ
DA:369,1,IIj6hKyiZg4cOcLonu0knQ
DA:385,1,2ci1JV3+coOXMlM0TsteSA
DA:386,1,r+0qmTK0RMe7rwuq0YiteA
DA:390,1,fVETErl74Y38pQbV6RPDdg
DA:391,1,HRntJpzfHH47kjwogjQsaQ
DA:392,1,bYwZT3hgzjV3RgS/gn1NOQ
DA:395,1,ssls8EYGbEoYAfAScoIVqg
DA:414,1,4K6ApvL/9SVtovtPD9hFGQ
DA:415,1,H5u9ktGNKsRcmUuCLz/LVA
DA:417,1,wPiJBy7N/XUaEkIKryyxug
DA:418,1,IpH8sOzHaqEAaNzGBb/esA
DA:421,1,m/lJvfAqp1BOoQympeCbPQ
DA:423,1,F4t9xdBdBrbpFmZBFz/jYA
DA:426,1,JdNL3o8L1hVdcHbYA5q9HQ
DA:427,1,ETf/fBypUqeZ53/azrv8Bw
DA:448,1,7x1axPLb9+A6Ci6NtNCuRg
DA:450,1,7sJWkLcK323ooFiGB88ILg
DA:452,1,kOmFppRnsDpmfCITw2+QeA
DA:453,1,y4Jbnyiq+DQg+ibRVle4rA
DA:456,1,tMKFsj/eyZBjstiHtaAY+A
DA:457,1,K6AyA4tD+9fd9U7beVNpEw
DA:465,1,wVC4QHyAvx1qKMADgKzxNw
DA:466,1,w/2vTCQPwxNE8jAosLdKEg
DA:471,1,Jc6B0F7uOJoIjQX15ZnhvA
DA:476,1,PV+M65MwFqENNSpAszhNIg
DA:477,1,VC21q8NFbCjFrMf/Q4Ga4A
DA:478,1,+LcyloWXyvmmduD6Odm0DA
DA:480,1,3s2jf7rm372lw4yEwMWsVQ
DA:481,1,H4x6ZZR1Btif2EligTDIMw
DA:483,1,sbIC0FYRlb/EdDg2b++t2Q
DA:484,1,k9Snp8zKBh2IC/rZIJVeYw
DA:487,1,EIZUr2gmOeBTSrrGm8EABw
DA:490,1,i9cNbPHsyKDwH9L7b0vJPA
DA:495,1,IA1kgtPcFNCtSYzOtVwsWA
DA:514,1,QkppPzSCvATAGoq6kYgTpw
DA:515,1,HOaEMK/C5Zqjr1wsFMeLOw
DA:516,1,boAt19qQCHJTZrYEJEcBMA
DA:517,1,A/IkEOdGtUS029hI+r2Ktw
DA:519,1,CT2T4VIc3otoyrKJI0+XpQ
DA:520,1,iWfAfEILn1okx0EL3VNpag
DA:522,1,WncO/3+I2Ejs3F/IOI1GGQ
DA:523,1,qytMgCM2CSh4QjS7IAxlIw
DA:524,1,T3qcRCIdStMWafs97yxE0Q
DA:526,1,tCeR1hfiYTHZUu+GH/kvfg
DA:527,1,43KXo7r1fWNw1xH2HBtO4A
DA:529,1,qytMgCM2CSh4QjS7IAxlIw
DA:530,1,VTzw1keMHSRvfNrfAlNfjQ
DA:531,1,IkG7MCx5630sytS37h73bg
DA:533,1,2WKcFtY3TgE82Wh2fGk7CQ
DA:534,1,liXUsiLD+hS0xae3s3jdwg
DA:537,1,deIaU6uTWHEPSM2OycwCOA
DA:577,1,SO9KTCFkXnNw9dw9HAQ89Q
DA:579,1,pj+McUW5LPyKzLhyioDrEw
DA:580,1,FkSMwQbTabqJcuJFs00L9w
DA:582,1,Ej9UAV++hN5nGrux/xnYQw
DA:583,1,MlxYb2rTmlpb+j8PGKzEkA
DA:585,1,u6ciurSeEfPwOLiL/aKNSQ
DA:587,1,ja4opvDNZY2a2Kn7DbDJjA
DA:588,1,wSnOG1wlSiKFjSdgR4+fCA
DA:590,1,BViPYrVddR30nc4NUvtADA
DA:591,1,H4F5GGh9uwg3k6DYii3qGA
DA:593,1,6iDzJSdNGAVxAMIGQtIprQ
DA:594,1,fAGmBTQUro65RAYjVDiHVw
DA:596,1,1mVM4tEPElxxCb875yc3Bg
DA:599,1,JdNL3o8L1hVdcHbYA5q9HQ
DA:600,1,rXucN2UCoKxW9MALjIqS1g
DA:644,1,JdNL3o8L1hVdcHbYA5q9HQ
DA:645,1,fq/lI4IxmpjrmYXDph7pIQ
DA:703,1,QEhLYXFJUQKuMPap98gqzw
DA:724,1,BlN0oITIp/2J9ETMdlMspw
DA:287,0,uhaiFgG5xVpuDrZmHuxdjA
DA:288,0,0MdyCX0fNjf3GeKuBhN9uA
DA:289,0,Z+QWF3M97Nzrlhfsqw1daA
DA:296,0,JWOkd9rMqqmGcMaAC2UP5g
DA:297,0,PSNsNXU5mYDj60jas9B84g
DA:300,0,Z+QWF3M97Nzrlhfsqw1daA
DA:626,0,tMKFsj/eyZBjstiHtaAY+A
DA:627,0,W2kFmSqfkay0dWOkDIxEWA
DA:634,0,K6AyA4tD+9fd9U7beVNpEw
DA:641,0,8szYpYRgs+YF5ZMqm/7xEg
DA:673,0,FQA1Li2Xfyd2gplF1XrSMA
DA:683,0,fd5jwKCiwPuyfcmg/EIYEg
DA:686,0,AEw9UWrx3Kmc884JMjLwXw
DA:687,0,iZxHyBqBTdCSM5xROBBZGQ
DA:690,0,FQA1Li2Xfyd2gplF1XrSMA
DA:700,0,BzI75O8/jaki2qEYQxVfyg
LF:192
LH:176
end_of_record
TN:
SF:/projects/restricted/relMT/relmt/src/relMT/src/relmt/utils.py
DA:26,1,IWWjrCeOtk8NNtrE95++2g
DA:27,1,8MKzAhQW+NlXf9GS4PY2Gw
DA:28,1,WpEjgxacqgxANZhpobgHYQ
DA:29,1,EZEzNmL93PY96zsSuI0PfQ
DA:30,1,PJI8/uhfYStUhKtgJWP4eA
DA:31,1,Nb/LCS6xOB8xClMcSCTEkQ
DA:33,1,kqAv4CRNj8TUJtZxnHA1ww
DA:34,1,8VoYFwUQMXV7Jz2ZjOlrNw
DA:35,1,kZ5d9KgMajUYs0CctLhhag
DA:38,1,YCkbPoLpFcJ2JsyF77tGTA
DA:49,1,B/Fo9U4/nMeRNS1JjGZVyQ
DA:50,1,XpdBQnMmnOtc1xN8FDRQeg
DA:51,1,s/ndlNoMXGvfqAcZqtWphQ
DA:52,1,waIHLU1VTpe7OLaXqAq8ng
DA:55,1,xDYYp/wWjnM3zAKhxTkGeg
DA:64,1,Ph5QK8o/LyQije1qExARSA
DA:67,1,EezVhbAkcCuKYhqRhV8Wrw
DA:74,1,L6rOfD4BHySjeJ2JZHkd2w
DA:75,1,pA8CP0HBM89am1YmDN1Iug
DA:77,1,lQFluYVIWSsIo5ztHbv4pA
DA:80,1,h2xS7PnmYxtQoGHhvYO58Q
DA:111,1,dRufJvQcw33RXgsqpGM1/A
DA:113,1,hKbzPZrfu13tCvWTFoJUgA
DA:114,1,GqQHomXderQQDjvJ3vvhbw
DA:116,1,b6t4A4aaPas5l05ItRa9Pw
DA:117,1,PxHUmdsqiMzjro7ASmHxIw
DA:119,1,B/Fo9U4/nMeRNS1JjGZVyQ
DA:120,1,kjS90knwUYgM1loGOkPAbQ
DA:121,1,fxFU5LOPeP/6ims3jJn4wA
DA:122,1,nnVRdoug5rMeoeZg5Ss+Rw
DA:123,1,p/0z7f8/hjyPIf+Llv8F3Q
DA:124,1,Axnntd71urxl7yVD1rUggA
DA:125,1,bFJhl4FeHXvThjLbSWOg1g
DA:126,1,3q64NI4PC5Ngb9f0jY/osQ
DA:128,1,GNYn4bLuN9DIueAdlwjySQ
DA:130,1,2GKjarBRod3400YQVTSecg
DA:131,1,Y7xXPxfyic2aAUA8thqanQ
DA:132,1,IH4YOaiY9kONdNYDo/vmzA
DA:134,1,c6PRRyusNZqt5hP263iRCg
DA:135,1,QW0vl6mVqW5CWYV1DtGnVA
DA:136,1,b8jW43PxjN4+DyurPrKDrA
DA:137,1,WKUXAY+mP/2+oxNRXOiFgQ
DA:138,1,efEZSV4SG230kCtigfLKsg
DA:140,1,qcECVWijxJSiGbnm2DDjWQ
DA:141,1,RQl1PL2jvQFTpcjDDhybRQ
DA:142,1,meqC5yiTVVaQa3kDyxGvRQ
DA:144,1,pOJwuGdEbe7GLbMcySd1QA
DA:146,1,bGMO0E1IamPeUoLnpLGEkQ
DA:147,1,EJVbDZKPDXBRNaIISdxcLA
DA:149,1,MSWyRdflRBGpcrQILdJzwA
DA:155,1,OB04aqT8Y27NuSquvoQvBw
DA:156,1,d+ceafpGGowVRtRnD2jOuA
DA:158,1,s1gcHzlDCYB3IYMPgYyIEg
DA:161,1,7F8XDkawWNnuzS7JpU47tQ
DA:164,1,jTjGzQcABm9cSvvAXqxuPw
DA:165,1,tXidbjPRvIPRFsgDBQNTQA
DA:166,1,LeMJo6jTwyc4mHDryzCaOQ
DA:167,1,UzsFuR90Ptgne2YxyiKz7g
DA:170,1,sBlYKhrdDV8HhuG55ECHMQ
DA:185,1,qNOKtxcZscemm1Ilc2nRdw
DA:186,1,Yki/XHP6rzCxAOLz6zCkfw
DA:188,1,J6m/eg+1FrHsPT8jbBhmbQ
DA:189,1,L6XawycremFiGp8PmXylDg
DA:191,1,S+G7+6pyGp22Gp4JvjCiWw
DA:194,1,QhVcmF+UT1HVbI5DdanMBQ
DA:197,1,DERcgcemhr+QSM+82byEMg
DA:200,1,n184rO451fT+mnn1zDSuqQ
DA:202,1,T6BrmdxqC3o2DJCl+lCW8Q
DA:204,1,wiqf2oI8xXZfL4snba6hBA
DA:206,1,HcBd+3t9fMJDHh3dGQZk9w
DA:209,1,CV0303pp/tIp8DBRIuE0bQ
DA:211,1,uH2NEkLaKJgfl5rbyyqIRw
DA:214,1,s/M6uVID9eWcSTTpT8tIKQ
DA:245,1,+WO4ELygSzhLu9B9MpmH6A
DA:248,1,GpDP2tGFeLr2s8n29n6e4Q
DA:249,1,3+qS+edw+/oElcxkQCXAig
DA:250,1,bMGCa/qdXOaKP8szpXup6g
DA:269,1,RUiZARRcIzuQSUFgkxJwzA
DA:271,1,RdBe9uVMIJ/bYRH6/i5Rkw
DA:275,1,ModpzzMFYXp6fAN65jx/Qw
DA:276,1,B+v7fRflm1dvJsZAt256yA
DA:277,1,eykRuI8strltlsLwrOmbtw
DA:278,1,f7qcF4b8jQatmLsYXD43OQ
DA:279,1,qs1vmr6b4BkMe0LRa0xP5w
DA:281,1,jCKkl4uhYZIVAuFNlFeJtw
DA:284,1,a5LxPQUWCQZuKwiTLAcxsA
DA:285,1,fWOiJghoL2izs+IoVMIOFg
DA:286,1,2WBkuYpnZ6vHxOG953pukg
DA:287,1,csGasfUghE100XOjjWaqwQ
DA:288,1,xvWIcpcyNr0gyGcTkdMxXw
DA:289,1,3/vppoMgFmlGRCZzmshJ4g
DA:290,1,SGwhj9XRnw3+5Sz+mS7dkw
DA:291,1,vbdlC79xURvabguse0riTw
DA:292,1,HRmYgrUgQRrlHMAQ7gWdXQ
DA:296,1,bqnXwqJyL8S5xMwBWbXTLw
DA:317,1,rDwirfwjfgsMYl7ivC9Uqw
DA:318,1,7eP5AFjhXDa88yJrsCqNDw
DA:320,1,G47bSQGcpCI2dvwAyjLb8A
DA:323,1,HRmYgrUgQRrlHMAQ7gWdXQ
DA:325,1,AeshW8uCWHw5322UwX0p3A
DA:326,1,DI85tbGQVx3hDsolken01Q
DA:327,1,dDZU4o3WA8kOd8K5/fVJmg
DA:332,1,dDZU4o3WA8kOd8K5/fVJmg
DA:339,1,ouY6FS9RLIuPPhcEXEg04w
DA:340,1,pGEmfpbuIxMV3wjvoG4GNA
DA:345,1,pIn4OVRyJ7MxlQnnlP4G1w
DA:348,1,cVUMvY4I/eNDOBPorMgfzA
DA:349,1,rYI0CP99MvBzmtTVEUfziw
DA:350,1,K0ntOGMXNFrfs3YFVrEaRA
DA:353,1,5PbBdh8Rh2yG6eiUsuOQBg
DA:354,1,WbyBtmtJXPrFWJ/opFEVVw
DA:355,1,0ZBDR7/6P4LnuZY9ZDP/NQ
DA:359,1,0a9Rx7mcoPeD0jeFjIGTRw
DA:360,1,Uk1iEqLYWHwxE4nbWtF0CQ
DA:362,1,Rcw8C2JxGzZclOYKR55gFA
DA:363,1,iG4Lu4h9JDRr4so5//wwfg
DA:369,1,VjuI1Dk6WGNi4viwynFCHg
DA:370,1,+OZEoI0EL2fj5w4H86+6yA
DA:372,1,gFVPMptHQjxbwfSRfhhYJw
DA:375,1,xLOT2AKF/Y/iOr/bYzLO5w
DA:388,1,uEoyBJp/wMqD1a2n+i49og
DA:389,1,aNoBWwq4QjWKun0SYwpUyQ
DA:390,1,SbE+tCkguE7U90C/S1N6VA
DA:391,1,qwAWNjV3r8kYVjn24sfONw
DA:392,1,TfvCIyRvEKNGx/Y6flvr4g
DA:393,1,p5X8kxaUNvGJGEohAl7btw
DA:394,1,ceDe0R6LZnBHbiE5bZ906w
DA:397,1,JdNL3o8L1hVdcHbYA5q9HQ
DA:398,1,XqDH8mpUmIgIY+08TCnH1A
DA:414,1,dsMAeDQ7ps7OKHC2fFVfUg
DA:415,1,WKjFNIJzUiU0iP2yRKieKQ
DA:418,1,00RnvAvL67wd6GrokObYUw
DA:419,1,pC7pknVpQEO9vCvtQKPkCQ
DA:422,1,vd9e6OoN5jFpY5u4TZp2sg
DA:456,1,XBxMcMyqo0I0ASR+fG2uMw
DA:466,1,HbKQtGAPwk6E4Tf8iSWegw
DA:469,1,1UAW1to3fZR1sNfY3/HMBw
DA:482,1,HI1+SSrddEyO196rn5q11Q
DA:483,1,k4M4eUhbPCVRLj3yFxF10w
DA:486,1,/z4+h3EjuzaE8H3X3MRmJg
DA:503,1,rUwgZ/57SG8ouBUEKqWuww
DA:506,1,i+7zaj3NhrMu25XProxLLg
DA:531,1,kfwKDh/kZst3PkXE6Xh1EA
DA:532,1,rZ5KecnscitJrT5Fidf+XQ
DA:533,1,oGD3LfAWM8CMabdQWyuzQw
DA:535,1,zdCA/SuKCzQMoZZK1kKmng
DA:537,1,3hMN7Kb5WpGgM5BAOB3skg
DA:540,1,gnO1u2NiUqZXscLfiQupAQ
DA:565,1,ZyGs9H50BesHY0S7Jqi0og
DA:566,1,QdU0YpF23SQ7DJMsbv+iuA
DA:567,1,lDPDiZo5QWJ0kY2gF1kb+w
DA:568,1,zqzgtJBCK4UeBChqOsj7YQ
DA:569,1,bodhMAeWfJcfmYrFJMPhCg
DA:571,1,/1nk6Pz9tRH0CiZ0/g+0DA
DA:574,1,cIJug8LggEpgEDt8tJoYyQ
DA:76,0,f6LAzyxZzD+Npgg+xzz2zA
DA:192,0,/ZA7e8JkArvE8KFhMQkMgg
DA:252,0,2dTaAJcPB3tLQy1iX2DQeQ
DA:260,0,lFHjsS1OlJCW3kTFp36UEA
DA:266,0,TCRLkZ9p8hkZ5uj59tDp3w
DA:267,0,SyapsP3bSqtPv58JXa9cHQ
DA:365,0,sH+d1iIXwsO92IqfyXNljA
DA:366,0,MvA8e1mPzps1z/KLigTlZw
DA:367,0,u05PJLm/DfJrO7G7I1b9gw
DA:368,0,oHe/zqY3Nb1dRJhi23wq4Q
DA:589,0,WwGyjVyfFWtXNFWcLjdFnQ
LF:166
LH:155
end_of_record
TN:
SF:__init__.py
DA:1,1,1B2M2Y8AsgTpgAmY7PhCfg
LF:0
LH:0
end_of_record
TN:
SF:test_align.py
DA:23,1,1+9wdnNK6ERHmSA06tdyPQ
DA:27,1,6EqVyswJtxIE+9LVqyxOlA
DA:28,1,IWWjrCeOtk8NNtrE95++2g
DA:29,1,DfRgfRA6jZDCNmLv9fH5Qw
DA:31,1,p3ncwyfD0qrLnBvFlmmKew
DA:32,1,uJ6gamxgXhQ/OMFZoVLbtQ
DA:37,1,juLTF0J5+tCkrsfW6YwQhA
DA:38,1,4hL/TyrrqOA9x0IZiyQ2Vg
DA:41,1,K/v7Yfb9D8K15wc+EYrPAg
DA:42,1,dyQx/ZsPkb9jVrdcyhRiCg
DA:43,1,sNn6hwpFbhajft4Rn/5CWw
DA:45,1,bYwb4tmIC5t4kHnTKYve6Q
DA:48,1,liDaaxyOSWAEWRGHj3ExUQ
DA:49,1,dyQx/ZsPkb9jVrdcyhRiCg
DA:50,1,sNn6hwpFbhajft4Rn/5CWw
DA:52,1,mqNLTMaSKXEhbLtSGigEkw
DA:55,1,BKXJdP8yqHRjW5lK50Pf0g
DA:71,1,LvGPJLr9l3UgqzWC6304Yg
DA:73,1,aEVK0oVu552T5/BPWAgj0g
DA:75,1,6j3eOrve0mCspgzBWI4kcA
DA:80,1,s0/fkLB8gESf/FG1evctQA
DA:82,1,jrZveeOtLe+SRkUbC1aQmw
DA:83,1,FHKo5hgyhYks6fOLqaL/Iw
DA:86,1,uu9Ts/5Bfx6PWA+ENfb1Nw
DA:95,1,+h5rkYxuSyBF6ebuPq7UQg
DA:97,1,vbdKRdWHfulc/5Y3uyzvgA
DA:99,1,8zRo29BGk6s7njnqfg9FBg
DA:101,1,l+ewiirSonVi4/fO9nf1rg
DA:105,1,jrZveeOtLe+SRkUbC1aQmw
DA:106,1,FHKo5hgyhYks6fOLqaL/Iw
DA:109,1,uu9Ts/5Bfx6PWA+ENfb1Nw
DA:112,1,7tRZeCYGan5ZapCnO7UBSw
DA:115,1,mVC4/63O+nFFHOPXaHnwAg
DA:118,1,elqOJCD5ugxO6GjFRToiWQ
DA:119,1,jt+sck78IsE2LZoNInp71Q
DA:122,1,TjsIf2voSGXSAzToIbYUZg
DA:125,1,/lRqjx90/DYm/qel2VT7PA
DA:127,1,vbdKRdWHfulc/5Y3uyzvgA
DA:129,1,Ohv1bYq1jb75oqINlsLhpg
DA:131,1,8zRo29BGk6s7njnqfg9FBg
DA:133,1,/2A8Y7oBg43z17AecEfzsg
DA:135,1,jrZveeOtLe+SRkUbC1aQmw
DA:136,1,FHKo5hgyhYks6fOLqaL/Iw
DA:139,1,uu9Ts/5Bfx6PWA+ENfb1Nw
DA:140,1,Ue43MDLqnkyBQqRVoWbcYA
DA:144,1,iUdXZ0J5JeTbjnHHlZ+DaQ
DA:145,1,6j3eOrve0mCspgzBWI4kcA
DA:146,1,pwmZRe2g03n//MtSdMULhw
DA:148,1,9DqyvIO3ovTAt3hIKY4Rew
DA:150,1,1pm4zNTB8EcoIikmtB+rqQ
DA:151,1,cQd0LS+wn0dLqYllyqFj6w
DA:154,1,PsYlxsdiajmTRJymZKdIQg
DA:155,1,vbdKRdWHfulc/5Y3uyzvgA
DA:156,1,pwmZRe2g03n//MtSdMULhw
DA:158,1,5gQT/me/g3EODMtZx/QDaQ
DA:160,1,1pm4zNTB8EcoIikmtB+rqQ
DA:161,1,jpw5Z/x1aqwKNQAGt9KleQ
DA:164,1,OeqRwawL7CJC+0zgGTHxkQ
DA:165,1,YS0fESkvaoMqpg32sGNPiw
DA:166,1,rXNki79fAdiU/gZyvT0i9A
DA:167,1,p9uBxQEbmHf31AcKetmI3g
DA:168,1,dQH8Wj9DIZPjVnf44MiUjQ
DA:169,1,OyIk/5kBVQ+8KwGiCbv5Fw
DA:170,1,iWBTO52H2Dj/eqWoTSYDOg
DA:171,1,qstpynlmcHh1aJVww4dnlg
DA:173,1,tuC5TaFchO01/Zi7ip2NYw
DA:174,1,yZQGYw795i6WaYyDZMHbBQ
DA:175,1,rXNki79fAdiU/gZyvT0i9A
DA:176,1,mmWEqeUHlKThKtsXr9tOiw
DA:177,1,dQH8Wj9DIZPjVnf44MiUjQ
DA:178,1,h+NRqkJJrDM5fAf9pzHY5A
DA:179,1,yi5eg1FojeOdJgXAmi16Vw
DA:180,1,4XAywZeOrAx10LnKrjkF3A
DA:183,1,v4Cgn+CAuFwp0srJTRXDIg
DA:184,1,Pfc7S1dSpf/qomjh8DoDHg
DA:185,1,1ar0kcvGUI7+D921FY8jqA
DA:186,1,ep6ZDyAs/7jY7wuo7TVCDQ
DA:187,1,8AxaoG5XKFHUw4xN+tC5AA
LF:77
LH:77
end_of_record
TN:
SF:test_amp.py
DA:23,1,1+9wdnNK6ERHmSA06tdyPQ
DA:27,1,E6rZ/q2xHoJ6qJVhlurjqQ
DA:28,1,IWWjrCeOtk8NNtrE95++2g
DA:30,1,6EqVyswJtxIE+9LVqyxOlA
DA:31,1,ocIF6ttylglChtpclCvAmA
DA:33,1,0h15bERd4YQKeKhIpT5dOg
DA:36,1,jiuuoQ6Vpb0g2/6+i3s9ww
DA:38,1,Q76EuAZv5CUY9wfHCQnBRw
DA:39,1,82XNQ7IC2Bll+OqWjVMz+A
DA:40,1,jWC9j8R83aFTvgiFzv6weQ
DA:41,1,Ndyx0nCDDVcOEZUgSThczg
DA:43,1,3WtB37bNZ0s1TaUV4eQU2Q
DA:44,1,BoX+EahuJOoH9IWCsaihdg
DA:47,1,mVxiasDLeWzP/C5P96gRpA
DA:60,1,fdCICyP3uPyHK2yzJKNzLg
DA:63,1,Q76EuAZv5CUY9wfHCQnBRw
DA:64,1,NpV3PPi5JYwZVL26QvUmEw
DA:65,1,HecE5juYu/G/qi7Bqbc/gQ
DA:66,1,xQKWQSs2Rvrre1f7MVc51w
DA:67,1,vMXbOoXlm8+ts0DRcOBE1g
DA:68,1,c10XAtQrEV0BjiTNj/9WPg
DA:70,1,bKjedxK5B7cmzpG8Bvx9+g
DA:71,1,GvLmQviqI32ia1IDpOOizg
DA:72,1,dCXn/49n2Xbx/7jbFym8bg
DA:73,1,sm02V1g1/Coeq3v4GkPj2Q
DA:76,1,fhqaHBxAeZxieTYydJzAOg
DA:79,1,Q76EuAZv5CUY9wfHCQnBRw
DA:80,1,vWlxsrvgatp0T282+/it/g
DA:81,1,DE1gzdD1TQCcP2xc2B6XVw
DA:82,1,6vrXnsQ/0vByORuvI44Q6w
DA:83,1,a2LLtrL8RJ0/BGs8K6etSg
DA:84,1,PfQChMlAiW3sVK0WPnPkjQ
DA:86,1,bKjedxK5B7cmzpG8Bvx9+g
DA:87,1,MqUk5eHUgPJVbL+I7DSIkw
DA:90,1,Nb1fY0C5uE0HzcZ6vc5/5Q
DA:91,1,HYg77m3GLaG1Ovop+lVQvA
DA:94,1,SzMINkDnsfTi0ZM7epnFRQ
DA:96,1,Q76EuAZv5CUY9wfHCQnBRw
DA:97,1,Ve5mLQgxG5Tu3zAQfazzUA
DA:98,1,6vrXnsQ/0vByORuvI44Q6w
DA:99,1,a2LLtrL8RJ0/BGs8K6etSg
DA:100,1,qlCY+fGTTPo0pVCKxW3+rg
DA:102,1,bKjedxK5B7cmzpG8Bvx9+g
DA:103,1,MqUk5eHUgPJVbL+I7DSIkw
DA:106,1,TbyGwEkmAW+eHptNraM+5w
DA:107,1,VsT4e2giukV+SsurOCMnVw
DA:110,1,MkAYx55FdLelu2Z61kELfg
DA:112,1,Q76EuAZv5CUY9wfHCQnBRw
DA:113,1,7LRrjtb4Nb2nXJZ1+avFEQ
DA:114,1,/VLwAm6OMYmyL3Iiw98w3A
DA:115,1,4OPsxbMu0JYf7+tMNNMZFQ
DA:118,1,fuXDNykaEcQvjMhuvU9H6Q
DA:120,1,Q76EuAZv5CUY9wfHCQnBRw
DA:121,1,vWlxsrvgatp0T282+/it/g
DA:122,1,DE1gzdD1TQCcP2xc2B6XVw
DA:123,1,6vrXnsQ/0vByORuvI44Q6w
DA:124,1,a2LLtrL8RJ0/BGs8K6etSg
DA:125,1,PfQChMlAiW3sVK0WPnPkjQ
DA:126,1,0AZKE4C3Psmemf5AsmEEaw
DA:127,1,4OPsxbMu0JYf7+tMNNMZFQ
DA:130,1,jtYJLihOlc2JmQZoCIXs0Q
DA:131,1,Q76EuAZv5CUY9wfHCQnBRw
DA:132,1,xQKWQSs2Rvrre1f7MVc51w
DA:133,1,vMXbOoXlm8+ts0DRcOBE1g
DA:134,1,cHGzYVhLLG76muTyUoks3w
DA:135,1,QRMCoVEyjluqMTYViy1bqQ
DA:136,1,GvLmQviqI32ia1IDpOOizg
DA:140,1,eJ0iS6uy1R30gtbOd3l1Jg
DA:141,1,gL2FtQ6d9YyM0wlD3pDacw
DA:142,1,n9U615JMdeGd8ZCux8Sxkw
DA:143,1,jm5GXlKK5wtEEI8E2QvJMA
DA:146,1,mVxiasDLeWzP/C5P96gRpA
DA:147,1,XLkgL8s3L62IbmNlYzF9zg
DA:148,1,k4eIU9/aen/lV2cDks4O7w
DA:149,1,NglqNVCvG0CIDoBG6Y50qw
DA:150,1,aL0w04n2XkmV9609I4dmcg
DA:153,1,vb3G/4gk9Q7r9PdT1EIq/Q
DA:155,1,mw/xYvGQwpKXyyuK6jjAJQ
DA:161,1,RjUmQVDQhGheWsGw9jrQ6A
DA:164,1,dP5U2xSWj5oSh0UISS//nA
DA:166,1,mw/xYvGQwpKXyyuK6jjAJQ
DA:172,1,RjUmQVDQhGheWsGw9jrQ6A
DA:49,0,Q76EuAZv5CUY9wfHCQnBRw
DA:50,0,82XNQ7IC2Bll+OqWjVMz+A
DA:51,0,jWC9j8R83aFTvgiFzv6weQ
DA:52,0,Ndyx0nCDDVcOEZUgSThczg
DA:54,0,3WtB37bNZ0s1TaUV4eQU2Q
DA:55,0,i/p1+hZgJn8AcUBD8HI4xA
DA:57,0,4OPsxbMu0JYf7+tMNNMZFQ
LF:88
LH:81
end_of_record
TN:
SF:test_core.py
DA:23,1,1+9wdnNK6ERHmSA06tdyPQ
DA:27,1,yhIYRqQnfq4fsWur39Xa2w
DA:28,1,6vWAvNsegNqafFN4IKLrhg
DA:29,1,5hwPtyw5fWMOX90GeC1WXw
DA:31,1,6EqVyswJtxIE+9LVqyxOlA
DA:34,1,/6MEHv50a7sHV+Zhsa+qrw
DA:36,1,quYWZkC11qEgDZUIRROnRw
DA:37,1,mMPWVKJg5PZa1TLpSHA1jg
DA:40,1,8avK1l3xqomZ4qXIuTb3Nw
DA:42,1,XIq/pNFcUcp+WU1SV0bGNQ
DA:47,1,Njo0qvJQmtg5cm16jkqH6g
DA:48,1,1tnJ7V0QI7ijKJ+K7OXGUw
DA:51,1,mpk4Q7bbTcVPKv2C3UdmSw
DA:53,1,140LSMvGfuaNgPM9CpDOuA
DA:58,1,jiKH/rnxbyh7+Dn6TunmSw
DA:59,1,qHUxfNg+43BykvQ4mpNlQQ
DA:62,1,Ams473ZP2fZWu0OUavzokQ
DA:64,1,XIq/pNFcUcp+WU1SV0bGNQ
DA:69,1,kbs+hF4nch0UX6sLlRnbTA
DA:70,1,1qy8jsZ+sUnDDqz8Zv8v7g
DA:73,1,e1lNsHw3Lh38iCp/GRm02A
DA:75,1,quYWZkC11qEgDZUIRROnRw
DA:76,1,AVoY+cD25+le861M6n/5Hw
DA:77,1,mpXiN3bPxWdxkyxU0PnE4g
DA:80,1,+g2YBZenAjszzrzdyksROg
DA:81,1,EsTL/a5yOlynf8jlS6rg0g
DA:82,1,tCu6LYlepUEOptKum/6KiQ
DA:83,1,mh7wB/PbhCex2ekFODLQaw
DA:88,1,pY5K0/K/YNL9cbPHRuI6ZA
DA:95,1,xn8kQc5naz1TedXvhno9fQ
DA:96,1,Kh+Y7F5EoCYoTQh98afuLw
DA:97,1,q7PC2S4yBR1YBt8VYvJxlA
DA:98,1,nILF5aDPboPXFKCn86VHWw
DA:99,1,ByN2RocY2hENM2P1NTsb6Q
DA:102,1,FucQohIQs72LOyAftiSiKw
DA:104,1,vRoBO9sA2oYnTgEKgaAfng
DA:105,1,0fKjZqzcPFliJQj83aiVZA
DA:106,1,Kh+Y7F5EoCYoTQh98afuLw
DA:107,1,q7PC2S4yBR1YBt8VYvJxlA
DA:108,1,Hml39sb5srJz/3hsc03CJg
DA:111,1,OQdVBA9Pj9eBxU0CcZ6AFg
DA:112,1,BsIIZAW73doiZYSzh8D/NA
DA:113,1,0vajAurE8V1bNfStgOsGCw
DA:116,1,YjUbSO9dr6lrO5CdiODFjQ
DA:118,1,vRoBO9sA2oYnTgEKgaAfng
DA:119,1,0fKjZqzcPFliJQj83aiVZA
DA:120,1,Kh+Y7F5EoCYoTQh98afuLw
DA:121,1,q7PC2S4yBR1YBt8VYvJxlA
DA:122,1,Hml39sb5srJz/3hsc03CJg
DA:127,1,0wHRW8uq2CcGJxMDNdAsDw
DA:128,1,8CnArT+JSvwm0GMRmBQ4KQ
DA:130,1,OQdVBA9Pj9eBxU0CcZ6AFg
DA:131,1,WDTJaC3q5KSqhuxmmtESmg
DA:132,1,0vajAurE8V1bNfStgOsGCw
DA:135,1,tKzN8IIKsM+zkMdUJki5kA
DA:137,1,iJjnhmP0eTizH6iTgN5a9A
DA:138,1,yk0TNmDSSGPPXT44EX5xaA
DA:141,1,QR2+CBcKDSZEOGqcabjrlQ
DA:144,1,APdgx69b+eEHjqmjGhJIBg
DA:146,1,AplWJLe2vCpaAfYx46EJUw
DA:149,1,VaSgAlG1/LRdb+Pw1DN7kA
DA:151,1,hKu96uy8815kJr2GJVD6mw
DA:152,1,BR8cGO2gBoavPWXN/Vb5tQ
DA:155,1,x9qBtDn556vX7CDSeXcLkQ
DA:156,1,8a4w1ODy/zjpOoZlEknlXQ
DA:157,1,StRiFkB+j2cJLkG5RZJGMw
DA:158,1,f8Qd9Kkxl3Iwc3d8lv5DaA
DA:161,1,5YS9UetkNBRw2axtFt4Ong
DA:162,1,hKu96uy8815kJr2GJVD6mw
DA:163,1,BR8cGO2gBoavPWXN/Vb5tQ
DA:166,1,x9qBtDn556vX7CDSeXcLkQ
DA:167,1,ODZFyZvdGRt/87c0Bz8Lyg
DA:168,1,que7RgVXAuiolYgF0pdn/Q
DA:169,1,ZPibjIBvkZVxhfAtcx4kaw
DA:170,1,kLa1XSvFrdetGQuYlSxxYA
DA:173,1,9CZWy879h0rsTQpA9vRj1w
DA:174,1,PGUWSgcL3XbtytCfWi0vzA
DA:175,1,Lc7pdQi0UzUxvNUuM0VQ3g
DA:176,1,vrwsBQ4nb6z2DUSOhNUDGA
DA:177,1,iH4Erik7KAiXCDsafFl+eg
DA:178,1,Bj6ohrDo1Mi8+egTMnhaQw
DA:181,1,twkJcMxqeTKu2huTVHvt8A
DA:182,1,2lUoTc6RgV0b4QfSR9CSIw
DA:183,1,b4pxqf6tHoiVQR6X1LBXCw
DA:184,1,2ii8/6sSaIEGe30PR0KZnw
DA:185,1,JhijOI1fdl3Ly8fyOvRCOw
DA:188,1,4ZrbEtIvjvtGyd8xH3UZ1A
DA:189,1,JhijOI1fdl3Ly8fyOvRCOw
DA:192,1,lJC4cqXlZsFoSzHvNkSG8w
DA:194,1,IKIRIhEfTXsca3gswiOxxg
DA:197,1,2lUoTc6RgV0b4QfSR9CSIw
DA:198,1,WYwFlj0wlOWTDwl04NDa5g
DA:199,1,NNJw6UCJcOaWeCRJW8jaVg
DA:202,1,QBOPbj2XEIYcACP9Z8Xo3A
DA:203,1,YtgA9Bpzj7pXVWRhHEd8lw
DA:204,1,7Okfvj8z5xSxqrysK/EmFg
DA:205,1,ePsQypGi/V0gpLNKt8TTeg
DA:208,1,PWL08g7GFVkFAxQtpuzaew
DA:212,1,lwUocPN0a49II/T4dIp/FQ
DA:213,1,N8aznwXUE9kVIN3tdEGraA
DA:214,1,dKeA2BXasCWTxvxxVlJh6g
DA:215,1,jRciReyfUGQSS/qmWjANqw
DA:218,1,UBRT6Mq1Ufg+LFPqVORk3Q
DA:222,1,fVs6twUHaMXP9GLZIUhk5Q
DA:223,1,4g4SNvJoxAEhIG+R8cAVnQ
DA:224,1,dKeA2BXasCWTxvxxVlJh6g
DA:225,1,rJpEQNGuwrmUYe0d3Qt1gg
DA:228,1,Q5e/28l0RB77MzWUVOzmQQ
DA:229,1,i20Nr3Wy7pZxhxmmlSh46A
DA:231,1,Q5e/28l0RB77MzWUVOzmQQ
DA:232,1,aJOC9W1ZmQWFFUdHrHuUrg
DA:235,1,K6CG+hUkz9RbGEnWzUCZ+g
DA:239,1,OluEv3xYXFDuzwzyJ91dDw
DA:240,1,UyAgS7VHMJNLFf2QFhzZZw
DA:241,1,dKeA2BXasCWTxvxxVlJh6g
DA:242,1,pkTBVNTG1ajrjBOzMxwhog
DA:245,1,V8hOt/nCutP8Yn57u/7OGA
DA:246,1,i20Nr3Wy7pZxhxmmlSh46A
DA:247,1,PQybJqrlZKUcbw3iHeVaJg
DA:248,1,sOvtOfk75TbAtTgkgicGHg
DA:251,1,Q5e/28l0RB77MzWUVOzmQQ
DA:252,1,QgGibXb6dHHlqXpZMhWFxA
DA:254,1,Q5e/28l0RB77MzWUVOzmQQ
DA:255,1,qcO5I/4uvYB/UU2B2bxKrA
DA:257,1,Q5e/28l0RB77MzWUVOzmQQ
DA:258,1,667PMHvp5qprUGypdOGO6g
DA:260,1,Q5e/28l0RB77MzWUVOzmQQ
DA:261,1,4I6XIrAjTcuQYJeS4X/f4w
DA:264,1,7FwYiZldl2CDfpeQPtmBFw
DA:266,1,nkFVVVbImg7XptGI6WZPCQ
DA:267,1,ikfGWikuwoSU3Xms29howg
DA:269,1,YNigr9f86XmqMiSs6XM5+w
DA:270,1,ikfGWikuwoSU3Xms29howg
DA:272,1,5R0+2IpwovfUEmjud0Dxqg
DA:273,1,xg4JYLlyJUKCdIe5ZX0ckw
DA:276,1,2jBwhVRFFzCsYOGjn86ksg
DA:278,1,p0Uw1IjyfeHozDSqBu5wJw
DA:279,1,HvjpW/J4gjmTnCPimZARhQ
DA:281,1,lhlxxqUs/H3Xjm9sbqsYeQ
DA:282,1,AYGebGHHDd21Cw6skgOYTw
DA:284,1,Rbq5KEIaA9ttv90BUU3DAg
DA:285,1,8mucxrYVBLseVkzMooCYFw
DA:287,1,bRB5ZPRhAZszy4yZ7/SLBA
DA:288,1,ikfGWikuwoSU3Xms29howg
DA:290,1,ikyVPKwWiC2hF/tN4Q5Hwg
DA:291,1,xg4JYLlyJUKCdIe5ZX0ckw
DA:293,1,gOuEIk9CNBpb8+IVR+6UIw
DA:294,1,FOb9jbGDE6yidPTMp/PNEA
DA:297,1,EcyvzCE3y9TOjaJRjMsToA
DA:298,1,sEzJ8183YeERsSPIzZwwvA
DA:299,1,KqeaIjseMbg41p0D1U0FHw
DA:301,1,sEzJ8183YeERsSPIzZwwvA
DA:302,1,IB4OYT2XExHSfNAjo5nCyg
DA:304,1,sEzJ8183YeERsSPIzZwwvA
DA:305,1,c6uMOyJT804DJbvylBCYcA
DA:308,1,sDLzuca/4Sfk1wekhA5qCQ
DA:309,1,dXOTB9Qq3MZmS43IO3vI4w
DA:310,1,JI0QGBUshntVw2JJsQMs9g
DA:313,1,LLjtUPCdfUrF+kbO5LbiXQ
DA:314,1,O1FuRqzz/IISUx8s83VCDg
DA:315,1,JO84ioGpr2nUkaRJR8Vh9Q
DA:318,1,M3aqkXZDWzXvSMHZHcMb1w
DA:319,1,HbOwINmcuKCBBes4hgnTCw
DA:320,1,xUlRc+6qHOu6pW8+NUzeNw
DA:322,1,qhHgDGfugbw7Ktm2zBV4ZA
DA:323,1,UKPAC9G4DFhEHHBCiPPp3g
DA:326,1,WSCEeY8XpybRyhjEBHXCvg
DA:327,1,c/K8sM67e6H6XunFjZiZzQ
DA:328,1,k2rJuCm7FXqBzmuF4rvjTw
DA:335,1,zZKirUmVlCxIGG50Ayluew
DA:336,1,E5lM00BC/2T8AXPW8wxSIg
DA:339,1,698DTnQ+aAovL+KLrSkFGw
DA:341,1,WS0LP8Q75vPhIZYP2e5YlQ
DA:354,1,AxvJkRt8HrOYdoY/9tmJPA
DA:355,1,oWoIYssP49zeKWe1HmwI6w
DA:356,1,tdaMNckWrIrgj0pyI55nWQ
DA:358,1,C4FLlJthAJZNro31AycnFw
DA:360,1,Acm01rYrivRyQnjX8oiDRg
DA:361,1,x6DJUQfDvos9qWU2N/F38w
DA:371,1,bZHj4ModyJewXgNMGRvNvA
DA:373,1,GQvWG1ZviaeZmpG5Fy9krQ
DA:376,1,j+bCEtWUUy9qTRvEEfiWWQ
DA:195,0,l6TjtYHqcNyGECUCc2lV5w
LF:182
LH:181
end_of_record
TN:
SF:test_extra.py
DA:23,1,1+9wdnNK6ERHmSA06tdyPQ
DA:27,1,6EqVyswJtxIE+9LVqyxOlA
DA:28,1,cs4JwcQQTgIaoArb6PvwKA
DA:29,1,5hwPtyw5fWMOX90GeC1WXw
DA:30,1,7Z9Lj4ed27Wf2hBX6jooEA
DA:31,1,IWWjrCeOtk8NNtrE95++2g
DA:32,1,6vWAvNsegNqafFN4IKLrhg
DA:34,1,RuZ5KcncCoRYUb0REMXZIg
DA:35,1,2WHiLCd0t66Xbq7qSNzNWg
DA:43,1,EC0jmrR14szKybnJsDIJrg
DA:45,1,39NKYgTJMt66sdl4VkMBqA
DA:46,1,UALk3D/dgsekpHnIkGAh2w
DA:47,1,61BbTush8AZYn7mmXLeT+Q
DA:48,1,Kj7GPOpB7TyNsrCWTzCPlg
DA:49,1,uQDm9jaaPrBOLI3XyQTOOg
DA:52,1,yz18htJE+3XGtOB8gCkzFw
DA:54,1,Oo5SLAMIKllmhUiBzvX5sA
DA:55,1,nNfX0LcNom5h+/brSBDZSg
DA:56,1,sPpva23u9KV5ACA1DJHrIw
DA:59,1,TVL6MwIvTJjHioMLNPK9Gw
DA:61,1,DN97Ao+N90GbmTDvmAwRsQ
DA:63,1,Xk+qXGaquJok9fxLDIUrsA
DA:66,1,FaggMyuBbhlrccMq67iNmQ
DA:68,1,DN97Ao+N90GbmTDvmAwRsQ
DA:70,1,2B44N8v6WrrgkIdrYcNsJw
DA:73,1,9F+3ET3sA7SXXUpkg4JJNw
DA:74,1,OTXuia9WlY984AOL+BXmYg
DA:77,1,8zjuLalVe2KdnGxF4dw+7Q
DA:79,1,39NKYgTJMt66sdl4VkMBqA
DA:80,1,UALk3D/dgsekpHnIkGAh2w
DA:81,1,61BbTush8AZYn7mmXLeT+Q
DA:82,1,BdjDZdNnmk6TBPHGzjkhxw
DA:85,1,SP0DRWLy97RbYUJ6Xh8Xpw
DA:86,1,kIbKHt1fnS2NHAhPy7Y8NQ
DA:87,1,YUJCHXvRWHVXJ16jsnh2IQ
DA:88,1,kooFk8u/B6yafmRQGvMCHg
DA:91,1,GrW6UXMlXA3jjAaYEh7MDg
DA:92,1,39NKYgTJMt66sdl4VkMBqA
DA:93,1,UALk3D/dgsekpHnIkGAh2w
DA:94,1,61BbTush8AZYn7mmXLeT+Q
DA:96,1,m+8uZ688WUR2JRHtuxBACQ
DA:97,1,jyMmGoevPaIuJ7oXxMLTdQ
DA:98,1,BdjDZdNnmk6TBPHGzjkhxw
DA:99,1,KwE69vDcRctvUUGy05U0lA
DA:100,1,pFHegvMOV+DrVPOu82ac6g
DA:101,1,4LPrp4xFlxHnbk5AwsB40w
DA:104,1,feM/By3hZN5jtseRUx1wTA
DA:106,1,39NKYgTJMt66sdl4VkMBqA
DA:107,1,UALk3D/dgsekpHnIkGAh2w
DA:108,1,61BbTush8AZYn7mmXLeT+Q
DA:110,1,ju3PRYNn3R8VbTRZFOsdtw
DA:111,1,AVoY+cD25+le861M6n/5Hw
DA:112,1,tw+ahVZfYVPOz+oSA8kggA
DA:115,1,3hjP1qsRF/DZf2NMwxhNHA
DA:118,1,11S/gfwR1i3/BkPqliTULQ
DA:119,1,39NKYgTJMt66sdl4VkMBqA
DA:120,1,UALk3D/dgsekpHnIkGAh2w
DA:121,1,61BbTush8AZYn7mmXLeT+Q
DA:123,1,pw/gIpqD1sf+gBKWIDYzYg
DA:124,1,sEzJ8183YeERsSPIzZwwvA
DA:125,1,tw+ahVZfYVPOz+oSA8kggA
DA:128,1,nSZ/RFC+CuEtel2LXTUkbQ
DA:130,1,drAA4XgMJNZf26IU7P+FlA
DA:131,1,46c0E2m0i6rokbDfc+UrnQ
DA:132,1,SaCX17zsYYgNxROqxFEj/Q
DA:133,1,pm7SpZscbctu1vG7sNNpBg
DA:136,1,JjV0vZWqmZQFM9G5jmp5vQ
DA:137,1,mhK2KeumEEbnK7UcTDBUfA
DA:138,1,iSpf2eQSXH1ybt9W6cpd2w
DA:139,1,VAqXq/nisb4oP2FFba0yow
DA:140,1,5pKi5sRLlDFuOWaBay8QaQ
DA:156,1,CMCcZYdFtJvy6f1O5TF6nQ
DA:163,1,fJ6+b9AhheGoPMiPwTdJ6w
DA:170,1,Bzb29ocfr0ZCCUcnbtktbQ
DA:171,1,QDPIpvRsGLT/4KoIsXqgRw
DA:172,1,b49GrHzKxyHP9lybv7VTAw
DA:175,1,k2nw8WButJLcyWkOSundpA
DA:176,1,CsBkwrwI+/s7MQbfVYfcew
DA:177,1,p2BGj9kNYou6NJ9Gf+8hQw
DA:178,1,1wZZsLVV+OuryCZpfEOz0Q
DA:179,1,eFU0jo2uIHzyAawtAv/aAA
DA:180,1,7OF9L7qTKxHjiVOVIuXw8A
DA:181,1,VAqXq/nisb4oP2FFba0yow
DA:182,1,fJ6+b9AhheGoPMiPwTdJ6w
DA:190,1,3PEhWeHF52pmG176XVlawQ
DA:205,1,6vL87huEwqtYP+QUNvWDZg
DA:207,1,UbM27pPJKuopq8Q5SvrZ7A
DA:209,1,6owT5rmN6GTm7AivXqWoWQ
DA:211,1,yatReK03zQgFnKy/nt1RRg
DA:212,1,rdDYO79wvRP8UXSrcxXDVg
DA:213,1,V/aa1q+tbVKWP1z1JWHklw
DA:215,1,TQBnNXiacDiny3qQ8sc0GQ
DA:216,1,MPl3Qv2Pdmf7ielwVglRLQ
DA:217,1,0LWZvzkm1fIt/wJX5ZXDDA
DA:219,1,A19q1lEfqigf0Mc/mWnQYw
DA:220,1,pzRYNnenFdUyx3ufNnSYQA
DA:221,1,m7+OxubmLfBajFx2ol1QkA
DA:36,0,Z3ExDCeOkZUuT33IHSguBA
DA:37,0,3yY0Rv5jwfoqXyOk+YVm7A
DA:38,0,F0X5wI4Bc81ZBXYhl5Y3KQ
DA:39,0,M/TdPuJijRVd8ECUAjdRqA
DA:40,0,qUorPjV1cDVleQfDLKVyog
LF:101
LH:96
end_of_record
TN:
SF:test_io.py
DA:23,1,1+9wdnNK6ERHmSA06tdyPQ
DA:27,1,6EqVyswJtxIE+9LVqyxOlA
DA:28,1,As9OWIUg7L5TA5UKZLEAdw
DA:29,1,WpEjgxacqgxANZhpobgHYQ
DA:30,1,hFIx+KCske2eydskwT4z+g
DA:31,1,5hwPtyw5fWMOX90GeC1WXw
DA:32,1,IWWjrCeOtk8NNtrE95++2g
DA:33,1,7Z9Lj4ed27Wf2hBX6jooEA
DA:34,1,TkdTY1aJYRsgoCX7IqBZHg
DA:35,1,6vWAvNsegNqafFN4IKLrhg
DA:38,1,WtbfyMdJSayuK/rdJrLuAQ
DA:40,1,Z4xQBo62+9GgriWNsgIpRg
DA:41,1,L8fo5cMvy9yuAt/hfczGQw
DA:42,1,9Q8vonuHKu8ZHHmRSJAb0w
DA:43,1,7CLddcXE/afHJNw7SELG2Q
DA:44,1,l6rdHYiz246reK7QVqDpSw
DA:45,1,MTc8raLpKod5+L60LKv0GA
DA:46,1,gDAI4KP9sFtMafouP+xarA
DA:49,1,Jl2Ey3lys0nyqbOKThhpFw
DA:50,1,1l47KICNN8Mt5gvOrgqNfg
DA:52,1,mPwnqj8YwLFTWI7bz645KQ
DA:53,1,v1ZGC+N1UGJScJDVnWMowA
DA:54,1,/ThLgs/kW8sQ6/bECE+m6A
DA:55,1,Z2NUmIpWKian0zpaurYBdQ
DA:58,1,HkikNCn4C/+lQT9BZfPL1A
DA:59,1,qBGk9niWWFPfl/3LrHa3dQ
DA:60,1,ffeqhB3HAIXHhoA4axx6aA
DA:63,1,xZmtKx6g4PC+d0on75GGVQ
DA:64,1,cL7xiiP+yHdLzH4OJf0e2Q
DA:65,1,L8fo5cMvy9yuAt/hfczGQw
DA:66,1,aI4txHKCsUMvIVp0JZ5/NA
DA:67,1,7CLddcXE/afHJNw7SELG2Q
DA:68,1,jlUUMSwa65qVdzkkYJOO0g
DA:69,1,gDAI4KP9sFtMafouP+xarA
DA:72,1,Od7IPdoDDZenZ4UAYl75Pg
DA:73,1,qBGk9niWWFPfl/3LrHa3dQ
DA:74,1,ffeqhB3HAIXHhoA4axx6aA
DA:77,1,JjZNgW+5146dXHsQWUToYA
DA:79,1,hKv77CE+QRigqG1K8LC6Hg
DA:83,1,L8fo5cMvy9yuAt/hfczGQw
DA:84,1,zQkYItOJk//6NJW2EjuC+w
DA:85,1,7CLddcXE/afHJNw7SELG2Q
DA:86,1,35kc2aVpnGupZKQTuOjG1w
DA:87,1,gDAI4KP9sFtMafouP+xarA
DA:89,1,XCg0qeDZC7NWsZO3a1OZKA
DA:90,1,n9cGW+x6O5bP0KnNYPBJ6g
DA:92,1,cvN1PAIewhuXfM3AMbTy/A
DA:93,1,SOoysgVW+xxfmS/8aXqliQ
DA:96,1,FDoNMJyVcD7DyHJqO+7B3g
DA:98,1,vRoBO9sA2oYnTgEKgaAfng
DA:99,1,YlhOA4BtqYr0lUJWG6mZvQ
DA:100,1,Kh+Y7F5EoCYoTQh98afuLw
DA:101,1,q7PC2S4yBR1YBt8VYvJxlA
DA:102,1,BeEhRSIIFZ2vm0saVl9ptg
DA:103,1,ByN2RocY2hENM2P1NTsb6Q
DA:106,1,wDq+IZPR3Eo6vO/41lC+ow
DA:107,1,PV8J9Bdw5ZjNn+jUf3OtDQ
DA:108,1,HBQdjLG211MqvgOQcOPRJQ
DA:111,1,94X4nhA7Pe/OFJ+DxO73Mg
DA:112,1,/n57M2ZwBiIJEW/nPg6DTw
DA:113,1,XJlRRY32jhvkSCQTEoaiqw
DA:114,1,8XuOUPXVwZdM23qzFty0Qg
DA:115,1,P8Uu38p14EDWM9lFn5jEpw
DA:116,1,t/ogONAG58FlerczTfLtGQ
DA:117,1,nWodpDtCaH1bCyKEQwYluw
DA:120,1,BDhriNBqkR40k5TSuekH6Q
DA:121,1,6g49YDF4TWmhV9iM87t33Q
DA:122,1,7Fwf351B9+HHWOmQ4S9hSA
DA:123,1,yq2J82X6zLfElDusYHogfA
DA:126,1,UbqNIRtGugbGaVeM/5ADLw
DA:127,1,ruq35Az+l40kRWtXin6b5w
DA:128,1,7Fwf351B9+HHWOmQ4S9hSA
DA:129,1,CP9Hy+UZi4VxpjPYKkXy0g
DA:130,1,yq2J82X6zLfElDusYHogfA
DA:133,1,yqb1HQ7EjpvYZoMQOfLXGg
DA:134,1,XBqLq4+DjJ6JCaEyvvD1OA
DA:135,1,SkJA1bBzLxmUtWd4CUeCrA
DA:136,1,cYhAyWYq6ZzNmbUKLOD0mg
DA:137,1,mxRUg8op3vXIdYKnKrpq2g
DA:140,1,/gW5mpDCyVRWu0NCyt8zuA
DA:142,1,DyXu9EoJacvA8+c76dpb5g
DA:143,1,L8fo5cMvy9yuAt/hfczGQw
DA:144,1,WUODdyUgHNotYOI7B6kU+g
DA:145,1,7CLddcXE/afHJNw7SELG2Q
DA:146,1,ajOnM6h/atXMDtdPBGS8nw
DA:147,1,gDAI4KP9sFtMafouP+xarA
DA:150,1,vFbG3yOGsmTHcddFOZz8ww
DA:153,1,GomUw6Zvpfzl7iTWigPWZA
DA:154,1,qBGk9niWWFPfl/3LrHa3dQ
DA:155,1,ffeqhB3HAIXHhoA4axx6aA
DA:158,1,K1XzOvQemQj/7eS8vxRiWQ
DA:160,1,w3N3HlvXy0g4aCK95wvAlA
DA:167,1,L8fo5cMvy9yuAt/hfczGQw
DA:168,1,WUODdyUgHNotYOI7B6kU+g
DA:169,1,7CLddcXE/afHJNw7SELG2Q
DA:170,1,ajOnM6h/atXMDtdPBGS8nw
DA:171,1,gDAI4KP9sFtMafouP+xarA
DA:174,1,vFbG3yOGsmTHcddFOZz8ww
DA:175,1,xsBPzXZ0WhBcK8d24fYrlQ
DA:178,1,GomUw6Zvpfzl7iTWigPWZA
DA:179,1,qBGk9niWWFPfl/3LrHa3dQ
DA:180,1,hl4FGtDEVcoKgf74P5Sdbg
DA:181,1,xaF6NdrKtJoSNNaS9SVZkA
DA:184,1,94X4nhA7Pe/OFJ+DxO73Mg
DA:185,1,YWuAvfiZCioS454aZMTUEw
DA:186,1,1bmIySn9bWp0y/PLEexsgQ
DA:187,1,/218gfg3fwQn4793TMKflA
DA:188,1,9uTbpcOzKyXQfd6JP/qG/g
DA:189,1,t/ogONAG58FlerczTfLtGQ
DA:190,1,nWodpDtCaH1bCyKEQwYluw
DA:193,1,94X4nhA7Pe/OFJ+DxO73Mg
DA:194,1,C/UjCGtUh3trdtCJq/PD1Q
DA:195,1,1bmIySn9bWp0y/PLEexsgQ
DA:196,1,/218gfg3fwQn4793TMKflA
DA:198,1,IqsW7tGLUBMOEQmZGJVjdA
DA:199,1,t/ogONAG58FlerczTfLtGQ
DA:200,1,nWodpDtCaH1bCyKEQwYluw
DA:203,1,FpE3dTR4cJCihyWT+ziTjw
DA:204,1,WlWYvQaf1VYNbWLw15R3Ow
DA:205,1,2oSX09rqTGMWV2ykxTyHOQ
DA:206,1,yq2J82X6zLfElDusYHogfA
DA:207,1,eSpExLe/cpjZGHyEKJaRSA
DA:210,1,SN9WAytybj6XAjUBvDa95A
DA:211,1,vxPUaEOnF5h6C9u4d2TR2Q
DA:212,1,5wzyJcviTvzYzQuj9fk9yw
DA:215,1,u3YmatwF5enNtSqq4K6+qg
DA:216,1,+9urFAmZXGd01xUXu4Eu6A
DA:217,1,SkJA1bBzLxmUtWd4CUeCrA
DA:218,1,yvCHULxykvczwyDlonLFSg
DA:219,1,aQIvfSw8PENXpCrvafp3Cg
DA:222,1,vSoI8JzKSF8K+g9miuXeAg
DA:224,1,BixKWHiuBRMAPdMd7056AA
DA:230,1,L8fo5cMvy9yuAt/hfczGQw
DA:231,1,eB6zqtPSIxyfHcTwpIjwFQ
DA:232,1,7CLddcXE/afHJNw7SELG2Q
DA:233,1,QBD64WpUdXgsWxtvy8uMbw
DA:234,1,ryr9w/o7VEMEUiZCNEKyEQ
DA:235,1,gDAI4KP9sFtMafouP+xarA
DA:238,1,Hi745nTRSdwSvbx8SObtFg
DA:239,1,4IWmmfzUqggDAT+/yOT+0w
DA:242,1,UnoUJLK7q7Cw0A2y8Gb5vQ
DA:243,1,gUsXKdseiY694wiYOmrOPA
DA:244,1,eLudchb1Nt7UBYKgaFfTAA
DA:245,1,bypSvcKeVMCyJ7GtCtWiiw
DA:248,1,R+JA06OScK9ie7RO4wAHYw
DA:249,1,oxyHGFy4ZCNllUeqfEvBbw
DA:250,1,OZqlMkEnEJ9G1mu4Gx3EaQ
DA:253,1,Y/4T0xNeMXHsIC5H1d6dqg
DA:255,1,9sSAvdWjhJDQrPFxr84Fgg
DA:256,1,pS9SRIEI9JQrDrM06GV2Sg
DA:257,1,jp1TGYu/x1AnIqT9wTubLw
DA:258,1,Q7oREVlh2Lk0vQFS4I8EAw
DA:259,1,ZnELHmOTPXzTogodomZ26Q
DA:260,1,nJkJP/LkdjfYgBJtJFQyKw
DA:261,1,sNfAcnn4+AoGECGoiaDcpw
DA:262,1,G8AoPgMIpgvIZcg/qOpn7w
DA:263,1,30St6qX7DJvQUpXUlS3Ymw
DA:265,1,Kh+Y7F5EoCYoTQh98afuLw
DA:266,1,5Zl9EznJttZrORXOgEonzg
DA:269,1,Enxx4CMJcmhGiwRqZMa+hg
DA:274,1,O+um+jTUiKlv/t4z94StiQ
DA:281,1,tlu/mvhKyNuslatNlA7MiA
DA:284,1,E4vfs8BgOcfnN1FEVmrU/w
DA:287,1,gAZaXKCF6UxDQQjoyI53LQ
DA:291,1,EGWfWxdvUIpQXBZAlflecw
DA:293,1,NrTYABv6Qkk9qtLTdlf/kg
DA:294,1,lQZwNfkAA5l9y7mnGH8tOQ
DA:295,1,RZePgU/nrtsmx5hhvCAdNw
DA:298,1,keIQi17u7uef7jx1P9YjJg
DA:299,1,jYe7Be++sAhjyzK50TZYKQ
DA:304,1,L8fo5cMvy9yuAt/hfczGQw
DA:305,1,H/KN37eMObNYF8CZmPQG7w
DA:306,1,J3JfPOEuiWkfi8VogUQvag
DA:307,1,yCiepPs/cihhBaesic1JYw
DA:308,1,gDAI4KP9sFtMafouP+xarA
DA:310,1,AZRlX5fvudHODHI9kSkc7A
DA:311,1,KPUhNrUklnNiR5DAVxTIOg
DA:312,1,F+2r4okbzDyUiCT/bFI0jg
DA:313,1,zTeq2PsqyptwOeWMoex10w
DA:314,1,pb8QfO9oHsllmRHXbUxhGA
DA:315,1,ZKPwL0NXVfhOKFZWcZStlQ
DA:318,1,hMbxTalklZop9cpDa3BD1w
DA:319,1,z50d1YagVnkUwxyKFr91Dw
DA:324,1,L8fo5cMvy9yuAt/hfczGQw
DA:325,1,q+rqasIu/V1meVioJc+R+Q
DA:326,1,5pDvQJP7Izf41HjFSeZp/A
DA:327,1,WMF+AQ9sAVBb+t8Ioy1kwg
DA:330,1,gDAI4KP9sFtMafouP+xarA
DA:332,1,CfLUfGgI1cxJsXl0jg/Dfw
DA:333,1,KPUhNrUklnNiR5DAVxTIOg
DA:334,1,F+2r4okbzDyUiCT/bFI0jg
DA:335,1,zTeq2PsqyptwOeWMoex10w
DA:336,1,FNORWZLZR0Ba3Pv6QEy1PA
DA:337,1,4SjePuxip3w4ovUiwimrBw
DA:338,1,6rCm1mpkbidz32CZ3ujKaA
DA:339,1,ZKPwL0NXVfhOKFZWcZStlQ
DA:342,1,viL16zgvXxSbofce72pNmA
DA:345,1,zfmxfGSx8LULi/BIUFYcMw
DA:347,1,vxPUaEOnF5h6C9u4d2TR2Q
DA:348,1,3LI3iI/CmLKy1mf/SwCMxg
DA:351,1,C4y7OtH/fwp5Dn3cT22upw
DA:353,1,39NKYgTJMt66sdl4VkMBqA
DA:354,1,2lP43c5d4qQYE/ArnZqyhw
DA:355,1,FxOyVvt2nKCqyHcruVgWZw
DA:356,1,9S/VbG2mWnaNCPEa90vWQQ
DA:357,1,Fkhv9V5jHPxvJpE9LinHdA
DA:358,1,dcjP4Fb+Y8P7FatTdXS7rQ
DA:361,1,OvxIcWwE02HMxLAA0dvJZQ
DA:363,1,39NKYgTJMt66sdl4VkMBqA
DA:364,1,2lP43c5d4qQYE/ArnZqyhw
DA:365,1,AVoY+cD25+le861M6n/5Hw
DA:366,1,xGMmuNNFTt6p+2GaoL3LiA
DA:371,1,qFohXr+zJIuDF1MK7RY6tg
DA:373,1,zPzOk5hiSftqx9JWxUDWag
DA:374,1,pq8dqDXw4Du3g1+hFhDenA
DA:376,1,39NKYgTJMt66sdl4VkMBqA
DA:377,1,2lP43c5d4qQYE/ArnZqyhw
DA:378,1,n0KaJ0Bl5cUxyVlkB/qAqQ
DA:379,1,9S/VbG2mWnaNCPEa90vWQQ
DA:380,1,0etZjU4BjD+E7q3YSubtPw
DA:381,1,aIOTM+VvbIPdavszIoXA0g
DA:384,1,qF1J9W1v7LCHU7nf2avw6A
DA:387,1,Gf9PsnAW+dNm7AUriywQxw
DA:388,1,UWrrQYD6kb+6r9ABKncUfQ
DA:392,1,39NKYgTJMt66sdl4VkMBqA
DA:393,1,2lP43c5d4qQYE/ArnZqyhw
DA:395,1,E2jWqUsl8Jf8xvnmcYWebQ
DA:396,1,9S/VbG2mWnaNCPEa90vWQQ
DA:397,1,DavOEbAUSdSEHLbk/K1zeA
DA:398,1,xS/yEU790asmVNfipiAECA
DA:401,1,nA593BydGXBf1erXuo4YIQ
[...]
DA:592,1,W5K/OAEwT6C5lMzl2NZLtA
DA:593,1,4S79ITDrS6uceaKNcNKOLA
DA:594,1,mcNK80HwimNb5yMrdHt+Zg
DA:598,1,Y6xsxJXG7tGy5gKpoq9oPA
DA:600,1,TGUpZ03F0g0zGIy+v7AnFQ
DA:601,1,RQYZ5bEHRTqsJWELVXtVJw
DA:605,1,mXNobSCf3EOwPlQWhhcYsA
DA:607,1,WWvdkHO/DpPa8h+Bc9y9Cg
DA:608,1,dquiAd0b6I3SPuVFJDK09w
DA:614,1,eVFFe2TJ9grxsn3Ma9iIVg
DA:615,1,/ReTwqY8mIyijnD6weoAcQ
DA:616,1,i3AMntyx1PeMT3nmMdQcAQ
DA:617,1,zO27oFsl49z6BKX7/moBZA
DA:620,1,t2JiKPfMNcPOCAn9PLPQ5w
DA:622,1,nZ3qcX9m/bmoq+14EZ0lyg
DA:623,1,P3J7gOj9mhkhvuIBVue2dA
DA:626,1,C1XwgjPWlZkNXo7hZCw8Og
DA:628,1,pC/ZbgsdiQwFZiCe0DHG4Q
DA:635,1,dz549XOvyWm0ma10Hf0uVg
DA:636,1,dSFI1S0al49yLJcfzutxzQ
DA:637,1,/K6ymwiSeXigglqBQOh0bA
DA:638,1,Kr1CV2sXVMRTUIohOQGd7g
DA:641,1,14Vlf/ogOkEUhrp2y2bEgA
DA:642,1,sEzJ8183YeERsSPIzZwwvA
DA:643,1,ABYaI4/g+RMpPyWKOtBU6Q
DA:646,1,HHURDWPL3PtPO2xY1w7fog
DA:647,1,/A6IgJwCtb0C2Uwl1r22Jg
DA:648,1,zEhTAn2ZPBwL64sbr19e8A
DA:650,1,1Ru2B/OgkIFTqqewXzzCIw
DA:651,1,ZlaD93UvBFkXxM5Sqz8D6g
DA:652,1,gAK6p/kkzNuu6bpLkVNdmQ
DA:655,1,BJfASFDPcQkmUKbg9upztQ
DA:659,1,3vK9SaocJFYd5cPBw+s+kg
DA:660,1,xFTeZDJbo/uuwaKAk3f6eA
DA:663,1,Qp2DbDtp/m6hBE5Gpt9K7w
DA:664,1,KzRq+Fv/IHGJivJ3dp/qvA
DA:665,1,e7oUafOe0jD0Z/ezpMw71Q
DA:667,1,yskL7Bwh6C0ZP2/TPcgZFQ
DA:668,1,bbEJ1bv7uBfDZVDaFwPMBg
DA:669,1,t5VYV9Cr0UQVFU/Qylr9GA
DA:671,1,xbjoLuQTuDREi1DtYcaHcA
DA:672,1,MesZLgWgJpsZaxUGfcfvaA
DA:674,1,JplailjcGtvl/onCpDCsvw
DA:675,1,aTCvVqhdrKJUYdRsuWbyTQ
DA:677,1,lWrcUx7JMObAglnTao262w
DA:678,1,VjzpxDjftIHFNyFfv8A+qg
DA:679,1,+5fRRIgxMVxtErfr1mGi5Q
DA:681,1,AfCVljTg+vPoad9KzKdNSA
DA:682,1,8BF5C86Zd1/0C4Xmc2r4Xg
DA:683,1,3Ooqhsfxwi26TuCxjqvBBA
DA:684,1,6X3kxZHaqGJ4MhKCw2TAYg
DA:687,1,cSGdQBP9AqCMLNpm7Y+E5A
DA:689,1,jVDdRMTsIG47jEXYagjKkw
DA:696,1,waVHt9Wge+kXyS/K2Zzqcw
DA:697,1,l1rlCM6yaK4uWgUcvzbauw
DA:698,1,RjQI8D9wi8Wy8an0WgruQQ
DA:699,1,74oOup5PMk3UKg+gg/A98Q
DA:700,1,2tRujee+v63ZzxSo0i3Pxw
DA:701,1,slUzxhtj0bgapw1psB8jYg
DA:611,0,aDEYJdEtUvRM01H5FC3UWQ
LF:311
LH:310
end_of_record
TN:
SF:test_mt.py
DA:23,1,1+9wdnNK6ERHmSA06tdyPQ
DA:27,1,SBIVa46ruUlbQMArqP45lw
DA:28,1,IWWjrCeOtk8NNtrE95++2g
DA:29,1,6EqVyswJtxIE+9LVqyxOlA
DA:30,1,yhIYRqQnfq4fsWur39Xa2w
DA:33,1,8G1ZtARlvdb1UI0qsRI0sg
DA:34,1,wAuH8CnpC1TN8GJD/+O+4Q
DA:35,1,zcb9BdA8LJ/nTEB3w6VEGg
DA:36,1,xHT8jkIluGP5fCWTvpNcUQ
DA:37,1,hil9G0qjhnQRUnO/mt3AyQ
DA:38,1,RNdBicwN0Uzsao+OBPkV5Q
DA:39,1,PB7wK4EJ9qABffYhV74KGQ
DA:40,1,rcKvgQjxcZpU4HWzjsAIZQ
DA:41,1,hpJrl4e12ag4+qb5mzEWYw
DA:45,1,1Of7dbhBioUoADEUlfFcFg
DA:46,1,H1fLgNPWeYFw1R5FJDZBkQ
DA:47,1,cj7WQSgxyIeX+nk/JJ8YSQ
DA:48,1,3wy6JkKRsdw654ZD8tqpyg
DA:50,1,y0H8EtCjlziwLqbIpVwTGQ
DA:51,1,kXqpzFKBX6nqiKah976Hnw
DA:52,1,cWIrr8Phb8SeykqMTK632w
DA:53,1,G3XdUTF7O4Aps5YYbyGU3A
DA:55,1,9pwptvdcucNQL4NCBhfJQQ
DA:56,1,44vPRZHxQkxmRL/J3oDsEA
DA:57,1,bxZJJFK9lX99EdkuPLqAnQ
DA:58,1,HzI4nkDD41h2AhiPP4DyrA
DA:60,1,9JfLAwEOWj+tGeWxf1GE0Q
DA:61,1,wKb//iJdXP5eIlUCfC7/mA
DA:62,1,AuOMegCYchT6twjkDW2jEQ
DA:63,1,jIV5uTBndtNPibh/IT0enw
DA:65,1,v9nyuGWjdYBvPuTDe7hXBw
DA:66,1,Z7hobR+ncKp99LNp3tKbww
DA:67,1,XeWQvh1BECiatoTfG9/OsA
DA:68,1,yq2J82X6zLfElDusYHogfA
DA:69,1,djlFDNfRC4C+Xww9tmQ5zg
DA:70,1,GNFTr8p6qEh4uZ6eXLf2sw
DA:72,1,eF+kzLD8i8G/u2FUWIcZpA
DA:73,1,bbF9vgXScyjVn1KSb5rnOw
DA:74,1,yjRX2XDXd7anhgdF5PYVeA
DA:75,1,yq2J82X6zLfElDusYHogfA
DA:76,1,AIRGLvp9FKeUtXSCqrYYUg
DA:77,1,28IFGDKnSCp7Q/of2kpW+g
DA:79,1,gZmaUiksvSft+PL7Y/V+mQ
DA:80,1,By9WWtg4s2MSrqFCcgIRSQ
DA:81,1,vxPUaEOnF5h6C9u4d2TR2Q
DA:82,1,FdfXaf5UDhcm6e9tl2wing
DA:84,1,CeTNyBwIx5VOWkfthUupKA
DA:85,1,n32/4pXS5I7e7uytLSoMSw
DA:86,1,f69PpeRaiO1Gw8ihv3vU3A
DA:87,1,qGbFy3RRMumhtX+GpgYiww
DA:88,1,Cc8OFowd91NIa7NoJLCvoQ
DA:90,1,yrpKOC/OWF84/0yc7axtXw
DA:92,1,jXsxkWdRMfHJqarHfdiYHg
DA:93,1,eHxnCc8EIcgIFuiOOZWkTQ
DA:94,1,r/K7q9TQQznDEvzm7luUcA
DA:95,1,/bYDSCwu86yiXmuh1boqXw
DA:97,1,aj19RxBWI99W9qy1NPT93w
DA:99,1,jXsxkWdRMfHJqarHfdiYHg
DA:100,1,mUaEtj9W89JnUzmIKMsJiA
DA:101,1,SPMI4AnSY722JJj1F9I1Lw
DA:103,1,scXYkdX6MH5GapWzWa/J3w
DA:105,1,Txlrl1/29cbsarRzMFGkFw
DA:106,1,DVHqBXnSihfbA1hgFLagLg
DA:107,1,gzq4ZKArMFG6G9QMvkDKww
DA:108,1,g5otebsrjzlUzMuRQqAJNQ
DA:111,1,X0sptTGRX4tHApBRQy6MpA
DA:112,1,TOCLYD/3hZdtGnctDW/sVg
DA:113,1,JHbigR5JGN8G9Df/0o7OBQ
DA:114,1,++LC7IQq+F/HR0ZnaJ9Y6w
DA:115,1,2S+Y8eb+Y1lQUotm5QlczA
DA:116,1,mnK8hAIDNi5uRoG8mHBhtA
DA:118,1,RX35Ephqnxf/89A7t5CAzA
DA:120,1,Txlrl1/29cbsarRzMFGkFw
DA:121,1,DVHqBXnSihfbA1hgFLagLg
DA:122,1,gzq4ZKArMFG6G9QMvkDKww
DA:123,1,g5otebsrjzlUzMuRQqAJNQ
DA:126,1,4IWOlSt+VOlOAoqID5CEHQ
DA:127,1,yFvrO3RCAmKafbPL+XGfPQ
DA:128,1,xxLmmRFgg5bfBRVme7nWKQ
DA:129,1,IpiIEKKVuXWJ5Vz4zCKG1w
LF:79
LH:79
end_of_record
TN:
SF:test_plot.py
DA:23,1,1+9wdnNK6ERHmSA06tdyPQ
DA:27,1,IWWjrCeOtk8NNtrE95++2g
DA:28,1,z7Sl8Z7K1nKSoitAGAKt3Q
DA:29,1,H6Ih3lhVTepkL/uzTHkubA
DA:32,1,INmMd1mUu6ev0Ydt3v72TA
DA:33,1,FAMdnskppH7fZ2ke8rRFtA
DA:36,1,K5dRGrZSYptTXDjRT1WZ9A
DA:37,1,lQ4KkClTjzQlam4owHgaDQ
DA:44,1,iK3sRXB7SYgI9L/T88Rk7g
DA:45,1,OmnzsYuprCyKpmBhrGiL2g
DA:48,1,pFLGRASHF08pI8ahWD84PA
DA:49,1,U364qx0GKYc18xuVLRS+Nw
DA:57,1,hbhNJx4ugLuTiYc1YB/fcQ
DA:58,1,U5kwWK8CGZ1KIH2JfmqNtg
DA:59,1,7jOrKYNs8cETtKgHWOniUQ
DA:60,1,fNriV/mTkwWZrYEWpVyGow
DA:62,1,oL2Z7KTpGaK/xjzLb8xRtg
DA:63,1,mZq9lWRg2W+QwQmb/n28Sg
DA:66,1,wp72mRT9nf5wXVra5jMm2A
DA:67,1,OmnzsYuprCyKpmBhrGiL2g
DA:70,1,ME8aLVc982p2VKhfaZ0TjQ
DA:71,1,oL2Z7KTpGaK/xjzLb8xRtg
DA:72,1,2vMM5yjMYsLjqUEhVCdnkA
DA:75,1,njVDnTaZcoH8NH5OK3WbuA
DA:76,1,OmnzsYuprCyKpmBhrGiL2g
DA:79,1,Ci1XaqX6VkbxICr2kG1Vew
DA:82,1,+sX/Sdri3icjfvIubFBhSw
DA:83,1,Q76EuAZv5CUY9wfHCQnBRw
DA:84,1,1wAGe4mAIkhRAyYmgwCRrA
DA:85,1,jWC9j8R83aFTvgiFzv6weQ
DA:86,1,gAuHWhaDC3hIaDa8zCfrog
DA:88,1,OmnzsYuprCyKpmBhrGiL2g
DA:91,1,0AxhNTKTkAnwiS+0xUfBYA
DA:92,1,m6Zh87smI+xk1Os+Ea104w
DA:95,1,WLxWRAcTYkOslcVJY5pQ/Q
DA:96,1,Q76EuAZv5CUY9wfHCQnBRw
DA:97,1,vWlxsrvgatp0T282+/it/g
DA:98,1,DE1gzdD1TQCcP2xc2B6XVw
DA:99,1,6vrXnsQ/0vByORuvI44Q6w
DA:100,1,a2LLtrL8RJ0/BGs8K6etSg
DA:101,1,MmTAa5Nnnwq7R1x5TOPYwg
DA:103,1,OmnzsYuprCyKpmBhrGiL2g
DA:106,1,Ra3iky0CS0pZsOBM6SkR3w
DA:107,1,ggkKO3r5OJ9kW2pYViBL1A
DA:46,0,CeHlkClxpV90KxQqexPBVg
DA:68,0,CeHlkClxpV90KxQqexPBVg
DA:77,0,CeHlkClxpV90KxQqexPBVg
DA:89,0,CeHlkClxpV90KxQqexPBVg
DA:104,0,CeHlkClxpV90KxQqexPBVg
LF:48
LH:43
end_of_record
TN:
SF:test_qc.py
DA:23,1,1+9wdnNK6ERHmSA06tdyPQ
DA:27,1,6EqVyswJtxIE+9LVqyxOlA
DA:28,1,IWWjrCeOtk8NNtrE95++2g
DA:29,1,66OQlDBPcCun/Mv2AGVaTg
DA:32,1,G/Vxz8ONvn+EPEZrutpkYg
DA:45,1,kzuGqAa1SKurk/gWHuCR5w
DA:47,1,yw/+tJMhYHJ1lm2bLjTpEg
DA:49,1,5BY9C46a3YF38wEyE5yANA
DA:52,1,h4o1skuexhp3JJPqznKtOA
DA:55,1,yk0TNmDSSGPPXT44EX5xaA
DA:58,1,yk0TNmDSSGPPXT44EX5xaA
DA:64,1,G/Vxz8ONvn+EPEZrutpkYg
DA:66,1,Rltn8PMbssRDiiSF1XfVsQ
DA:67,1,u++1U+o5/TscovCYKmGEWg
DA:68,1,nVD+55ieLErDppeSD9Htfw
DA:69,1,qitqXRQTlzC4YsyBujo/rg
DA:70,1,nyUFuWwFDXlyE6uld7meng
DA:71,1,uCnu8WGA3+n2SBvyf1QPXg
DA:73,1,acNocvgGEoEYngc6mT15rg
DA:74,1,7HteVt/3UAZv5Sx+XNN0Ow
DA:75,1,0xnIB1Zpi+gaAn0Dn44ehg
DA:79,1,CG4j+dIWBwkXMKJu5tFhdg
DA:80,1,JFsYdHwEmiNdqFLoZra0AQ
DA:81,1,R2lL1EreU1O1qvpzSoswNQ
DA:82,1,yq2J82X6zLfElDusYHogfA
DA:85,1,za5CTma5XKvJw8IUoi2oNg
DA:86,1,DBAlfQDvY1vU4E/yp9crfA
DA:87,1,wcElBhFcvfkNhAFFCkWYbw
DA:88,1,yY+SlZLzTpvUWYFidMKw6A
DA:90,1,9BTGbncKhntNym60wRyNug
DA:91,1,tJ2kLxnnyWFBJPRe7CCLSg
DA:93,1,TQBnGCjt6gfO9QLxpuykmg
DA:94,1,Htc7WXsQGzxWTtWWwAHnig
DA:97,1,j+dFreHKqVanj2Ws63MAeA
DA:98,1,mw/xYvGQwpKXyyuK6jjAJQ
DA:102,1,ckzzHr8YyYeAb6szjHo8HA
DA:103,1,8VJ7zyJy/5NqnL18RJ6MAQ
DA:104,1,XSt1BFIhrPfY5rj5GZ/Vrg
DA:107,1,U9UAe5XNDVJkqTypGpZfFA
DA:108,1,mw/xYvGQwpKXyyuK6jjAJQ
DA:112,1,RMBKLksAC/3f6I1tG4ErdQ
DA:113,1,8VJ7zyJy/5NqnL18RJ6MAQ
DA:114,1,KVEPlA1DE5EPagjMGZGfqQ
DA:117,1,UQKtaDm5CK6MsSKjPcMGRw
DA:118,1,mw/xYvGQwpKXyyuK6jjAJQ
DA:122,1,4JwqlAdHAE2gVI+kEDWPNw
DA:123,1,8VJ7zyJy/5NqnL18RJ6MAQ
DA:124,1,KVEPlA1DE5EPagjMGZGfqQ
DA:127,1,GkkZurKXl7kB/oTMkcgcnA
DA:128,1,mw/xYvGQwpKXyyuK6jjAJQ
DA:132,1,vGuC0+U2asNJRH3ECNo3zA
DA:133,1,8VJ7zyJy/5NqnL18RJ6MAQ
DA:134,1,KVEPlA1DE5EPagjMGZGfqQ
DA:137,1,tYExP8XW6sxB+IHcdp8OXQ
DA:138,1,IJnAi+Gn/UP3svSxl4iVgQ
DA:143,1,mw/xYvGQwpKXyyuK6jjAJQ
DA:147,1,jBeVlkbvCphCoWwAk1VnnA
DA:148,1,8VJ7zyJy/5NqnL18RJ6MAQ
DA:149,1,KVEPlA1DE5EPagjMGZGfqQ
DA:152,1,s8eQT4r2Q66EGHeuGOCZQw
DA:153,1,IJnAi+Gn/UP3svSxl4iVgQ
DA:160,1,mw/xYvGQwpKXyyuK6jjAJQ
DA:165,1,jBeVlkbvCphCoWwAk1VnnA
DA:167,1,8VJ7zyJy/5NqnL18RJ6MAQ
DA:168,1,KVEPlA1DE5EPagjMGZGfqQ
DA:171,1,8rVWfzpWXwuKQzuFP/LOKQ
DA:172,1,RicAWEl/qV1AavOZJyorKA
DA:178,1,mw/xYvGQwpKXyyuK6jjAJQ
DA:183,1,5J6uwbMl2D/jKsIj72OLWw
DA:185,1,8VJ7zyJy/5NqnL18RJ6MAQ
DA:186,1,vHORiNVqbLMbCjBZTNyNmw
DA:189,1,4MbrA4ny3EP0LouW1pcznQ
DA:191,1,mw/xYvGQwpKXyyuK6jjAJQ
DA:198,1,IJnAi+Gn/UP3svSxl4iVgQ
DA:205,1,E51ZgHBtNcNEVeofALbvEA
DA:207,1,7ClYfMqx3ud/8JJ9HAZsLA
DA:210,1,y056F/lfrgAxSzgz8XA20g
DA:212,1,mw/xYvGQwpKXyyuK6jjAJQ
DA:220,1,IJnAi+Gn/UP3svSxl4iVgQ
DA:228,1,XN2xDxt5xLe3Bwg7Matqfg
DA:230,1,t7BB5ckrqi3CpX/L0X8mzA
DA:233,1,pAvU6ZUkJgCSMc/qinlgjA
DA:234,1,L3lJ3Iik3aiEb39hrZWm6g
DA:236,1,Yx6kHseeKHi/YTZ//n+eOA
DA:237,1,8wpDppm7lSZ5hHmfSCKxkQ
DA:240,1,RjXcGhl6bu++kM7jGfw1iw
DA:241,1,fqesEvowCbHbK0iLZzH7uQ
DA:242,1,L3rUZW/Hf36jpjsktdB19w
DA:243,1,clCvpDrJ9HlcI4vTp01nOg
DA:34,0,Rltn8PMbssRDiiSF1XfVsQ
DA:35,0,u++1U+o5/TscovCYKmGEWg
DA:36,0,nVD+55ieLErDppeSD9Htfw
DA:37,0,7HteVt/3UAZv5Sx+XNN0Ow
DA:38,0,wzuqEM6rFHP/ghz1xcxNfQ
DA:40,0,acNocvgGEoEYngc6mT15rg
DA:41,0,7HteVt/3UAZv5Sx+XNN0Ow
DA:42,0,0xnIB1Zpi+gaAn0Dn44ehg
LF:96
LH:88
end_of_record
TN:
SF:test_signal.py
DA:23,1,1+9wdnNK6ERHmSA06tdyPQ
DA:27,1,6EqVyswJtxIE+9LVqyxOlA
DA:28,1,IWWjrCeOtk8NNtrE95++2g
DA:29,1,hUoxCOZmo4cP7gDD+RVhwg
DA:32,1,x5FX5lMDtsJmDcVTFIwCZQ
DA:34,1,Q76EuAZv5CUY9wfHCQnBRw
DA:35,1,rmOolAyEplgZ5gvE7iVjsw
DA:36,1,JgktLULY84EPBZlox1BPhg
DA:37,1,i1ABFGPkkqYoLCta4YauDw
DA:38,1,pS1Rryd/KqNDGLlbveyRPA
DA:39,1,whfiS6BWjA0bKDO5uZjZVg
DA:42,1,NfC2q7ZwIYYzj3gNZDR9HA
DA:44,1,Q76EuAZv5CUY9wfHCQnBRw
DA:45,1,JCTaztojQTKoKneOGPP04Q
DA:46,1,Hd1g1osfF8azmJ+YZ2J3jA
DA:47,1,rmOolAyEplgZ5gvE7iVjsw
DA:48,1,7ZKkI4z1daGs5QdknXpaIA
DA:49,1,hwjuVJxjPF5rYaJ1i9LW1Q
DA:50,1,qZwDL1GgF6WaGc13niIrAA
DA:51,1,whfiS6BWjA0bKDO5uZjZVg
DA:54,1,zMnBvYyyJo0XN+RH95Us4w
DA:56,1,Q76EuAZv5CUY9wfHCQnBRw
DA:57,1,JCTaztojQTKoKneOGPP04Q
DA:58,1,Hd1g1osfF8azmJ+YZ2J3jA
DA:59,1,rmOolAyEplgZ5gvE7iVjsw
DA:60,1,7ZKkI4z1daGs5QdknXpaIA
DA:61,1,jtzeb8qqbbfybVCYMgJvKg
DA:62,1,rID8a/k5RK5l2KMRBYmD7g
DA:63,1,whfiS6BWjA0bKDO5uZjZVg
DA:83,1,OkYkN8iwZSc2mbtT6J1V9A
DA:85,1,Q76EuAZv5CUY9wfHCQnBRw
DA:86,1,1cqx0pLTBps9vO/MryTa0Q
DA:87,1,81tc+PEZbaAMaTTKw/MYzA
DA:88,1,7uybcdIOY+Y80Gk7Xik5uA
DA:91,1,gZJfZDfdhTFHjkdzF3NixA
DA:93,1,Q76EuAZv5CUY9wfHCQnBRw
DA:94,1,HuYJIPCrjsIcXdZXRJ6DFA
DA:95,1,bVWS8OkVnpY795pRbzGm3A
DA:96,1,7uybcdIOY+Y80Gk7Xik5uA
DA:99,1,1uNgY/F0/Femu7M9x6kCZg
DA:101,1,Q76EuAZv5CUY9wfHCQnBRw
DA:102,1,PIjloieykNCPlEJTMByHDg
DA:103,1,xtZjlBxl2O3YoSj8+/syaA
DA:106,1,pYFrD85XHGT4oDwxGU5Leg
DA:108,1,h1dU9a00BpiYRJmYtUbThQ
DA:109,1,sEzJ8183YeERsSPIzZwwvA
DA:110,1,JpTvx7dEJ7+2a3LQQrzhiA
DA:113,1,+pweOlShGBXbbHsg7cEggQ
DA:114,1,WEpwFofuiscSs9TIyr2zuw
DA:115,1,JIdUA22z81bQt3A1hQxIXg
DA:116,1,80QKMC4ciud3THPxxQp0MQ
DA:119,1,95Agk4c1zSEXK0jWg/L28g
DA:120,1,Rltn8PMbssRDiiSF1XfVsQ
DA:121,1,HtXtO11jxYJrlTiAITwcVA
DA:122,1,/7el5ShdqHkIN/pqZtnvRg
DA:123,1,NUmgcP7G3dR5Oq5tTYk4Mw
DA:124,1,gfIiER7FjrbEZb4tCQ0BTg
DA:125,1,iTNPZY4md6+6tQMiGh01Ew
DA:126,1,sNA4q4p5aPT0p2otJJedeA
DA:127,1,5xhuiPmxlSpr9bsn5zjNJw
DA:130,1,FrFgqyY1tPCANxvGoaX2fA
DA:132,1,Rltn8PMbssRDiiSF1XfVsQ
DA:133,1,/7el5ShdqHkIN/pqZtnvRg
DA:134,1,h7G0eM86sEcrsCFxh9sjnA
DA:135,1,JwKQ79OFJQNQMFggIbCpwg
DA:138,1,CPx0pVgpyCz4XiPsfA6UlQ
DA:140,1,MT8+/05+U0DQQk/Qa367Ng
DA:141,1,BoC46D8r8zg6IPOU1Q1Wgg
DA:142,1,/1o3rAxFfX83gx1viOonmw
DA:143,1,wAlOQduUjtoCgt+Ov8BFCQ
DA:144,1,hi2KrfZJ268p8SRdlexd0A
DA:145,1,40i5SS1HBAuXejtNU4DfGQ
DA:146,1,E8buQ53W3LfNw7ftU77NLg
DA:149,1,Kr3ciNW3qII2DS9km9L3Bw
DA:152,1,j+KG1FMmqgPjs1GuPQp5XQ
DA:155,1,cCpyC40yjJD7sr88SXo5sQ
DA:158,1,s0CIUdCw7t7k2OUrYymc7Q
DA:159,1,4KjY2QAhO8xQXIHbx9akow
DA:162,1,H6kRdd2TIM3DHcPIM/0SXQ
DA:163,1,kmgnKzan37CNCHevLojhtg
DA:166,1,H+y5FEKgSTtbKkTIPSiaZQ
DA:168,1,MT8+/05+U0DQQk/Qa367Ng
DA:169,1,BoC46D8r8zg6IPOU1Q1Wgg
DA:170,1,+ZXqn4U7jHY0xK1Di1RwEg
DA:171,1,NXvQ16hAwIC7HPNuNVyyAw
DA:172,1,hi2KrfZJ268p8SRdlexd0A
DA:173,1,40i5SS1HBAuXejtNU4DfGQ
DA:174,1,E8buQ53W3LfNw7ftU77NLg
DA:177,1,Kr3ciNW3qII2DS9km9L3Bw
DA:180,1,xcQ9gCuTFHz+y6mYKaxIRQ
DA:183,1,s0CIUdCw7t7k2OUrYymc7Q
DA:186,1,U5nFwQZr/HST21fEIxqaUA
DA:188,1,MT8+/05+U0DQQk/Qa367Ng
DA:189,1,BoC46D8r8zg6IPOU1Q1Wgg
DA:190,1,jEs+nbjDyIW9eYnJiqYNVA
DA:191,1,xERbRYvArkRq+p5OlAXhog
DA:192,1,hi2KrfZJ268p8SRdlexd0A
DA:193,1,40i5SS1HBAuXejtNU4DfGQ
DA:194,1,E8buQ53W3LfNw7ftU77NLg
DA:197,1,j+KG1FMmqgPjs1GuPQp5XQ
DA:200,1,3aduCIDq/pasXfZBwUyO2A
DA:203,1,H6kRdd2TIM3DHcPIM/0SXQ
DA:204,1,kmgnKzan37CNCHevLojhtg
DA:207,1,1MMyvdVazF68p57+wSX/3w
DA:209,1,MT8+/05+U0DQQk/Qa367Ng
DA:210,1,BoC46D8r8zg6IPOU1Q1Wgg
DA:211,1,H5to0eRhKb9Aojre+L+MiA
DA:212,1,aOmkUl6+WImqySHFWsmFbQ
DA:213,1,q9/bbr5ISRLvhZuseXxO0w
DA:214,1,40i5SS1HBAuXejtNU4DfGQ
DA:215,1,sEzJ8183YeERsSPIzZwwvA
DA:216,1,b9TfMOD2n0hxJZUv5MYMuw
DA:219,1,+PU0SbA8gToAVV0ZOQtOgQ
DA:221,1,K22TmkIFQfJKl512PCUbng
DA:222,1,sRbVedfJQKgI3sb7iTGYnA
DA:223,1,H6UxbOek88itoRrzYsWTQg
DA:224,1,3AxzyB98uyFcr1iw8WRfFw
DA:226,1,oTa+Qcuw3uORLLlHfrmzag
DA:227,1,0gDfMM2kYRoJH8rlTmZ8dA
DA:230,1,Bu4O3EMBC/U4pcSgaQya8g
DA:232,1,+Y7f080HaKKm+9VgaXdZ2A
DA:234,1,LeDnNE3UaWndiTL0fQz+0g
DA:235,1,G3/mOxrZAxsuV92luLy9qg
DA:238,1,D2XjZ35VewT0eLfVMhLyWQ
DA:239,1,Q76EuAZv5CUY9wfHCQnBRw
DA:240,1,07iIAhNRcASqeDF5HHe57w
DA:247,1,yUsl2HkTq8X0vcoe2O+3Cg
DA:255,1,lbOI6SkMDTLhKf8IQHxvtw
DA:256,1,pwLHitBjURbk4Pi8aERChA
DA:259,1,lCwZrf8hLJf5rWmeCjjy/Q
DA:261,1,Q76EuAZv5CUY9wfHCQnBRw
DA:262,1,m5heE+o3iJD2cfhkzTBiwQ
DA:265,1,GYfmlmBxvPyC5U9zOeh+8A
DA:266,1,VLA1sRZev7BzRk652CPGiA
DA:267,1,iNYxr/lUcid016LlL0v7uw
DA:270,1,scUqWiDnUFxTULdfqEESfA
DA:271,1,Q76EuAZv5CUY9wfHCQnBRw
DA:272,1,GYfmlmBxvPyC5U9zOeh+8A
DA:273,1,m5heE+o3iJD2cfhkzTBiwQ
DA:274,1,jP4YSXux6nPul8DW8/v7FA
DA:275,1,JxKumsOhVLvjls5ncX8F6A
DA:278,1,GFNSVR9B35TORHtKrteK/Q
DA:280,1,XO1dkmM21QMmW5quFTAwsQ
DA:281,1,EWTp3QvDi5GirKamjJmTFA
DA:282,1,1rJWNYTzVBN+819FzjblZg
DA:285,1,j5QZyrolEZiKvf0+HcH3iA
DA:287,1,cnxPRkXNLtKD6CasMq6khw
DA:288,1,Uz+LiFXf6BnmVqC7tEAZ7w
DA:289,1,GZ8qcSJaLTOO4qfnasUTdw
DA:290,1,OMifA42++pZXDMG2gPZLKQ
DA:291,1,MrozhHbURMEzFsmOD+IQ+A
DA:292,1,qrJG/pw0eUjd2LHTNpOcpg
DA:293,1,O8JWVhBDBsg0WsaprujAfQ
DA:296,1,k/zfGlXOsIWnktm8PO9fIQ
DA:297,1,cnxPRkXNLtKD6CasMq6khw
DA:298,1,sEzJ8183YeERsSPIzZwwvA
DA:300,1,cWMaYj8xs8Uu2FYe7ZVejw
DA:301,1,sEzJ8183YeERsSPIzZwwvA
DA:303,1,qgZtY4+JsZfSRHDD5XxRdA
DA:304,1,sEzJ8183YeERsSPIzZwwvA
DA:306,1,JH18SweO9060IlagdWXLWQ
DA:309,1,YYa5nBfYoGnkP3FYZCVKPg
DA:310,1,cnxPRkXNLtKD6CasMq6khw
DA:311,1,sEzJ8183YeERsSPIzZwwvA
DA:312,1,8zPiWR/UmanWwOghixFb7w
DA:315,1,CStbmONgmdPAz/g2KDUAEQ
DA:316,1,9ecDpnBJTzTnwuBSnrvJ3Q
DA:323,1,dfkXIF6RTdZh3g23uL0OAw
DA:326,1,NV3nYjleTqdCdyNkLlHyyA
DA:327,1,JDSwSu4LYprKWNfRRupsxA
DA:328,1,0wTtLm4ddeZ+ZCt7e1Pj8Q
DA:331,1,xYljIz6jxn0LrLBIpuIcjA
DA:332,1,I4lrjA+AJ7NzcXvkdJTQTA
DA:333,1,G++YwlugMEeQknylhBmMvw
DA:336,1,j+gO+Lvi0X76b1xS37ihyg
DA:339,1,DncQDr+8wUQp0XU2pkwSiQ
DA:340,1,+w2OcG5eKfGGUlPjAPFVAA
DA:341,1,lfpF5NZnKEdU45p46hLRQQ
DA:344,1,JyX+ltW6ynjdKK9twtH6Lw
DA:345,1,SwPNpj4Vv9J9NwaMvZJ8kw
DA:346,1,zIM5GfN5fCWdZJ/GCmiIWg
DA:349,1,eqMpT0ylL9kDS6A+zlL7Jw
DA:352,1,SwPNpj4Vv9J9NwaMvZJ8kw
DA:353,1,zIM5GfN5fCWdZJ/GCmiIWg
DA:356,1,2M2sf+G5V4+/VGNQaELt5g
DA:357,1,Hr3lkWRLn4XkCsKMD3VFdQ
DA:360,1,47mZPh1y9uc4HtmcMvqXYQ
DA:361,1,3U2M5MXS9x8aD44vvaYEhA
DA:362,1,/L9cNlhYD9w2D2DzrwL02Q
DA:364,1,LTs5SAJQjxVHXgBnxmEfzg
DA:365,1,cjg35uhb35FnaIt8giWqeg
DA:367,1,mkELfrxKz7uLZEU2fblfAw
DA:369,1,C60wWR0hhjwhVoAFkG2kvA
DA:370,1,/YaqkxgrhBmtaQhkVwa22g
DA:373,1,9D9elJvvaF2agRizhLqaqg
DA:374,1,2n9jQ2AiumsHj41Hc6y8jA
DA:377,1,yvf3hJdeeLACrjRuFY5sdw
DA:378,1,I9SrSjtcKgQxOJ17vCM9vw
DA:379,1,POiMoiUoOqIjL3G3MFQXXA
DA:381,1,1r7C5LGrJYgpbt19P5dMFw
DA:383,1,b4TH92nIICLCXXYzSV12qQ
DA:384,1,cC2SW4An8uonaF/oRMBpnA
DA:389,1,dIAqDThVDOA4uR2BbrX1wg
DA:390,1,3U2M5MXS9x8aD44vvaYEhA
DA:391,1,rgOkTJ0ESQtq6IomIGsJPQ
DA:392,1,pi6FIXqyoDJpk9IXVfvSmw
DA:394,1,NzK5tROqxZaRQ3p37Icsaw
DA:395,1,CpukSJSnjm8pGk6hhM6ArQ
LF:207
LH:207
end_of_record
TN:
SF:test_utils.py
DA:23,1,1+9wdnNK6ERHmSA06tdyPQ
DA:27,1,6EqVyswJtxIE+9LVqyxOlA
DA:28,1,IWWjrCeOtk8NNtrE95++2g
DA:29,1,s9EpyfuWV2yn9wqwpP49BQ
DA:32,1,Kg9fvcL5EZC94Sn8y8K/1w
DA:33,1,Q76EuAZv5CUY9wfHCQnBRw
DA:34,1,JCTaztojQTKoKneOGPP04Q
DA:35,1,Hd1g1osfF8azmJ+YZ2J3jA
DA:36,1,s5Z/tzKBJ/8xWs8IPUiTXw
DA:37,1,gprsm6YiCt4oZzDRY8DDDg
DA:38,1,8TLHb3bfhR2/noCOblMNWg
DA:41,1,rKoK8fXgjlfReyWtFL9fNA
DA:42,1,Q76EuAZv5CUY9wfHCQnBRw
DA:43,1,hokD/kPDnXwJtmfSSWvXcQ
DA:44,1,j5yf/afxyxWOAUx1P0wXmA
DA:45,1,jJx6hngqyp38XQ9ci76fFw
DA:46,1,FL747ya2HdFTuRI+OZX1lg
DA:48,1,uVpy5/q34bGoNl23QjXOWw
DA:49,1,2U820Tv3ta/fAZoc4JzALA
DA:51,1,5dfVMmWiEQHO0XcJOwhz6w
DA:52,1,Aua4VBEov2z1wlhNckDP7A
DA:54,1,sEzJ8183YeERsSPIzZwwvA
DA:55,1,qXxH/lyRWXXI4iKjNsCyAg
DA:58,1,roCOItRmEa2rdAcOMMKNhQ
DA:59,1,9zcCdbQyfOzSw3gUz6B4Pg
DA:60,1,33mFWx9dZJAoewQo7CW63w
DA:63,1,w31MRpnWZ8km9Hi6s80RsA
DA:64,1,j6RUNdU8chXc4nhZ8/CSUw
DA:65,1,KtR3lIe3oMt4YgIsVQ35Bg
DA:68,1,XbSqQlr/3lN2EPoZmeetQw
DA:70,1,Lobjl6UOixglqZBXp2q1sQ
DA:73,1,UvoAmPYyxUDNisqkQxPzxQ
DA:76,1,RBWa5ay8duHoM3praidm0w
DA:78,1,Lobjl6UOixglqZBXp2q1sQ
DA:81,1,UvoAmPYyxUDNisqkQxPzxQ
DA:84,1,kq65rtNjB9U2DYDdCNkryg
DA:85,1,E2qibYCEvzYnCODbcEMeog
DA:86,1,RQERW3aaaDmy1MjBb/TYLg
DA:87,1,TaQv3JQs8w9PbFtG64Ag7Q
DA:88,1,wZBYr3wqjYINbEU1MwLG6A
DA:91,1,fWHRbH84uSggPf/h4sdHoQ
DA:92,1,E2qibYCEvzYnCODbcEMeog
DA:93,1,RQERW3aaaDmy1MjBb/TYLg
DA:94,1,xFbvvKdT5M9PlSiaxrYZhw
DA:95,1,GAjTd+teFECvFMAd4tvLMQ
DA:98,1,frou5WVvpKpU+S6IgiqkcQ
DA:99,1,T+7byga7HX4c7CgnCxkldQ
DA:100,1,mJ+MX7WP+rxxppqvQC4y+g
DA:101,1,eCb6xnwWPB+yXRCTJQQ2Sg
DA:102,1,RijJdV1H0FQgXXQdyyNO8g
DA:105,1,e8z6/0ZMrO1tXkLfzvFn+Q
DA:106,1,V01kowyTJYY58dwCK18Ijg
DA:107,1,NhWJ3RWfsGq00QuXrcr00g
DA:108,1,DN97Ao+N90GbmTDvmAwRsQ
DA:109,1,yUfnb43OShcrr74VcBBKIA
DA:112,1,VhwQM//RbycJ2qvrx15WOw
DA:114,1,RvN0MHoyt8EvmuD8iFembg
DA:115,1,PauRtJnj468+gzRXtMxjcQ
DA:116,1,K5FbfpjfQloMF+1eG1J+Ow
DA:117,1,lD/5e6/L2DMIYyBHF3yzRQ
DA:118,1,OKpTPGUVnWWVan6bBlj7fQ
DA:121,1,PqJ4vbnUEVoCCSfpPte75w
DA:123,1,SK8a8+EqG8BKcQ9IYjMBcA
DA:124,1,Ac6BUSQneOUy2hVmgnkmIw
DA:125,1,b7ZEv2d4car6BI2941qN7w
DA:130,1,lD/5e6/L2DMIYyBHF3yzRQ
DA:132,1,VvI2SQDzTzado5i8ppa2TQ
DA:134,1,GqmosBwyaMb4+Qw0dIfTHQ
DA:136,1,McCHi9Y1MmBmTAJJDUT0/g
DA:139,1,T5S2mHWCpG09mEfyPh/sHw
DA:141,1,RvN0MHoyt8EvmuD8iFembg
DA:142,1,wZIFXNshZ1EThE3PULgpNg
DA:143,1,K5FbfpjfQloMF+1eG1J+Ow
DA:144,1,zFD/D7QvgklFZmMFimzHCQ
DA:145,1,K45CkgLyL11tTybW4mWMvg
DA:148,1,+5u8TfvOCvL3Lcggj6yuIw
DA:150,1,5wexYlpg6bTBGWjv0AjR0A
DA:151,1,wZIFXNshZ1EThE3PULgpNg
DA:152,1,1/P1sVEY97SnUd1sAhpSdQ
DA:153,1,lD/5e6/L2DMIYyBHF3yzRQ
DA:154,1,K45CkgLyL11tTybW4mWMvg
DA:157,1,jkrcAgbSUT3jQmStzgzcZg
DA:158,1,0rReDIGXlqL+5KMKfpz1Ng
DA:159,1,y/Z5azL1rMa+2ZFcUKdSfg
DA:160,1,swEU/XTpCjC3kvgaU098CQ
DA:163,1,1Ee2bbOuH/XqrlmAyWU3qw
DA:164,1,fYoT2MN6uduCGlJ1zYq4fA
DA:165,1,d9vIbSjj3Yi6b4NI2qPDeQ
DA:166,1,uTREFE+bwQWmGd1AjQhhTg
DA:167,1,p8GRdqIubT5+EcXewC6ddw
DA:168,1,rSb3WGaHS5RzNPe6Nb+dNQ
DA:169,1,K1o3QIHTEIyssIaGrEbqtQ
DA:170,1,ljstYu7QSXufN3mdzFIojA
DA:173,1,+V2QtqIVldAT/4vufRy8BA
DA:174,1,fYoT2MN6uduCGlJ1zYq4fA
DA:175,1,d9vIbSjj3Yi6b4NI2qPDeQ
DA:176,1,uTREFE+bwQWmGd1AjQhhTg
DA:177,1,p8GRdqIubT5+EcXewC6ddw
DA:178,1,08HGEWnm3EybqcOjVc+Ndg
DA:179,1,Gi6yexVCq8qh7ALbWYCyXw
DA:181,1,Ha3OAZ9qEU7UufUj2d0CIw
DA:182,1,lK98yXs43s6GqgCN/W4Trw
DA:183,1,ZQzN6r/JHzpXTM93SQDdVw
DA:184,1,p1ZPy4d5ECi140EHYLkDfQ
DA:186,1,9V5Jx+6dmV1Mfe+h5zp83w
DA:188,1,ktI0oZgSSKFSkcr1VDSuqg
DA:189,1,K0kMnY1xIPZP/F95pTNeyA
DA:191,1,z5Yu0XMZy+ANB405fQu+pQ
DA:192,1,qMnswayattFRl/EbGyN+mg
DA:195,1,3pnbVgw+8s9aAJ/7jJB5fg
DA:197,1,s+IYxIp8ATMP1u/S2fG+BQ
DA:201,1,G0tLc9wJAcSuHKpy7+Kz0w
DA:202,1,daep9ias9Ew71E/xUtsl4w
DA:206,1,13YaVpP9GbPmT6tRsBScJA
DA:207,1,lbwOlhb1ZzbYxnL55Ajo9g
DA:210,1,ATp0VItMwWHnFD5znn1TWQ
DA:211,1,TKUzaQrQI8tLnABnJOp18A
DA:212,1,uIHuj39JB8mg8tJmYCXRYw
DA:215,1,xNpikJhDJYQ3PsWmVGsqOA
DA:216,1,8MZdCOkcFtlJ3/4RSZ/8qA
DA:217,1,/W+95ytcFZCyDU177Lq8Yw
DA:220,1,QXrmD1+C3rNP5KhieFOVlQ
DA:221,1,Y9gMp2Tl6OPUlgAPhfQAbw
DA:222,1,AjgcyVspHtqZJNt7wYQrhg
DA:225,1,4vJbW2dkdIa//LF5utJlBA
DA:226,1,rF8oAFpAUHBp7NagoOficA
DA:227,1,R3kjlcYy0E0ZNh61V8lEOA
DA:228,1,F6DNG4QffYqOQvvPHZ8j2A
DA:231,1,GvS6wzm30UeBdd+Nrf0ASQ
DA:232,1,W46CQUcfNxQyVDbBwyXVWA
LF:129
LH:129
end_of_record
